[ 2018-08-07T14:28:08+08:00 ] 127.0.0.1 /favicon.ico
INFO: [ app_init ] --START--
INFO: Run Behavior\BuildLiteBehavior [ RunTime:0.000000s ]
INFO: [ app_init ] --END-- [ RunTime:0.000000s ]
ERR: 无法加载模块:Favicon

[ 2018-08-07T15:21:24+08:00 ] 127.0.0.1 /__CONTROLLER__/sign
INFO: [ app_init ] --START--
INFO: Run Behavior\BuildLiteBehavior [ RunTime:0.000000s ]
INFO: [ app_init ] --END-- [ RunTime:0.000000s ]
ERR: 无法加载模块:__CONTROLLER__

[ 2018-08-07T15:27:00+08:00 ] 127.0.0.1 /__CONTROLLER__/sign
INFO: [ app_init ] --START--
INFO: Run Behavior\BuildLiteBehavior [ RunTime:0.000000s ]
INFO: [ app_init ] --END-- [ RunTime:0.000000s ]
ERR: 无法加载模块:__CONTROLLER__

[ 2018-08-07T15:27:05+08:00 ] 127.0.0.1 /__CONTROLLER__/sign
INFO: [ app_init ] --START--
INFO: Run Behavior\BuildLiteBehavior [ RunTime:0.000000s ]
INFO: [ app_init ] --END-- [ RunTime:0.000000s ]
ERR: 无法加载模块:__CONTROLLER__

[ 2018-08-07T15:32:57+08:00 ] 127.0.0.1 /favicon.ico
ERR: 无法加载模块:Favicon

