[2018-08-07 12:25:16] 127.0.0.1 /Back/Main/index
INFO: [ app_init ] --START--
INFO: Run Behavior\BuildLiteBehavior [ RunTime:0.000000s ]
INFO: [ app_init ] --END-- [ RunTime:0.001000s ]

[2018-08-07 12:25:16] 127.0.0.1 /Back/Login/sign
INFO: [ app_init ] --START--
INFO: Run Behavior\BuildLiteBehavior [ RunTime:0.000000s ]
INFO: [ app_init ] --END-- [ RunTime:0.000000s ]
NOTIC: [8] Undefined variable: code D:\phpStudy\WWW\fenxiao\Application\Runtime\Cache\Back\d969c12762d65e2769541579706f2981.php 第 68 行.

[2018-08-07 12:25:16] 127.0.0.1 /Back/Login/verify
INFO: [ app_init ] --START--
INFO: Run Behavior\BuildLiteBehavior [ RunTime:0.000000s ]
INFO: [ app_init ] --END-- [ RunTime:0.000000s ]

[2018-08-07 12:25:28] 127.0.0.1 /Back/Login/login
INFO: [ app_init ] --START--
INFO: Run Behavior\BuildLiteBehavior [ RunTime:0.000000s ]
INFO: [ app_init ] --END-- [ RunTime:0.001000s ]

[2018-08-07 12:25:30] 127.0.0.1 /Back/Login/verify?r=0.29386690565271323
INFO: [ app_init ] --START--
INFO: Run Behavior\BuildLiteBehavior [ RunTime:0.000000s ]
INFO: [ app_init ] --END-- [ RunTime:0.000000s ]

[2018-08-07 12:25:37] 127.0.0.1 /Back/Login/login
INFO: [ app_init ] --START--
INFO: Run Behavior\BuildLiteBehavior [ RunTime:0.000000s ]
INFO: [ app_init ] --END-- [ RunTime:0.000000s ]
NOTIC: [8] Use of undefined constant md5 - assumed 'md5' D:\phpStudy\WWW\fenxiao\ThinkPHP\Common\functions.php 第 588 行.
NOTIC: [8] Undefined index: validate D:\phpStudy\WWW\fenxiao\ThinkPHP\Library\Think\Model.class.php 第 1192 行.
NOTIC: [8] Undefined index: auto D:\phpStudy\WWW\fenxiao\ThinkPHP\Library\Think\Model.class.php 第 1130 行.

[2018-08-07 12:25:37] 127.0.0.1 /Back/Main/index
INFO: [ app_init ] --START--
INFO: Run Behavior\BuildLiteBehavior [ RunTime:0.000000s ]
INFO: [ app_init ] --END-- [ RunTime:0.000000s ]
NOTIC: [8] Use of undefined constant md5 - assumed 'md5' D:\phpStudy\WWW\fenxiao\ThinkPHP\Common\functions.php 第 588 行.

[2018-08-07 12:25:38] 127.0.0.1 /Back/Index/index
INFO: [ app_init ] --START--
INFO: Run Behavior\BuildLiteBehavior [ RunTime:0.000000s ]
INFO: [ app_init ] --END-- [ RunTime:0.001000s ]
NOTIC: [8] Use of undefined constant md5 - assumed 'md5' D:\phpStudy\WWW\fenxiao\ThinkPHP\Common\functions.php 第 588 行.

[2018-08-07 12:25:40] 127.0.0.1 /Back/Main/index
INFO: [ app_init ] --START--
INFO: Run Behavior\BuildLiteBehavior [ RunTime:0.000000s ]
INFO: [ app_init ] --END-- [ RunTime:0.001000s ]
NOTIC: [8] Use of undefined constant md5 - assumed 'md5' D:\phpStudy\WWW\fenxiao\ThinkPHP\Common\functions.php 第 588 行.

[2018-08-07 12:25:40] 127.0.0.1 /Back/Index/index
INFO: [ app_init ] --START--
INFO: Run Behavior\BuildLiteBehavior [ RunTime:0.000000s ]
INFO: [ app_init ] --END-- [ RunTime:0.000000s ]
NOTIC: [8] Use of undefined constant md5 - assumed 'md5' D:\phpStudy\WWW\fenxiao\ThinkPHP\Common\functions.php 第 588 行.

[2018-08-07 12:25:42] 127.0.0.1 /Back/User/index
INFO: [ app_init ] --START--
INFO: Run Behavior\BuildLiteBehavior [ RunTime:0.000000s ]
INFO: [ app_init ] --END-- [ RunTime:0.000000s ]
NOTIC: [8] Use of undefined constant md5 - assumed 'md5' D:\phpStudy\WWW\fenxiao\ThinkPHP\Common\functions.php 第 588 行.

[2018-08-07 12:25:43] 127.0.0.1 /Back/Personal/index
INFO: [ app_init ] --START--
INFO: Run Behavior\BuildLiteBehavior [ RunTime:0.000000s ]
INFO: [ app_init ] --END-- [ RunTime:0.001000s ]
NOTIC: [8] Use of undefined constant md5 - assumed 'md5' D:\phpStudy\WWW\fenxiao\ThinkPHP\Common\functions.php 第 588 行.
NOTIC: [8] Undefined index: a D:\phpStudy\WWW\fenxiao\Application\Runtime\Cache\Back\a880c1a463036abd938bd3d21ca38740.php 第 19 行.

[2018-08-07 12:25:45] 127.0.0.1 /Back/Customer/index
INFO: [ app_init ] --START--
INFO: Run Behavior\BuildLiteBehavior [ RunTime:0.000000s ]
INFO: [ app_init ] --END-- [ RunTime:0.001000s ]
NOTIC: [8] Use of undefined constant md5 - assumed 'md5' D:\phpStudy\WWW\fenxiao\ThinkPHP\Common\functions.php 第 588 行.

[2018-08-07 12:25:46] 127.0.0.1 /Back/Recovery/index
INFO: [ app_init ] --START--
INFO: Run Behavior\BuildLiteBehavior [ RunTime:0.000000s ]
INFO: [ app_init ] --END-- [ RunTime:0.000000s ]
NOTIC: [8] Use of undefined constant md5 - assumed 'md5' D:\phpStudy\WWW\fenxiao\ThinkPHP\Common\functions.php 第 588 行.

[2018-08-07 12:25:59] 127.0.0.1 /Back/Main/index
INFO: [ app_init ] --START--
INFO: Run Behavior\BuildLiteBehavior [ RunTime:0.000000s ]
INFO: [ app_init ] --END-- [ RunTime:0.000000s ]
NOTIC: [8] Use of undefined constant md5 - assumed 'md5' D:\phpStudy\WWW\fenxiao\ThinkPHP\Common\functions.php 第 588 行.

[2018-08-07 12:25:59] 127.0.0.1 /Back/Index/index
INFO: [ app_init ] --START--
INFO: Run Behavior\BuildLiteBehavior [ RunTime:0.000000s ]
INFO: [ app_init ] --END-- [ RunTime:0.000000s ]
NOTIC: [8] Use of undefined constant md5 - assumed 'md5' D:\phpStudy\WWW\fenxiao\ThinkPHP\Common\functions.php 第 588 行.

[2018-08-07 12:26:13] 127.0.0.1 /Back/User/index
INFO: [ app_init ] --START--
INFO: Run Behavior\BuildLiteBehavior [ RunTime:0.000000s ]
INFO: [ app_init ] --END-- [ RunTime:0.000000s ]
NOTIC: [8] Use of undefined constant md5 - assumed 'md5' D:\phpStudy\WWW\fenxiao\ThinkPHP\Common\functions.php 第 588 行.

[2018-08-07 12:26:17] 127.0.0.1 /Back/Customer/index
INFO: [ app_init ] --START--
INFO: Run Behavior\BuildLiteBehavior [ RunTime:0.000000s ]
INFO: [ app_init ] --END-- [ RunTime:0.001000s ]
NOTIC: [8] Use of undefined constant md5 - assumed 'md5' D:\phpStudy\WWW\fenxiao\ThinkPHP\Common\functions.php 第 588 行.

[2018-08-07 12:26:20] 127.0.0.1 /Back/Customer/add
INFO: [ app_init ] --START--
INFO: Run Behavior\BuildLiteBehavior [ RunTime:0.000000s ]
INFO: [ app_init ] --END-- [ RunTime:0.001000s ]
NOTIC: [8] Use of undefined constant md5 - assumed 'md5' D:\phpStudy\WWW\fenxiao\ThinkPHP\Common\functions.php 第 588 行.

[2018-08-07 12:26:32] 127.0.0.1 /Back/Customer/execAdd
INFO: [ app_init ] --START--
INFO: Run Behavior\BuildLiteBehavior [ RunTime:0.000000s ]
INFO: [ app_init ] --END-- [ RunTime:0.000000s ]
NOTIC: [8] Use of undefined constant md5 - assumed 'md5' D:\phpStudy\WWW\fenxiao\ThinkPHP\Common\functions.php 第 588 行.
NOTIC: [8] Undefined index: validate D:\phpStudy\WWW\fenxiao\ThinkPHP\Library\Think\Model.class.php 第 1192 行.
NOTIC: [8] Undefined index: auto D:\phpStudy\WWW\fenxiao\ThinkPHP\Library\Think\Model.class.php 第 1130 行.

[2018-08-07 12:26:33] 127.0.0.1 /Back/Customer/index
INFO: [ app_init ] --START--
INFO: Run Behavior\BuildLiteBehavior [ RunTime:0.000000s ]
INFO: [ app_init ] --END-- [ RunTime:0.001000s ]
NOTIC: [8] Use of undefined constant md5 - assumed 'md5' D:\phpStudy\WWW\fenxiao\ThinkPHP\Common\functions.php 第 588 行.

[2018-08-07 12:26:37] 127.0.0.1 /Back/Login/login_out
INFO: [ app_init ] --START--
INFO: Run Behavior\BuildLiteBehavior [ RunTime:0.000000s ]
INFO: [ app_init ] --END-- [ RunTime:0.001000s ]
NOTIC: [8] Undefined variable: token D:\phpStudy\WWW\fenxiao\Application\Back\Controller\LoginController.class.php 第 148 行.

[2018-08-07 12:26:37] 127.0.0.1 /Back/Login/sign
INFO: [ app_init ] --START--
INFO: Run Behavior\BuildLiteBehavior [ RunTime:0.000000s ]
INFO: [ app_init ] --END-- [ RunTime:0.000000s ]
NOTIC: [8] Undefined variable: code D:\phpStudy\WWW\fenxiao\Application\Runtime\Cache\Back\d969c12762d65e2769541579706f2981.php 第 68 行.

[2018-08-07 12:26:38] 127.0.0.1 /Back/Login/verify
INFO: [ app_init ] --START--
INFO: Run Behavior\BuildLiteBehavior [ RunTime:0.000000s ]
INFO: [ app_init ] --END-- [ RunTime:0.000000s ]

[2018-08-07 12:26:49] 127.0.0.1 /Back/Login/login
INFO: [ app_init ] --START--
INFO: Run Behavior\BuildLiteBehavior [ RunTime:0.000000s ]
INFO: [ app_init ] --END-- [ RunTime:0.000000s ]
NOTIC: [8] Use of undefined constant md5 - assumed 'md5' D:\phpStudy\WWW\fenxiao\ThinkPHP\Common\functions.php 第 588 行.
NOTIC: [8] Undefined index: validate D:\phpStudy\WWW\fenxiao\ThinkPHP\Library\Think\Model.class.php 第 1192 行.
NOTIC: [8] Undefined index: auto D:\phpStudy\WWW\fenxiao\ThinkPHP\Library\Think\Model.class.php 第 1130 行.

[2018-08-07 12:26:50] 127.0.0.1 /Back/Main/index
INFO: [ app_init ] --START--
INFO: Run Behavior\BuildLiteBehavior [ RunTime:0.000000s ]
INFO: [ app_init ] --END-- [ RunTime:0.000000s ]
NOTIC: [8] Use of undefined constant md5 - assumed 'md5' D:\phpStudy\WWW\fenxiao\ThinkPHP\Common\functions.php 第 588 行.

[2018-08-07 12:26:50] 127.0.0.1 /Back/Index/index
INFO: [ app_init ] --START--
INFO: Run Behavior\BuildLiteBehavior [ RunTime:0.000000s ]
INFO: [ app_init ] --END-- [ RunTime:0.001000s ]
NOTIC: [8] Use of undefined constant md5 - assumed 'md5' D:\phpStudy\WWW\fenxiao\ThinkPHP\Common\functions.php 第 588 行.

[2018-08-07 12:26:53] 127.0.0.1 /Back/Index/index
INFO: [ app_init ] --START--
INFO: Run Behavior\BuildLiteBehavior [ RunTime:0.000000s ]
INFO: [ app_init ] --END-- [ RunTime:0.000000s ]
NOTIC: [8] Use of undefined constant md5 - assumed 'md5' D:\phpStudy\WWW\fenxiao\ThinkPHP\Common\functions.php 第 588 行.

[2018-08-07 12:26:56] 127.0.0.1 /Back/User/index
INFO: [ app_init ] --START--
INFO: Run Behavior\BuildLiteBehavior [ RunTime:0.000000s ]
INFO: [ app_init ] --END-- [ RunTime:0.001000s ]
NOTIC: [8] Use of undefined constant md5 - assumed 'md5' D:\phpStudy\WWW\fenxiao\ThinkPHP\Common\functions.php 第 588 行.

[2018-08-07 12:27:00] 127.0.0.1 /Back/Role/index
INFO: [ app_init ] --START--
INFO: Run Behavior\BuildLiteBehavior [ RunTime:0.000000s ]
INFO: [ app_init ] --END-- [ RunTime:0.001000s ]
NOTIC: [8] Use of undefined constant md5 - assumed 'md5' D:\phpStudy\WWW\fenxiao\ThinkPHP\Common\functions.php 第 588 行.

[2018-08-07 12:27:02] 127.0.0.1 /Back/Role/update?id=2
INFO: [ app_init ] --START--
INFO: Run Behavior\BuildLiteBehavior [ RunTime:0.000000s ]
INFO: [ app_init ] --END-- [ RunTime:0.000000s ]
NOTIC: [8] Use of undefined constant md5 - assumed 'md5' D:\phpStudy\WWW\fenxiao\ThinkPHP\Common\functions.php 第 588 行.

[2018-08-07 12:27:15] 127.0.0.1 /Back/Role/execUate
INFO: [ app_init ] --START--
INFO: Run Behavior\BuildLiteBehavior [ RunTime:0.000000s ]
INFO: [ app_init ] --END-- [ RunTime:0.000000s ]
NOTIC: [8] Use of undefined constant md5 - assumed 'md5' D:\phpStudy\WWW\fenxiao\ThinkPHP\Common\functions.php 第 588 行.
NOTIC: [8] Undefined index: validate D:\phpStudy\WWW\fenxiao\ThinkPHP\Library\Think\Model.class.php 第 1192 行.
NOTIC: [8] Undefined index: auto D:\phpStudy\WWW\fenxiao\ThinkPHP\Library\Think\Model.class.php 第 1130 行.

[2018-08-07 12:27:16] 127.0.0.1 /Back/Role/index
INFO: [ app_init ] --START--
INFO: Run Behavior\BuildLiteBehavior [ RunTime:0.000000s ]
INFO: [ app_init ] --END-- [ RunTime:0.001000s ]
NOTIC: [8] Use of undefined constant md5 - assumed 'md5' D:\phpStudy\WWW\fenxiao\ThinkPHP\Common\functions.php 第 588 行.

[2018-08-07 12:27:19] 127.0.0.1 /Back/Login/login_out
INFO: [ app_init ] --START--
INFO: Run Behavior\BuildLiteBehavior [ RunTime:0.000000s ]
INFO: [ app_init ] --END-- [ RunTime:0.001000s ]
NOTIC: [8] Undefined variable: token D:\phpStudy\WWW\fenxiao\Application\Back\Controller\LoginController.class.php 第 148 行.

[2018-08-07 12:27:19] 127.0.0.1 /Back/Login/sign
INFO: [ app_init ] --START--
INFO: Run Behavior\BuildLiteBehavior [ RunTime:0.000000s ]
INFO: [ app_init ] --END-- [ RunTime:0.000000s ]
NOTIC: [8] Undefined variable: code D:\phpStudy\WWW\fenxiao\Application\Runtime\Cache\Back\d969c12762d65e2769541579706f2981.php 第 68 行.

[2018-08-07 12:27:19] 127.0.0.1 /Back/Login/verify
INFO: [ app_init ] --START--
INFO: Run Behavior\BuildLiteBehavior [ RunTime:0.000000s ]
INFO: [ app_init ] --END-- [ RunTime:0.001000s ]

[2018-08-07 12:27:30] 127.0.0.1 /Back/Login/login
INFO: [ app_init ] --START--
INFO: Run Behavior\BuildLiteBehavior [ RunTime:0.000000s ]
INFO: [ app_init ] --END-- [ RunTime:0.001000s ]
NOTIC: [8] Use of undefined constant md5 - assumed 'md5' D:\phpStudy\WWW\fenxiao\ThinkPHP\Common\functions.php 第 588 行.
NOTIC: [8] Undefined index: validate D:\phpStudy\WWW\fenxiao\ThinkPHP\Library\Think\Model.class.php 第 1192 行.
NOTIC: [8] Undefined index: auto D:\phpStudy\WWW\fenxiao\ThinkPHP\Library\Think\Model.class.php 第 1130 行.

[2018-08-07 12:27:31] 127.0.0.1 /Back/Main/index
INFO: [ app_init ] --START--
INFO: Run Behavior\BuildLiteBehavior [ RunTime:0.000000s ]
INFO: [ app_init ] --END-- [ RunTime:0.000000s ]
NOTIC: [8] Use of undefined constant md5 - assumed 'md5' D:\phpStudy\WWW\fenxiao\ThinkPHP\Common\functions.php 第 588 行.

[2018-08-07 12:27:31] 127.0.0.1 /Back/Index/index
INFO: [ app_init ] --START--
INFO: Run Behavior\BuildLiteBehavior [ RunTime:0.000000s ]
INFO: [ app_init ] --END-- [ RunTime:0.000000s ]
NOTIC: [8] Use of undefined constant md5 - assumed 'md5' D:\phpStudy\WWW\fenxiao\ThinkPHP\Common\functions.php 第 588 行.

[2018-08-07 12:28:11] 127.0.0.1 /Back/Customer/index
INFO: [ app_init ] --START--
INFO: Run Behavior\BuildLiteBehavior [ RunTime:0.000000s ]
INFO: [ app_init ] --END-- [ RunTime:0.001000s ]
NOTIC: [8] Use of undefined constant md5 - assumed 'md5' D:\phpStudy\WWW\fenxiao\ThinkPHP\Common\functions.php 第 588 行.

[2018-08-07 12:28:14] 127.0.0.1 /Back/Customer/update?id=5
INFO: [ app_init ] --START--
INFO: Run Behavior\BuildLiteBehavior [ RunTime:0.000000s ]
INFO: [ app_init ] --END-- [ RunTime:0.001000s ]
NOTIC: [8] Use of undefined constant md5 - assumed 'md5' D:\phpStudy\WWW\fenxiao\ThinkPHP\Common\functions.php 第 588 行.

[2018-08-07 12:28:25] 127.0.0.1 /Back/Customer/index
INFO: [ app_init ] --START--
INFO: Run Behavior\BuildLiteBehavior [ RunTime:0.000000s ]
INFO: [ app_init ] --END-- [ RunTime:0.001000s ]
NOTIC: [8] Use of undefined constant md5 - assumed 'md5' D:\phpStudy\WWW\fenxiao\ThinkPHP\Common\functions.php 第 588 行.

[2018-08-07 12:28:26] 127.0.0.1 /Back/Customer/add
INFO: [ app_init ] --START--
INFO: Run Behavior\BuildLiteBehavior [ RunTime:0.000000s ]
INFO: [ app_init ] --END-- [ RunTime:0.000000s ]
NOTIC: [8] Use of undefined constant md5 - assumed 'md5' D:\phpStudy\WWW\fenxiao\ThinkPHP\Common\functions.php 第 588 行.

[2018-08-07 12:32:46] 127.0.0.1 /Back/Main/index
INFO: [ app_init ] --START--
INFO: Run Behavior\BuildLiteBehavior [ RunTime:0.000000s ]
INFO: [ app_init ] --END-- [ RunTime:0.000000s ]
NOTIC: [8] Use of undefined constant md5 - assumed 'md5' D:\phpStudy\WWW\fenxiao\ThinkPHP\Common\functions.php 第 588 行.

[2018-08-07 12:32:47] 127.0.0.1 /Back/Index/index
INFO: [ app_init ] --START--
INFO: Run Behavior\BuildLiteBehavior [ RunTime:0.000000s ]
INFO: [ app_init ] --END-- [ RunTime:0.000000s ]
NOTIC: [8] Use of undefined constant md5 - assumed 'md5' D:\phpStudy\WWW\fenxiao\ThinkPHP\Common\functions.php 第 588 行.

[2018-08-07 12:32:48] 127.0.0.1 /Back/line/index?state=1
INFO: [ app_init ] --START--
INFO: Run Behavior\BuildLiteBehavior [ RunTime:0.000000s ]
INFO: [ app_init ] --END-- [ RunTime:0.000000s ]
NOTIC: [8] Use of undefined constant md5 - assumed 'md5' D:\phpStudy\WWW\fenxiao\ThinkPHP\Common\functions.php 第 588 行.
NOTIC: [8] Undefined index: cid D:\phpStudy\WWW\fenxiao\Application\Back\Controller\LineController.class.php 第 35 行.

[2018-08-07 12:32:52] 127.0.0.1 /Back/Customer/index
INFO: [ app_init ] --START--
INFO: Run Behavior\BuildLiteBehavior [ RunTime:0.000000s ]
INFO: [ app_init ] --END-- [ RunTime:0.001000s ]
NOTIC: [8] Use of undefined constant md5 - assumed 'md5' D:\phpStudy\WWW\fenxiao\ThinkPHP\Common\functions.php 第 588 行.

[2018-08-07 12:32:54] 127.0.0.1 /Back/Customer/update?id=4
INFO: [ app_init ] --START--
INFO: Run Behavior\BuildLiteBehavior [ RunTime:0.000000s ]
INFO: [ app_init ] --END-- [ RunTime:0.000000s ]
NOTIC: [8] Use of undefined constant md5 - assumed 'md5' D:\phpStudy\WWW\fenxiao\ThinkPHP\Common\functions.php 第 588 行.

[2018-08-07 12:33:18] 127.0.0.1 /Back/Customer/index
INFO: [ app_init ] --START--
INFO: Run Behavior\BuildLiteBehavior [ RunTime:0.000000s ]
INFO: [ app_init ] --END-- [ RunTime:0.001000s ]
NOTIC: [8] Use of undefined constant md5 - assumed 'md5' D:\phpStudy\WWW\fenxiao\ThinkPHP\Common\functions.php 第 588 行.

[2018-08-07 12:33:23] 127.0.0.1 /Back/Line/index?state=1
INFO: [ app_init ] --START--
INFO: Run Behavior\BuildLiteBehavior [ RunTime:0.000000s ]
INFO: [ app_init ] --END-- [ RunTime:0.001000s ]
NOTIC: [8] Use of undefined constant md5 - assumed 'md5' D:\phpStudy\WWW\fenxiao\ThinkPHP\Common\functions.php 第 588 行.
NOTIC: [8] Undefined index: cid D:\phpStudy\WWW\fenxiao\Application\Back\Controller\LineController.class.php 第 35 行.

[2018-08-07 12:33:24] 127.0.0.1 /Back/Money/index
INFO: [ app_init ] --START--
INFO: Run Behavior\BuildLiteBehavior [ RunTime:0.000000s ]
INFO: [ app_init ] --END-- [ RunTime:0.000000s ]
NOTIC: [8] Use of undefined constant md5 - assumed 'md5' D:\phpStudy\WWW\fenxiao\ThinkPHP\Common\functions.php 第 588 行.

[2018-08-07 12:33:25] 127.0.0.1 /Back/Line/index?state=1
INFO: [ app_init ] --START--
INFO: Run Behavior\BuildLiteBehavior [ RunTime:0.000000s ]
INFO: [ app_init ] --END-- [ RunTime:0.000000s ]
NOTIC: [8] Use of undefined constant md5 - assumed 'md5' D:\phpStudy\WWW\fenxiao\ThinkPHP\Common\functions.php 第 588 行.
NOTIC: [8] Undefined index: cid D:\phpStudy\WWW\fenxiao\Application\Back\Controller\LineController.class.php 第 35 行.

[2018-08-07 12:33:27] 127.0.0.1 /Back/Line/censor?id=4&type=edit
INFO: [ app_init ] --START--
INFO: Run Behavior\BuildLiteBehavior [ RunTime:0.000000s ]
INFO: [ app_init ] --END-- [ RunTime:0.000000s ]
NOTIC: [8] Use of undefined constant md5 - assumed 'md5' D:\phpStudy\WWW\fenxiao\ThinkPHP\Common\functions.php 第 588 行.

[2018-08-07 12:33:34] 127.0.0.1 /Back/Login/login_out
INFO: [ app_init ] --START--
INFO: Run Behavior\BuildLiteBehavior [ RunTime:0.000000s ]
INFO: [ app_init ] --END-- [ RunTime:0.000000s ]
NOTIC: [8] Undefined variable: token D:\phpStudy\WWW\fenxiao\Application\Back\Controller\LoginController.class.php 第 148 行.

[2018-08-07 12:33:34] 127.0.0.1 /Back/Login/sign
INFO: [ app_init ] --START--
INFO: Run Behavior\BuildLiteBehavior [ RunTime:0.000000s ]
INFO: [ app_init ] --END-- [ RunTime:0.001000s ]
NOTIC: [8] Undefined variable: code D:\phpStudy\WWW\fenxiao\Application\Runtime\Cache\Back\d969c12762d65e2769541579706f2981.php 第 68 行.

[2018-08-07 12:33:34] 127.0.0.1 /Back/Login/verify
INFO: [ app_init ] --START--
INFO: Run Behavior\BuildLiteBehavior [ RunTime:0.000000s ]
INFO: [ app_init ] --END-- [ RunTime:0.001000s ]

[2018-08-07 12:33:51] 127.0.0.1 /Back/Login/login
INFO: [ app_init ] --START--
INFO: Run Behavior\BuildLiteBehavior [ RunTime:0.000000s ]
INFO: [ app_init ] --END-- [ RunTime:0.001000s ]
NOTIC: [8] Use of undefined constant md5 - assumed 'md5' D:\phpStudy\WWW\fenxiao\ThinkPHP\Common\functions.php 第 588 行.
NOTIC: [8] Undefined index: validate D:\phpStudy\WWW\fenxiao\ThinkPHP\Library\Think\Model.class.php 第 1192 行.
NOTIC: [8] Undefined index: auto D:\phpStudy\WWW\fenxiao\ThinkPHP\Library\Think\Model.class.php 第 1130 行.

[2018-08-07 12:33:51] 127.0.0.1 /Back/Main/index
INFO: [ app_init ] --START--
INFO: Run Behavior\BuildLiteBehavior [ RunTime:0.000000s ]
INFO: [ app_init ] --END-- [ RunTime:0.001000s ]
NOTIC: [8] Use of undefined constant md5 - assumed 'md5' D:\phpStudy\WWW\fenxiao\ThinkPHP\Common\functions.php 第 588 行.

[2018-08-07 12:33:51] 127.0.0.1 /Back/Index/index
INFO: [ app_init ] --START--
INFO: Run Behavior\BuildLiteBehavior [ RunTime:0.000000s ]
INFO: [ app_init ] --END-- [ RunTime:0.001000s ]
NOTIC: [8] Use of undefined constant md5 - assumed 'md5' D:\phpStudy\WWW\fenxiao\ThinkPHP\Common\functions.php 第 588 行.

[2018-08-07 12:33:53] 127.0.0.1 /Back/line/index
INFO: [ app_init ] --START--
INFO: Run Behavior\BuildLiteBehavior [ RunTime:0.000000s ]
INFO: [ app_init ] --END-- [ RunTime:0.001000s ]
NOTIC: [8] Use of undefined constant md5 - assumed 'md5' D:\phpStudy\WWW\fenxiao\ThinkPHP\Common\functions.php 第 588 行.
NOTIC: [8] Undefined index: cid D:\phpStudy\WWW\fenxiao\Application\Back\Controller\LineController.class.php 第 35 行.

[2018-08-07 12:34:07] 127.0.0.1 /Back/Login/login_out
INFO: [ app_init ] --START--
INFO: Run Behavior\BuildLiteBehavior [ RunTime:0.000000s ]
INFO: [ app_init ] --END-- [ RunTime:0.000000s ]
NOTIC: [8] Undefined variable: token D:\phpStudy\WWW\fenxiao\Application\Back\Controller\LoginController.class.php 第 148 行.

[2018-08-07 12:34:07] 127.0.0.1 /Back/Login/sign
INFO: [ app_init ] --START--
INFO: Run Behavior\BuildLiteBehavior [ RunTime:0.000000s ]
INFO: [ app_init ] --END-- [ RunTime:0.000000s ]
NOTIC: [8] Undefined variable: code D:\phpStudy\WWW\fenxiao\Application\Runtime\Cache\Back\d969c12762d65e2769541579706f2981.php 第 68 行.

[2018-08-07 12:34:07] 127.0.0.1 /Back/Login/verify
INFO: [ app_init ] --START--
INFO: Run Behavior\BuildLiteBehavior [ RunTime:0.000000s ]
INFO: [ app_init ] --END-- [ RunTime:0.000000s ]

