[2018-08-03 10:02:02] 127.0.0.1 /Back/Login/sign
INFO: [ app_init ] --START--
INFO: Run Behavior\BuildLiteBehavior [ RunTime:0.000000s ]
INFO: [ app_init ] --END-- [ RunTime:0.001000s ]
NOTIC: [8] Undefined variable: code D:\phpStudy\WWW\fenxiao\Application\Runtime\Cache\Back\d969c12762d65e2769541579706f2981.php 第 68 行.

[2018-08-03 10:02:03] 127.0.0.1 /Back/Login/verify
INFO: [ app_init ] --START--
INFO: Run Behavior\BuildLiteBehavior [ RunTime:0.000000s ]
INFO: [ app_init ] --END-- [ RunTime:0.000000s ]

[2018-08-03 10:02:17] 127.0.0.1 /Back/Login/login
INFO: [ app_init ] --START--
INFO: Run Behavior\BuildLiteBehavior [ RunTime:0.000000s ]
INFO: [ app_init ] --END-- [ RunTime:0.001000s ]
NOTIC: [8] Use of undefined constant md5 - assumed 'md5' D:\phpStudy\WWW\fenxiao\ThinkPHP\Common\functions.php 第 588 行.
NOTIC: [8] Undefined index: validate D:\phpStudy\WWW\fenxiao\ThinkPHP\Library\Think\Model.class.php 第 1192 行.
NOTIC: [8] Undefined index: auto D:\phpStudy\WWW\fenxiao\ThinkPHP\Library\Think\Model.class.php 第 1130 行.

[2018-08-03 10:02:17] 127.0.0.1 /Back/Main/index
INFO: [ app_init ] --START--
INFO: Run Behavior\BuildLiteBehavior [ RunTime:0.000000s ]
INFO: [ app_init ] --END-- [ RunTime:0.001000s ]
NOTIC: [8] Use of undefined constant md5 - assumed 'md5' D:\phpStudy\WWW\fenxiao\ThinkPHP\Common\functions.php 第 588 行.

[2018-08-03 10:02:17] 127.0.0.1 /Back/Index/index
INFO: [ app_init ] --START--
INFO: Run Behavior\BuildLiteBehavior [ RunTime:0.000000s ]
INFO: [ app_init ] --END-- [ RunTime:0.000000s ]
NOTIC: [8] Use of undefined constant md5 - assumed 'md5' D:\phpStudy\WWW\fenxiao\ThinkPHP\Common\functions.php 第 588 行.

[2018-08-03 10:02:21] 127.0.0.1 /Back/line/index?state=1
INFO: [ app_init ] --START--
INFO: Run Behavior\BuildLiteBehavior [ RunTime:0.000000s ]
INFO: [ app_init ] --END-- [ RunTime:0.000000s ]
NOTIC: [8] Use of undefined constant md5 - assumed 'md5' D:\phpStudy\WWW\fenxiao\ThinkPHP\Common\functions.php 第 588 行.
NOTIC: [8] Undefined index: cid D:\phpStudy\WWW\fenxiao\Application\Back\Controller\LineController.class.php 第 35 行.

[2018-08-03 10:02:23] 127.0.0.1 /Back/Line/censor?id=2&type=edit
INFO: [ app_init ] --START--
INFO: Run Behavior\BuildLiteBehavior [ RunTime:0.000000s ]
INFO: [ app_init ] --END-- [ RunTime:0.000000s ]
NOTIC: [8] Use of undefined constant md5 - assumed 'md5' D:\phpStudy\WWW\fenxiao\ThinkPHP\Common\functions.php 第 588 行.

[2018-08-03 10:02:30] 127.0.0.1 /Back/Line/execEnsor
INFO: [ app_init ] --START--
INFO: Run Behavior\BuildLiteBehavior [ RunTime:0.000000s ]
INFO: [ app_init ] --END-- [ RunTime:0.000000s ]
NOTIC: [8] Use of undefined constant md5 - assumed 'md5' D:\phpStudy\WWW\fenxiao\ThinkPHP\Common\functions.php 第 588 行.

[2018-08-03 10:02:36] 127.0.0.1 /Back/Line/execEnsor
INFO: [ app_init ] --START--
INFO: Run Behavior\BuildLiteBehavior [ RunTime:0.000000s ]
INFO: [ app_init ] --END-- [ RunTime:0.000000s ]
NOTIC: [8] Use of undefined constant md5 - assumed 'md5' D:\phpStudy\WWW\fenxiao\ThinkPHP\Common\functions.php 第 588 行.
NOTIC: [8] Undefined index: validate D:\phpStudy\WWW\fenxiao\ThinkPHP\Library\Think\Model.class.php 第 1192 行.
NOTIC: [8] Undefined index: auto D:\phpStudy\WWW\fenxiao\ThinkPHP\Library\Think\Model.class.php 第 1130 行.
NOTIC: [8] Undefined index: s_t D:\phpStudy\WWW\fenxiao\Application\Back\Controller\LineController.class.php 第 172 行.

[2018-08-03 10:02:37] 127.0.0.1 /Back/Line/index
INFO: [ app_init ] --START--
INFO: Run Behavior\BuildLiteBehavior [ RunTime:0.000000s ]
INFO: [ app_init ] --END-- [ RunTime:0.000000s ]
NOTIC: [8] Use of undefined constant md5 - assumed 'md5' D:\phpStudy\WWW\fenxiao\ThinkPHP\Common\functions.php 第 588 行.
NOTIC: [8] Undefined index: cid D:\phpStudy\WWW\fenxiao\Application\Back\Controller\LineController.class.php 第 35 行.

[2018-08-03 10:02:37] 127.0.0.1 /Back/Line/index
INFO: [ app_init ] --START--
INFO: Run Behavior\BuildLiteBehavior [ RunTime:0.000000s ]
INFO: [ app_init ] --END-- [ RunTime:0.001000s ]
NOTIC: [8] Use of undefined constant md5 - assumed 'md5' D:\phpStudy\WWW\fenxiao\ThinkPHP\Common\functions.php 第 588 行.
NOTIC: [8] Undefined index: cid D:\phpStudy\WWW\fenxiao\Application\Back\Controller\LineController.class.php 第 35 行.

[2018-08-03 10:02:39] 127.0.0.1 /Back/Line/censor?id=2&type=eye
INFO: [ app_init ] --START--
INFO: Run Behavior\BuildLiteBehavior [ RunTime:0.000000s ]
INFO: [ app_init ] --END-- [ RunTime:0.001000s ]
NOTIC: [8] Use of undefined constant md5 - assumed 'md5' D:\phpStudy\WWW\fenxiao\ThinkPHP\Common\functions.php 第 588 行.

[2018-08-03 10:02:43] 127.0.0.1 /Back/Line/index?state=1
INFO: [ app_init ] --START--
INFO: Run Behavior\BuildLiteBehavior [ RunTime:0.001000s ]
INFO: [ app_init ] --END-- [ RunTime:0.001000s ]
NOTIC: [8] Use of undefined constant md5 - assumed 'md5' D:\phpStudy\WWW\fenxiao\ThinkPHP\Common\functions.php 第 588 行.
NOTIC: [8] Undefined index: cid D:\phpStudy\WWW\fenxiao\Application\Back\Controller\LineController.class.php 第 35 行.

[2018-08-03 10:02:45] 127.0.0.1 /Back/Line/censor?id=1&type=edit
INFO: [ app_init ] --START--
INFO: Run Behavior\BuildLiteBehavior [ RunTime:0.000000s ]
INFO: [ app_init ] --END-- [ RunTime:0.001000s ]
NOTIC: [8] Use of undefined constant md5 - assumed 'md5' D:\phpStudy\WWW\fenxiao\ThinkPHP\Common\functions.php 第 588 行.

[2018-08-03 10:02:48] 127.0.0.1 /Back/Line/index
INFO: [ app_init ] --START--
INFO: Run Behavior\BuildLiteBehavior [ RunTime:0.000000s ]
INFO: [ app_init ] --END-- [ RunTime:0.001000s ]
NOTIC: [8] Use of undefined constant md5 - assumed 'md5' D:\phpStudy\WWW\fenxiao\ThinkPHP\Common\functions.php 第 588 行.
NOTIC: [8] Undefined index: cid D:\phpStudy\WWW\fenxiao\Application\Back\Controller\LineController.class.php 第 35 行.

[2018-08-03 10:02:49] 127.0.0.1 /Back/Line/censor?id=2&type=eye
INFO: [ app_init ] --START--
INFO: Run Behavior\BuildLiteBehavior [ RunTime:0.000000s ]
INFO: [ app_init ] --END-- [ RunTime:0.001000s ]
NOTIC: [8] Use of undefined constant md5 - assumed 'md5' D:\phpStudy\WWW\fenxiao\ThinkPHP\Common\functions.php 第 588 行.

[2018-08-03 10:02:58] 127.0.0.1 /Back/Line/censor?id=1&type=edit
INFO: [ app_init ] --START--
INFO: Run Behavior\BuildLiteBehavior [ RunTime:0.000000s ]
INFO: [ app_init ] --END-- [ RunTime:0.001000s ]
NOTIC: [8] Use of undefined constant md5 - assumed 'md5' D:\phpStudy\WWW\fenxiao\ThinkPHP\Common\functions.php 第 588 行.

[2018-08-03 10:05:23] 127.0.0.1 /Back/Line/censor?id=1&type=edit
INFO: [ app_init ] --START--
INFO: Run Behavior\BuildLiteBehavior [ RunTime:0.000000s ]
INFO: [ app_init ] --END-- [ RunTime:0.000000s ]
NOTIC: [8] Use of undefined constant md5 - assumed 'md5' D:\phpStudy\WWW\fenxiao\ThinkPHP\Common\functions.php 第 588 行.

[2018-08-03 10:05:25] 127.0.0.1 /Back/Line/index
INFO: [ app_init ] --START--
INFO: Run Behavior\BuildLiteBehavior [ RunTime:0.000000s ]
INFO: [ app_init ] --END-- [ RunTime:0.000000s ]
NOTIC: [8] Use of undefined constant md5 - assumed 'md5' D:\phpStudy\WWW\fenxiao\ThinkPHP\Common\functions.php 第 588 行.
NOTIC: [8] Undefined index: cid D:\phpStudy\WWW\fenxiao\Application\Back\Controller\LineController.class.php 第 35 行.

[2018-08-03 10:05:27] 127.0.0.1 /Back/Line/censor?id=1&type=edit
INFO: [ app_init ] --START--
INFO: Run Behavior\BuildLiteBehavior [ RunTime:0.000000s ]
INFO: [ app_init ] --END-- [ RunTime:0.000000s ]
NOTIC: [8] Use of undefined constant md5 - assumed 'md5' D:\phpStudy\WWW\fenxiao\ThinkPHP\Common\functions.php 第 588 行.

[2018-08-03 10:05:35] 127.0.0.1 /Back/Line/execEnsor
INFO: [ app_init ] --START--
INFO: Run Behavior\BuildLiteBehavior [ RunTime:0.000000s ]
INFO: [ app_init ] --END-- [ RunTime:0.000000s ]
NOTIC: [8] Use of undefined constant md5 - assumed 'md5' D:\phpStudy\WWW\fenxiao\ThinkPHP\Common\functions.php 第 588 行.
NOTIC: [8] Undefined index: validate D:\phpStudy\WWW\fenxiao\ThinkPHP\Library\Think\Model.class.php 第 1192 行.
NOTIC: [8] Undefined index: auto D:\phpStudy\WWW\fenxiao\ThinkPHP\Library\Think\Model.class.php 第 1130 行.

[2018-08-03 10:05:36] 127.0.0.1 /Back/Line/index
INFO: [ app_init ] --START--
INFO: Run Behavior\BuildLiteBehavior [ RunTime:0.000000s ]
INFO: [ app_init ] --END-- [ RunTime:0.001000s ]
NOTIC: [8] Use of undefined constant md5 - assumed 'md5' D:\phpStudy\WWW\fenxiao\ThinkPHP\Common\functions.php 第 588 行.
NOTIC: [8] Undefined index: cid D:\phpStudy\WWW\fenxiao\Application\Back\Controller\LineController.class.php 第 35 行.

[2018-08-03 10:05:38] 127.0.0.1 /Back/Line/censor?id=1&type=eye
INFO: [ app_init ] --START--
INFO: Run Behavior\BuildLiteBehavior [ RunTime:0.000000s ]
INFO: [ app_init ] --END-- [ RunTime:0.001000s ]
NOTIC: [8] Use of undefined constant md5 - assumed 'md5' D:\phpStudy\WWW\fenxiao\ThinkPHP\Common\functions.php 第 588 行.

[2018-08-03 10:05:48] 127.0.0.1 /Back/Login/login_out
INFO: [ app_init ] --START--
INFO: Run Behavior\BuildLiteBehavior [ RunTime:0.000000s ]
INFO: [ app_init ] --END-- [ RunTime:0.001000s ]

[2018-08-03 10:05:48] 127.0.0.1 /Back/Login/sign
INFO: [ app_init ] --START--
INFO: Run Behavior\BuildLiteBehavior [ RunTime:0.000000s ]
INFO: [ app_init ] --END-- [ RunTime:0.000000s ]
NOTIC: [8] Undefined variable: code D:\phpStudy\WWW\fenxiao\Application\Runtime\Cache\Back\d969c12762d65e2769541579706f2981.php 第 68 行.

[2018-08-03 10:05:48] 127.0.0.1 /Back/Login/verify
INFO: [ app_init ] --START--
INFO: Run Behavior\BuildLiteBehavior [ RunTime:0.000000s ]
INFO: [ app_init ] --END-- [ RunTime:0.001000s ]

[2018-08-03 14:55:32] 127.0.0.1 /Back/User/index
INFO: [ app_init ] --START--
INFO: Run Behavior\BuildLiteBehavior [ RunTime:0.000000s ]
INFO: [ app_init ] --END-- [ RunTime:0.001000s ]

[2018-08-03 14:55:32] 127.0.0.1 /Back/Login/sign
INFO: [ app_init ] --START--
INFO: Run Behavior\BuildLiteBehavior [ RunTime:0.000000s ]
INFO: [ app_init ] --END-- [ RunTime:0.000000s ]
NOTIC: [8] Undefined variable: code D:\phpStudy\WWW\fenxiao\Application\Runtime\Cache\Back\d969c12762d65e2769541579706f2981.php 第 68 行.

[2018-08-03 14:55:32] 127.0.0.1 /Back/Login/verify
INFO: [ app_init ] --START--
INFO: Run Behavior\BuildLiteBehavior [ RunTime:0.000000s ]
INFO: [ app_init ] --END-- [ RunTime:0.000000s ]

[2018-08-03 14:55:43] 127.0.0.1 /Back/Login/verify?r=0.020695927919233137
INFO: [ app_init ] --START--
INFO: Run Behavior\BuildLiteBehavior [ RunTime:0.000000s ]
INFO: [ app_init ] --END-- [ RunTime:0.001000s ]

[2018-08-03 14:55:51] 127.0.0.1 /Back/Login/login
INFO: [ app_init ] --START--
INFO: Run Behavior\BuildLiteBehavior [ RunTime:0.000000s ]
INFO: [ app_init ] --END-- [ RunTime:0.000000s ]
NOTIC: [8] Use of undefined constant md5 - assumed 'md5' D:\phpStudy\WWW\fenxiao\ThinkPHP\Common\functions.php 第 588 行.
NOTIC: [8] Undefined index: validate D:\phpStudy\WWW\fenxiao\ThinkPHP\Library\Think\Model.class.php 第 1192 行.
NOTIC: [8] Undefined index: auto D:\phpStudy\WWW\fenxiao\ThinkPHP\Library\Think\Model.class.php 第 1130 行.

[2018-08-03 14:55:51] 127.0.0.1 /Back/Main/index
INFO: [ app_init ] --START--
INFO: Run Behavior\BuildLiteBehavior [ RunTime:0.000000s ]
INFO: [ app_init ] --END-- [ RunTime:0.000000s ]
NOTIC: [8] Use of undefined constant md5 - assumed 'md5' D:\phpStudy\WWW\fenxiao\ThinkPHP\Common\functions.php 第 588 行.

[2018-08-03 14:55:51] 127.0.0.1 /Back/Index/index
INFO: [ app_init ] --START--
INFO: Run Behavior\BuildLiteBehavior [ RunTime:0.000000s ]
INFO: [ app_init ] --END-- [ RunTime:0.001000s ]
NOTIC: [8] Use of undefined constant md5 - assumed 'md5' D:\phpStudy\WWW\fenxiao\ThinkPHP\Common\functions.php 第 588 行.

[2018-08-03 14:55:54] 127.0.0.1 /Back/Customer/index
INFO: [ app_init ] --START--
INFO: Run Behavior\BuildLiteBehavior [ RunTime:0.000000s ]
INFO: [ app_init ] --END-- [ RunTime:0.000000s ]
NOTIC: [8] Use of undefined constant md5 - assumed 'md5' D:\phpStudy\WWW\fenxiao\ThinkPHP\Common\functions.php 第 588 行.

[2018-08-03 14:55:55] 127.0.0.1 /Back/Line/index
INFO: [ app_init ] --START--
INFO: Run Behavior\BuildLiteBehavior [ RunTime:0.000000s ]
INFO: [ app_init ] --END-- [ RunTime:0.001000s ]
NOTIC: [8] Use of undefined constant md5 - assumed 'md5' D:\phpStudy\WWW\fenxiao\ThinkPHP\Common\functions.php 第 588 行.
NOTIC: [8] Undefined index: cid D:\phpStudy\WWW\fenxiao\Application\Back\Controller\LineController.class.php 第 35 行.

[2018-08-03 14:55:56] 127.0.0.1 /Back/Line/censor?id=2&type=eye
INFO: [ app_init ] --START--
INFO: Run Behavior\BuildLiteBehavior [ RunTime:0.000000s ]
INFO: [ app_init ] --END-- [ RunTime:0.002000s ]
NOTIC: [8] Use of undefined constant md5 - assumed 'md5' D:\phpStudy\WWW\fenxiao\ThinkPHP\Common\functions.php 第 588 行.

[2018-08-03 14:56:42] 127.0.0.1 /Back/Line/index
INFO: [ app_init ] --START--
INFO: Run Behavior\BuildLiteBehavior [ RunTime:0.000000s ]
INFO: [ app_init ] --END-- [ RunTime:0.001000s ]
NOTIC: [8] Use of undefined constant md5 - assumed 'md5' D:\phpStudy\WWW\fenxiao\ThinkPHP\Common\functions.php 第 588 行.
NOTIC: [8] Undefined index: cid D:\phpStudy\WWW\fenxiao\Application\Back\Controller\LineController.class.php 第 35 行.

[2018-08-03 14:56:45] 127.0.0.1 /Back/Line/censor?id=3&type=edit
INFO: [ app_init ] --START--
INFO: Run Behavior\BuildLiteBehavior [ RunTime:0.000000s ]
INFO: [ app_init ] --END-- [ RunTime:0.000000s ]
NOTIC: [8] Use of undefined constant md5 - assumed 'md5' D:\phpStudy\WWW\fenxiao\ThinkPHP\Common\functions.php 第 588 行.

[2018-08-03 14:56:50] 127.0.0.1 /Back/Line/execEnsor
INFO: [ app_init ] --START--
INFO: Run Behavior\BuildLiteBehavior [ RunTime:0.000000s ]
INFO: [ app_init ] --END-- [ RunTime:0.000000s ]
NOTIC: [8] Use of undefined constant md5 - assumed 'md5' D:\phpStudy\WWW\fenxiao\ThinkPHP\Common\functions.php 第 588 行.

[2018-08-03 14:58:45] 127.0.0.1 /Back/Line/execEnsor
INFO: [ app_init ] --START--
INFO: Run Behavior\BuildLiteBehavior [ RunTime:0.000000s ]
INFO: [ app_init ] --END-- [ RunTime:0.000000s ]
NOTIC: [8] Use of undefined constant md5 - assumed 'md5' D:\phpStudy\WWW\fenxiao\ThinkPHP\Common\functions.php 第 588 行.

[2018-08-03 14:58:48] 127.0.0.1 /Back/Line/execEnsor
INFO: [ app_init ] --START--
INFO: Run Behavior\BuildLiteBehavior [ RunTime:0.000000s ]
INFO: [ app_init ] --END-- [ RunTime:0.000000s ]
NOTIC: [8] Use of undefined constant md5 - assumed 'md5' D:\phpStudy\WWW\fenxiao\ThinkPHP\Common\functions.php 第 588 行.

[2018-08-03 15:00:14] 127.0.0.1 /Back/Line/censor?id=3&type=edit
INFO: [ app_init ] --START--
INFO: Run Behavior\BuildLiteBehavior [ RunTime:0.000000s ]
INFO: [ app_init ] --END-- [ RunTime:0.001000s ]
NOTIC: [8] Use of undefined constant md5 - assumed 'md5' D:\phpStudy\WWW\fenxiao\ThinkPHP\Common\functions.php 第 588 行.

[2018-08-03 15:00:17] 127.0.0.1 /Back/Line/execEnsor
INFO: [ app_init ] --START--
INFO: Run Behavior\BuildLiteBehavior [ RunTime:0.000000s ]
INFO: [ app_init ] --END-- [ RunTime:0.000000s ]
NOTIC: [8] Use of undefined constant md5 - assumed 'md5' D:\phpStudy\WWW\fenxiao\ThinkPHP\Common\functions.php 第 588 行.
NOTIC: [8] Undefined index: validate D:\phpStudy\WWW\fenxiao\ThinkPHP\Library\Think\Model.class.php 第 1192 行.
NOTIC: [8] Undefined index: auto D:\phpStudy\WWW\fenxiao\ThinkPHP\Library\Think\Model.class.php 第 1130 行.

[2018-08-03 15:00:18] 127.0.0.1 /Back/Line/index
INFO: [ app_init ] --START--
INFO: Run Behavior\BuildLiteBehavior [ RunTime:0.000000s ]
INFO: [ app_init ] --END-- [ RunTime:0.001000s ]
NOTIC: [8] Use of undefined constant md5 - assumed 'md5' D:\phpStudy\WWW\fenxiao\ThinkPHP\Common\functions.php 第 588 行.
NOTIC: [8] Undefined index: cid D:\phpStudy\WWW\fenxiao\Application\Back\Controller\LineController.class.php 第 35 行.

[2018-08-03 15:00:20] 127.0.0.1 /Back/Line/censor?id=3&type=eye
INFO: [ app_init ] --START--
INFO: Run Behavior\BuildLiteBehavior [ RunTime:0.001000s ]
INFO: [ app_init ] --END-- [ RunTime:0.001000s ]
NOTIC: [8] Use of undefined constant md5 - assumed 'md5' D:\phpStudy\WWW\fenxiao\ThinkPHP\Common\functions.php 第 588 行.

[2018-08-03 15:00:26] 127.0.0.1 /Back/Line/index
INFO: [ app_init ] --START--
INFO: Run Behavior\BuildLiteBehavior [ RunTime:0.000000s ]
INFO: [ app_init ] --END-- [ RunTime:0.001000s ]
NOTIC: [8] Use of undefined constant md5 - assumed 'md5' D:\phpStudy\WWW\fenxiao\ThinkPHP\Common\functions.php 第 588 行.
NOTIC: [8] Undefined index: cid D:\phpStudy\WWW\fenxiao\Application\Back\Controller\LineController.class.php 第 35 行.

[2018-08-03 15:00:29] 127.0.0.1 /Back/Line/censor?id=3&type=eye
INFO: [ app_init ] --START--
INFO: Run Behavior\BuildLiteBehavior [ RunTime:0.000000s ]
INFO: [ app_init ] --END-- [ RunTime:0.000000s ]
NOTIC: [8] Use of undefined constant md5 - assumed 'md5' D:\phpStudy\WWW\fenxiao\ThinkPHP\Common\functions.php 第 588 行.

[2018-08-03 15:03:34] 127.0.0.1 /Back/Line/index
INFO: [ app_init ] --START--
INFO: Run Behavior\BuildLiteBehavior [ RunTime:0.000000s ]
INFO: [ app_init ] --END-- [ RunTime:0.001000s ]
NOTIC: [8] Use of undefined constant md5 - assumed 'md5' D:\phpStudy\WWW\fenxiao\ThinkPHP\Common\functions.php 第 588 行.
NOTIC: [8] Undefined index: cid D:\phpStudy\WWW\fenxiao\Application\Back\Controller\LineController.class.php 第 35 行.

[2018-08-03 15:03:39] 127.0.0.1 /Back/Customer/index
INFO: [ app_init ] --START--
INFO: Run Behavior\BuildLiteBehavior [ RunTime:0.000000s ]
INFO: [ app_init ] --END-- [ RunTime:0.000000s ]
NOTIC: [8] Use of undefined constant md5 - assumed 'md5' D:\phpStudy\WWW\fenxiao\ThinkPHP\Common\functions.php 第 588 行.

[2018-08-03 15:03:42] 127.0.0.1 /Back/Line/index
INFO: [ app_init ] --START--
INFO: Run Behavior\BuildLiteBehavior [ RunTime:0.000000s ]
INFO: [ app_init ] --END-- [ RunTime:0.000000s ]
NOTIC: [8] Use of undefined constant md5 - assumed 'md5' D:\phpStudy\WWW\fenxiao\ThinkPHP\Common\functions.php 第 588 行.
NOTIC: [8] Undefined index: cid D:\phpStudy\WWW\fenxiao\Application\Back\Controller\LineController.class.php 第 35 行.

[2018-08-03 15:11:48] 127.0.0.1 /Back/Login/login_out
INFO: [ app_init ] --START--
INFO: Run Behavior\BuildLiteBehavior [ RunTime:0.000000s ]
INFO: [ app_init ] --END-- [ RunTime:0.001000s ]

[2018-08-03 15:11:48] 127.0.0.1 /Back/Login/sign
INFO: [ app_init ] --START--
INFO: Run Behavior\BuildLiteBehavior [ RunTime:0.000000s ]
INFO: [ app_init ] --END-- [ RunTime:0.000000s ]
NOTIC: [8] Undefined variable: code D:\phpStudy\WWW\fenxiao\Application\Runtime\Cache\Back\d969c12762d65e2769541579706f2981.php 第 68 行.

[2018-08-03 15:11:49] 127.0.0.1 /Back/Login/verify
INFO: [ app_init ] --START--
INFO: Run Behavior\BuildLiteBehavior [ RunTime:0.000000s ]
INFO: [ app_init ] --END-- [ RunTime:0.000000s ]

