[2018-09-12 14:06:03] 127.0.0.1 /Back/Main/index
INFO: [ app_init ] --START--
INFO: Run Behavior\BuildLiteBehavior [ RunTime:0.000000s ]
INFO: [ app_init ] --END-- [ RunTime:0.018000s ]

[2018-09-12 14:06:03] 127.0.0.1 /Back/Login/sign
INFO: [ app_init ] --START--
INFO: Run Behavior\BuildLiteBehavior [ RunTime:0.000000s ]
INFO: [ app_init ] --END-- [ RunTime:0.001000s ]
NOTIC: [8] Undefined variable: code D:\phpStudy\WWW\fenxiao\Application\Runtime\Cache\Back\d969c12762d65e2769541579706f2981.php 第 68 行.

[2018-09-12 14:06:03] 127.0.0.1 /Back/Login/verify
INFO: [ app_init ] --START--
INFO: Run Behavior\BuildLiteBehavior [ RunTime:0.000000s ]
INFO: [ app_init ] --END-- [ RunTime:0.000000s ]

[2018-09-12 14:06:47] 127.0.0.1 /Back/Login/sign
INFO: [ app_init ] --START--
INFO: Run Behavior\BuildLiteBehavior [ RunTime:0.000000s ]
INFO: [ app_init ] --END-- [ RunTime:0.001000s ]
NOTIC: [8] Undefined variable: code D:\phpStudy\WWW\fenxiao\Application\Runtime\Cache\Back\d969c12762d65e2769541579706f2981.php 第 68 行.

[2018-09-12 14:06:47] 127.0.0.1 /Back/Login/verify
INFO: [ app_init ] --START--
INFO: Run Behavior\BuildLiteBehavior [ RunTime:0.000000s ]
INFO: [ app_init ] --END-- [ RunTime:0.000000s ]

[2018-09-12 14:09:54] 127.0.0.1 /Back/Login/login
INFO: [ app_init ] --START--
INFO: Run Behavior\BuildLiteBehavior [ RunTime:0.000000s ]
INFO: [ app_init ] --END-- [ RunTime:0.000000s ]
NOTIC: [8] Use of undefined constant md5 - assumed 'md5' D:\phpStudy\WWW\fenxiao\ThinkPHP\Common\functions.php 第 588 行.
NOTIC: [8] Undefined index: validate D:\phpStudy\WWW\fenxiao\ThinkPHP\Library\Think\Model.class.php 第 1192 行.
NOTIC: [8] Undefined index: auto D:\phpStudy\WWW\fenxiao\ThinkPHP\Library\Think\Model.class.php 第 1130 行.

[2018-09-12 14:09:54] 127.0.0.1 /Back/Main/index
INFO: [ app_init ] --START--
INFO: Run Behavior\BuildLiteBehavior [ RunTime:0.000000s ]
INFO: [ app_init ] --END-- [ RunTime:0.000000s ]
NOTIC: [8] Use of undefined constant md5 - assumed 'md5' D:\phpStudy\WWW\fenxiao\ThinkPHP\Common\functions.php 第 588 行.

[2018-09-12 14:09:54] 127.0.0.1 /Back/Index/index
INFO: [ app_init ] --START--
INFO: Run Behavior\BuildLiteBehavior [ RunTime:0.000000s ]
INFO: [ app_init ] --END-- [ RunTime:0.001000s ]
NOTIC: [8] Use of undefined constant md5 - assumed 'md5' D:\phpStudy\WWW\fenxiao\ThinkPHP\Common\functions.php 第 588 行.

[2018-09-12 14:10:00] 127.0.0.1 /Back/Main/index
INFO: [ app_init ] --START--
INFO: Run Behavior\BuildLiteBehavior [ RunTime:0.000000s ]
INFO: [ app_init ] --END-- [ RunTime:0.000000s ]
NOTIC: [8] Use of undefined constant md5 - assumed 'md5' D:\phpStudy\WWW\fenxiao\ThinkPHP\Common\functions.php 第 588 行.

[2018-09-12 14:10:00] 127.0.0.1 /Back/Index/index
INFO: [ app_init ] --START--
INFO: Run Behavior\BuildLiteBehavior [ RunTime:0.000000s ]
INFO: [ app_init ] --END-- [ RunTime:0.000000s ]
NOTIC: [8] Use of undefined constant md5 - assumed 'md5' D:\phpStudy\WWW\fenxiao\ThinkPHP\Common\functions.php 第 588 行.

[2018-09-12 14:10:13] 127.0.0.1 /Back/recovery/index
INFO: [ app_init ] --START--
INFO: Run Behavior\BuildLiteBehavior [ RunTime:0.000000s ]
INFO: [ app_init ] --END-- [ RunTime:0.001000s ]
NOTIC: [8] Use of undefined constant md5 - assumed 'md5' D:\phpStudy\WWW\fenxiao\ThinkPHP\Common\functions.php 第 588 行.

[2018-09-12 14:10:15] 127.0.0.1 /Back/User/index
INFO: [ app_init ] --START--
INFO: Run Behavior\BuildLiteBehavior [ RunTime:0.000000s ]
INFO: [ app_init ] --END-- [ RunTime:0.001000s ]
NOTIC: [8] Use of undefined constant md5 - assumed 'md5' D:\phpStudy\WWW\fenxiao\ThinkPHP\Common\functions.php 第 588 行.

[2018-09-12 14:10:15] 127.0.0.1 /Back/Role/index
INFO: [ app_init ] --START--
INFO: Run Behavior\BuildLiteBehavior [ RunTime:0.000000s ]
INFO: [ app_init ] --END-- [ RunTime:0.000000s ]
NOTIC: [8] Use of undefined constant md5 - assumed 'md5' D:\phpStudy\WWW\fenxiao\ThinkPHP\Common\functions.php 第 588 行.

[2018-09-12 14:10:16] 127.0.0.1 /Back/Personal/index
INFO: [ app_init ] --START--
INFO: Run Behavior\BuildLiteBehavior [ RunTime:0.000000s ]
INFO: [ app_init ] --END-- [ RunTime:0.000000s ]
NOTIC: [8] Use of undefined constant md5 - assumed 'md5' D:\phpStudy\WWW\fenxiao\ThinkPHP\Common\functions.php 第 588 行.
NOTIC: [8] Undefined index: a D:\phpStudy\WWW\fenxiao\Application\Runtime\Cache\Back\a880c1a463036abd938bd3d21ca38740.php 第 19 行.

[2018-09-12 14:14:33] 127.0.0.1 /Back/Personal/index
INFO: [ app_init ] --START--
INFO: Run Behavior\BuildLiteBehavior [ RunTime:0.000000s ]
INFO: [ app_init ] --END-- [ RunTime:0.000000s ]
NOTIC: [8] Use of undefined constant md5 - assumed 'md5' D:\phpStudy\WWW\fenxiao\ThinkPHP\Common\functions.php 第 588 行.
NOTIC: [8] Undefined index: a D:\phpStudy\WWW\fenxiao\Application\Runtime\Cache\Back\a880c1a463036abd938bd3d21ca38740.php 第 19 行.

[2018-09-12 14:15:09] 127.0.0.1 /Back/Personal/index
INFO: [ app_init ] --START--
INFO: Run Behavior\BuildLiteBehavior [ RunTime:0.000000s ]
INFO: [ app_init ] --END-- [ RunTime:0.001000s ]
NOTIC: [8] Use of undefined constant md5 - assumed 'md5' D:\phpStudy\WWW\fenxiao\ThinkPHP\Common\functions.php 第 588 行.
NOTIC: [8] Undefined index: a D:\phpStudy\WWW\fenxiao\Application\Runtime\Cache\Back\a880c1a463036abd938bd3d21ca38740.php 第 19 行.

[2018-09-12 14:15:13] 127.0.0.1 /Back/Personal/index
INFO: [ app_init ] --START--
INFO: Run Behavior\BuildLiteBehavior [ RunTime:0.000000s ]
INFO: [ app_init ] --END-- [ RunTime:0.000000s ]
NOTIC: [8] Use of undefined constant md5 - assumed 'md5' D:\phpStudy\WWW\fenxiao\ThinkPHP\Common\functions.php 第 588 行.
NOTIC: [8] Undefined index: a D:\phpStudy\WWW\fenxiao\Application\Runtime\Cache\Back\a880c1a463036abd938bd3d21ca38740.php 第 19 行.

[2018-09-12 14:15:19] 127.0.0.1 /Back/Line/index
INFO: [ app_init ] --START--
INFO: Run Behavior\BuildLiteBehavior [ RunTime:0.000000s ]
INFO: [ app_init ] --END-- [ RunTime:0.000000s ]
NOTIC: [8] Use of undefined constant md5 - assumed 'md5' D:\phpStudy\WWW\fenxiao\ThinkPHP\Common\functions.php 第 588 行.
NOTIC: [8] Undefined index: cid D:\phpStudy\WWW\fenxiao\Application\Back\Controller\LineController.class.php 第 35 行.

[2018-09-12 14:15:28] 127.0.0.1 /Back/Line/index
INFO: [ app_init ] --START--
INFO: Run Behavior\BuildLiteBehavior [ RunTime:0.000000s ]
INFO: [ app_init ] --END-- [ RunTime:0.001000s ]
NOTIC: [8] Use of undefined constant md5 - assumed 'md5' D:\phpStudy\WWW\fenxiao\ThinkPHP\Common\functions.php 第 588 行.
NOTIC: [8] Undefined index: cid D:\phpStudy\WWW\fenxiao\Application\Back\Controller\LineController.class.php 第 35 行.

[2018-09-12 14:22:43] 127.0.0.1 /Back/User/index
INFO: [ app_init ] --START--
INFO: Run Behavior\BuildLiteBehavior [ RunTime:0.000000s ]
INFO: [ app_init ] --END-- [ RunTime:0.001000s ]
NOTIC: [8] Use of undefined constant md5 - assumed 'md5' D:\phpStudy\WWW\fenxiao\ThinkPHP\Common\functions.php 第 588 行.

[2018-09-12 14:22:46] 127.0.0.1 /Back/Customer/index
INFO: [ app_init ] --START--
INFO: Run Behavior\BuildLiteBehavior [ RunTime:0.000000s ]
INFO: [ app_init ] --END-- [ RunTime:0.001000s ]
NOTIC: [8] Use of undefined constant md5 - assumed 'md5' D:\phpStudy\WWW\fenxiao\ThinkPHP\Common\functions.php 第 588 行.

[2018-09-12 15:10:09] 127.0.0.1 /Back/Personal/index
INFO: [ app_init ] --START--
INFO: Run Behavior\BuildLiteBehavior [ RunTime:0.000000s ]
INFO: [ app_init ] --END-- [ RunTime:0.000000s ]
NOTIC: [8] Use of undefined constant md5 - assumed 'md5' D:\phpStudy\WWW\fenxiao\ThinkPHP\Common\functions.php 第 588 行.
NOTIC: [8] Undefined index: a D:\phpStudy\WWW\fenxiao\Application\Runtime\Cache\Back\a880c1a463036abd938bd3d21ca38740.php 第 19 行.

[2018-09-12 15:10:13] 127.0.0.1 /Back/Personal/index
INFO: [ app_init ] --START--
INFO: Run Behavior\BuildLiteBehavior [ RunTime:0.000000s ]
INFO: [ app_init ] --END-- [ RunTime:0.001000s ]
NOTIC: [8] Use of undefined constant md5 - assumed 'md5' D:\phpStudy\WWW\fenxiao\ThinkPHP\Common\functions.php 第 588 行.
NOTIC: [8] Undefined index: a D:\phpStudy\WWW\fenxiao\Application\Runtime\Cache\Back\a880c1a463036abd938bd3d21ca38740.php 第 19 行.

[2018-09-12 15:10:18] 127.0.0.1 /Back/Customer/index
INFO: [ app_init ] --START--
INFO: Run Behavior\BuildLiteBehavior [ RunTime:0.000000s ]
INFO: [ app_init ] --END-- [ RunTime:0.000000s ]
NOTIC: [8] Use of undefined constant md5 - assumed 'md5' D:\phpStudy\WWW\fenxiao\ThinkPHP\Common\functions.php 第 588 行.

[2018-09-12 15:10:30] 127.0.0.1 /Back/Customer/update?id=5
INFO: [ app_init ] --START--
INFO: Run Behavior\BuildLiteBehavior [ RunTime:0.000000s ]
INFO: [ app_init ] --END-- [ RunTime:0.000000s ]
NOTIC: [8] Use of undefined constant md5 - assumed 'md5' D:\phpStudy\WWW\fenxiao\ThinkPHP\Common\functions.php 第 588 行.

[2018-09-12 15:11:42] 127.0.0.1 /Back/Customer/index
INFO: [ app_init ] --START--
INFO: Run Behavior\BuildLiteBehavior [ RunTime:0.000000s ]
INFO: [ app_init ] --END-- [ RunTime:0.000000s ]
NOTIC: [8] Use of undefined constant md5 - assumed 'md5' D:\phpStudy\WWW\fenxiao\ThinkPHP\Common\functions.php 第 588 行.

[2018-09-12 15:14:29] 127.0.0.1 /Back/Customer/index
INFO: [ app_init ] --START--
INFO: Run Behavior\BuildLiteBehavior [ RunTime:0.000000s ]
INFO: [ app_init ] --END-- [ RunTime:0.000000s ]

[2018-09-12 15:14:47] 127.0.0.1 /Back/Customer/index
INFO: [ app_init ] --START--
INFO: Run Behavior\BuildLiteBehavior [ RunTime:0.000000s ]
INFO: [ app_init ] --END-- [ RunTime:0.000000s ]
NOTIC: [8] Use of undefined constant md5 - assumed 'md5' D:\phpStudy\WWW\fenxiao\ThinkPHP\Common\functions.php 第 588 行.

[2018-09-12 15:15:18] 127.0.0.1 /Back/Customer/index
INFO: [ app_init ] --START--
INFO: Run Behavior\BuildLiteBehavior [ RunTime:0.000000s ]
INFO: [ app_init ] --END-- [ RunTime:0.001000s ]
NOTIC: [8] Use of undefined constant md5 - assumed 'md5' D:\phpStudy\WWW\fenxiao\ThinkPHP\Common\functions.php 第 588 行.

[2018-09-12 15:15:20] 127.0.0.1 /Back/Customer/update?id=5
INFO: [ app_init ] --START--
INFO: Run Behavior\BuildLiteBehavior [ RunTime:0.000000s ]
INFO: [ app_init ] --END-- [ RunTime:0.001000s ]
NOTIC: [8] Use of undefined constant md5 - assumed 'md5' D:\phpStudy\WWW\fenxiao\ThinkPHP\Common\functions.php 第 588 行.

[2018-09-12 15:16:06] 127.0.0.1 /Back/Customer/index
INFO: [ app_init ] --START--
INFO: Run Behavior\BuildLiteBehavior [ RunTime:0.000000s ]
INFO: [ app_init ] --END-- [ RunTime:0.000000s ]
NOTIC: [8] Use of undefined constant md5 - assumed 'md5' D:\phpStudy\WWW\fenxiao\ThinkPHP\Common\functions.php 第 588 行.

[2018-09-12 15:16:07] 127.0.0.1 /Back/Customer/update?id=5
INFO: [ app_init ] --START--
INFO: Run Behavior\BuildLiteBehavior [ RunTime:0.000000s ]
INFO: [ app_init ] --END-- [ RunTime:0.001000s ]
NOTIC: [8] Use of undefined constant md5 - assumed 'md5' D:\phpStudy\WWW\fenxiao\ThinkPHP\Common\functions.php 第 588 行.

[2018-09-12 15:20:07] 127.0.0.1 /Back/Customer/index
INFO: [ app_init ] --START--
INFO: Run Behavior\BuildLiteBehavior [ RunTime:0.000000s ]
INFO: [ app_init ] --END-- [ RunTime:0.000000s ]
NOTIC: [8] Use of undefined constant md5 - assumed 'md5' D:\phpStudy\WWW\fenxiao\ThinkPHP\Common\functions.php 第 588 行.

[2018-09-12 15:20:08] 127.0.0.1 /Back/Customer/update?id=5
INFO: [ app_init ] --START--
INFO: Run Behavior\BuildLiteBehavior [ RunTime:0.000000s ]
INFO: [ app_init ] --END-- [ RunTime:0.001000s ]
NOTIC: [8] Use of undefined constant md5 - assumed 'md5' D:\phpStudy\WWW\fenxiao\ThinkPHP\Common\functions.php 第 588 行.
NOTIC: [8] Undefined variable: id D:\phpStudy\WWW\fenxiao\Application\Back\Model\CustomerModel.class.php 第 143 行.
NOTIC: [8] Undefined offset: 1 D:\phpStudy\WWW\fenxiao\ThinkPHP\Library\Think\Model.class.php 第 237 行.

[2018-09-12 15:20:56] 127.0.0.1 /Back/Customer/update?id=5
INFO: [ app_init ] --START--
INFO: Run Behavior\BuildLiteBehavior [ RunTime:0.000000s ]
INFO: [ app_init ] --END-- [ RunTime:0.000000s ]
NOTIC: [8] Use of undefined constant md5 - assumed 'md5' D:\phpStudy\WWW\fenxiao\ThinkPHP\Common\functions.php 第 588 行.
NOTIC: [8] Undefined variable: id D:\phpStudy\WWW\fenxiao\Application\Back\Model\CustomerModel.class.php 第 143 行.

[2018-09-12 15:21:00] 127.0.0.1 /Back/Customer/update?id=5
INFO: [ app_init ] --START--
INFO: Run Behavior\BuildLiteBehavior [ RunTime:0.000000s ]
INFO: [ app_init ] --END-- [ RunTime:0.001000s ]
NOTIC: [8] Use of undefined constant md5 - assumed 'md5' D:\phpStudy\WWW\fenxiao\ThinkPHP\Common\functions.php 第 588 行.
NOTIC: [8] Undefined variable: id D:\phpStudy\WWW\fenxiao\Application\Back\Model\CustomerModel.class.php 第 143 行.

[2018-09-12 15:22:03] 127.0.0.1 /Back/Customer/index
INFO: [ app_init ] --START--
INFO: Run Behavior\BuildLiteBehavior [ RunTime:0.000000s ]
INFO: [ app_init ] --END-- [ RunTime:0.000000s ]
NOTIC: [8] Use of undefined constant md5 - assumed 'md5' D:\phpStudy\WWW\fenxiao\ThinkPHP\Common\functions.php 第 588 行.

[2018-09-12 15:22:04] 127.0.0.1 /Back/Customer/update?id=5
INFO: [ app_init ] --START--
INFO: Run Behavior\BuildLiteBehavior [ RunTime:0.000000s ]
INFO: [ app_init ] --END-- [ RunTime:0.000000s ]
NOTIC: [8] Use of undefined constant md5 - assumed 'md5' D:\phpStudy\WWW\fenxiao\ThinkPHP\Common\functions.php 第 588 行.
NOTIC: [8] Undefined variable: id D:\phpStudy\WWW\fenxiao\Application\Back\Model\CustomerModel.class.php 第 143 行.
NOTIC: [8] Undefined variable: id D:\phpStudy\WWW\fenxiao\Application\Back\Model\CustomerModel.class.php 第 143 行.

[2018-09-12 15:23:14] 127.0.0.1 /Back/Customer/update?id=5
INFO: [ app_init ] --START--
INFO: Run Behavior\BuildLiteBehavior [ RunTime:0.000000s ]
INFO: [ app_init ] --END-- [ RunTime:0.001000s ]
NOTIC: [8] Use of undefined constant md5 - assumed 'md5' D:\phpStudy\WWW\fenxiao\ThinkPHP\Common\functions.php 第 588 行.
NOTIC: [8] Undefined variable: id D:\phpStudy\WWW\fenxiao\Application\Back\Model\CustomerModel.class.php 第 143 行.

[2018-09-12 15:24:45] 127.0.0.1 /Back/Customer/update?id=5
INFO: [ app_init ] --START--
INFO: Run Behavior\BuildLiteBehavior [ RunTime:0.000000s ]
INFO: [ app_init ] --END-- [ RunTime:0.000000s ]
NOTIC: [8] Use of undefined constant md5 - assumed 'md5' D:\phpStudy\WWW\fenxiao\ThinkPHP\Common\functions.php 第 588 行.
NOTIC: [8] Undefined variable: id D:\phpStudy\WWW\fenxiao\Application\Back\Model\CustomerModel.class.php 第 143 行.

[2018-09-12 15:24:46] 127.0.0.1 /Back/Customer/update?id=5
INFO: [ app_init ] --START--
INFO: Run Behavior\BuildLiteBehavior [ RunTime:0.000000s ]
INFO: [ app_init ] --END-- [ RunTime:0.000000s ]
NOTIC: [8] Use of undefined constant md5 - assumed 'md5' D:\phpStudy\WWW\fenxiao\ThinkPHP\Common\functions.php 第 588 行.
NOTIC: [8] Undefined variable: id D:\phpStudy\WWW\fenxiao\Application\Back\Model\CustomerModel.class.php 第 143 行.

[2018-09-12 15:25:07] 127.0.0.1 /Back/Customer/update?id=5
INFO: [ app_init ] --START--
INFO: Run Behavior\BuildLiteBehavior [ RunTime:0.000000s ]
INFO: [ app_init ] --END-- [ RunTime:0.000000s ]
NOTIC: [8] Use of undefined constant md5 - assumed 'md5' D:\phpStudy\WWW\fenxiao\ThinkPHP\Common\functions.php 第 588 行.
NOTIC: [8] Undefined variable: id D:\phpStudy\WWW\fenxiao\Application\Back\Model\CustomerModel.class.php 第 143 行.
NOTIC: [8] Undefined variable: id D:\phpStudy\WWW\fenxiao\Application\Back\Model\CustomerModel.class.php 第 143 行.

[2018-09-12 15:25:36] 127.0.0.1 /Back/Customer/update?id=5
INFO: [ app_init ] --START--
INFO: Run Behavior\BuildLiteBehavior [ RunTime:0.000000s ]
INFO: [ app_init ] --END-- [ RunTime:0.001000s ]
NOTIC: [8] Use of undefined constant md5 - assumed 'md5' D:\phpStudy\WWW\fenxiao\ThinkPHP\Common\functions.php 第 588 行.
NOTIC: [8] Undefined variable: id D:\phpStudy\WWW\fenxiao\Application\Back\Model\CustomerModel.class.php 第 143 行.

[2018-09-12 15:26:42] 127.0.0.1 /Back/Customer/update?id=5
INFO: [ app_init ] --START--
INFO: Run Behavior\BuildLiteBehavior [ RunTime:0.000000s ]
INFO: [ app_init ] --END-- [ RunTime:0.000000s ]
NOTIC: [8] Use of undefined constant md5 - assumed 'md5' D:\phpStudy\WWW\fenxiao\ThinkPHP\Common\functions.php 第 588 行.
NOTIC: [8] Undefined variable: id D:\phpStudy\WWW\fenxiao\Application\Back\Model\CustomerModel.class.php 第 143 行.

[2018-09-12 15:26:55] 127.0.0.1 /Back/Customer/update?id=5
INFO: [ app_init ] --START--
INFO: Run Behavior\BuildLiteBehavior [ RunTime:0.000000s ]
INFO: [ app_init ] --END-- [ RunTime:0.000000s ]
NOTIC: [8] Use of undefined constant md5 - assumed 'md5' D:\phpStudy\WWW\fenxiao\ThinkPHP\Common\functions.php 第 588 行.
NOTIC: [8] Undefined variable: id D:\phpStudy\WWW\fenxiao\Application\Back\Model\CustomerModel.class.php 第 143 行.

[2018-09-12 15:28:01] 127.0.0.1 /Back/Customer/update?id=5
INFO: [ app_init ] --START--
INFO: Run Behavior\BuildLiteBehavior [ RunTime:0.000000s ]
INFO: [ app_init ] --END-- [ RunTime:0.001000s ]
NOTIC: [8] Use of undefined constant md5 - assumed 'md5' D:\phpStudy\WWW\fenxiao\ThinkPHP\Common\functions.php 第 588 行.
NOTIC: [8] Undefined variable: id D:\phpStudy\WWW\fenxiao\Application\Back\Model\CustomerModel.class.php 第 143 行.

[2018-09-12 15:28:02] 127.0.0.1 /Back/Customer/update?id=5
INFO: [ app_init ] --START--
INFO: Run Behavior\BuildLiteBehavior [ RunTime:0.000000s ]
INFO: [ app_init ] --END-- [ RunTime:0.000000s ]
NOTIC: [8] Use of undefined constant md5 - assumed 'md5' D:\phpStudy\WWW\fenxiao\ThinkPHP\Common\functions.php 第 588 行.
NOTIC: [8] Undefined variable: id D:\phpStudy\WWW\fenxiao\Application\Back\Model\CustomerModel.class.php 第 143 行.

[2018-09-12 15:28:09] 127.0.0.1 /Back/Customer/update?id=5
INFO: [ app_init ] --START--
INFO: Run Behavior\BuildLiteBehavior [ RunTime:0.000000s ]
INFO: [ app_init ] --END-- [ RunTime:0.001000s ]
NOTIC: [8] Use of undefined constant md5 - assumed 'md5' D:\phpStudy\WWW\fenxiao\ThinkPHP\Common\functions.php 第 588 行.
NOTIC: [8] Undefined variable: id D:\phpStudy\WWW\fenxiao\Application\Back\Model\CustomerModel.class.php 第 143 行.

[2018-09-12 15:28:12] 127.0.0.1 /Back/Customer/update?id=5
INFO: [ app_init ] --START--
INFO: Run Behavior\BuildLiteBehavior [ RunTime:0.001000s ]
INFO: [ app_init ] --END-- [ RunTime:0.001000s ]
NOTIC: [8] Use of undefined constant md5 - assumed 'md5' D:\phpStudy\WWW\fenxiao\ThinkPHP\Common\functions.php 第 588 行.
NOTIC: [8] Undefined variable: id D:\phpStudy\WWW\fenxiao\Application\Back\Model\CustomerModel.class.php 第 143 行.

[2018-09-12 15:28:20] 127.0.0.1 /Back/Customer/update?id=5
INFO: [ app_init ] --START--
INFO: Run Behavior\BuildLiteBehavior [ RunTime:0.000000s ]
INFO: [ app_init ] --END-- [ RunTime:0.000000s ]
NOTIC: [8] Use of undefined constant md5 - assumed 'md5' D:\phpStudy\WWW\fenxiao\ThinkPHP\Common\functions.php 第 588 行.
NOTIC: [8] Undefined variable: id D:\phpStudy\WWW\fenxiao\Application\Back\Model\CustomerModel.class.php 第 143 行.

[2018-09-12 15:29:22] 127.0.0.1 /Back/Customer/update?id=5
INFO: [ app_init ] --START--
INFO: Run Behavior\BuildLiteBehavior [ RunTime:0.000000s ]
INFO: [ app_init ] --END-- [ RunTime:0.000000s ]
NOTIC: [8] Use of undefined constant md5 - assumed 'md5' D:\phpStudy\WWW\fenxiao\ThinkPHP\Common\functions.php 第 588 行.
NOTIC: [8] Undefined variable: id D:\phpStudy\WWW\fenxiao\Application\Back\Model\CustomerModel.class.php 第 143 行.

[2018-09-12 15:29:44] 127.0.0.1 /Back/Customer/update?id=5
INFO: [ app_init ] --START--
INFO: Run Behavior\BuildLiteBehavior [ RunTime:0.000000s ]
INFO: [ app_init ] --END-- [ RunTime:0.001000s ]
NOTIC: [8] Use of undefined constant md5 - assumed 'md5' D:\phpStudy\WWW\fenxiao\ThinkPHP\Common\functions.php 第 588 行.

[2018-09-12 15:30:06] 127.0.0.1 /Back/Customer/update?id=5
INFO: [ app_init ] --START--
INFO: Run Behavior\BuildLiteBehavior [ RunTime:0.000000s ]
INFO: [ app_init ] --END-- [ RunTime:0.001000s ]
NOTIC: [8] Use of undefined constant md5 - assumed 'md5' D:\phpStudy\WWW\fenxiao\ThinkPHP\Common\functions.php 第 588 行.

[2018-09-12 15:30:17] 127.0.0.1 /Back/Customer/update?id=5
INFO: [ app_init ] --START--
INFO: Run Behavior\BuildLiteBehavior [ RunTime:0.000000s ]
INFO: [ app_init ] --END-- [ RunTime:0.001000s ]
NOTIC: [8] Use of undefined constant md5 - assumed 'md5' D:\phpStudy\WWW\fenxiao\ThinkPHP\Common\functions.php 第 588 行.

[2018-09-12 15:30:21] 127.0.0.1 /Back/Line/index?id=2
INFO: [ app_init ] --START--
INFO: Run Behavior\BuildLiteBehavior [ RunTime:0.000000s ]
INFO: [ app_init ] --END-- [ RunTime:0.000000s ]
NOTIC: [8] Use of undefined constant md5 - assumed 'md5' D:\phpStudy\WWW\fenxiao\ThinkPHP\Common\functions.php 第 588 行.
NOTIC: [8] Undefined index: cid D:\phpStudy\WWW\fenxiao\Application\Back\Controller\LineController.class.php 第 35 行.

[2018-09-12 15:30:23] 127.0.0.1 /Back/Line/censor?id=3&type=eye
INFO: [ app_init ] --START--
INFO: Run Behavior\BuildLiteBehavior [ RunTime:0.000000s ]
INFO: [ app_init ] --END-- [ RunTime:0.001000s ]
NOTIC: [8] Use of undefined constant md5 - assumed 'md5' D:\phpStudy\WWW\fenxiao\ThinkPHP\Common\functions.php 第 588 行.

[2018-09-12 15:30:31] 127.0.0.1 /Back/Line/censor?id=3&type=eye
INFO: [ app_init ] --START--
INFO: Run Behavior\BuildLiteBehavior [ RunTime:0.000000s ]
INFO: [ app_init ] --END-- [ RunTime:0.001000s ]
NOTIC: [8] Use of undefined constant md5 - assumed 'md5' D:\phpStudy\WWW\fenxiao\ThinkPHP\Common\functions.php 第 588 行.

[2018-09-12 15:30:37] 127.0.0.1 /Back/Line/censor?id=3&type=eye
INFO: [ app_init ] --START--
INFO: Run Behavior\BuildLiteBehavior [ RunTime:0.000000s ]
INFO: [ app_init ] --END-- [ RunTime:0.001000s ]
NOTIC: [8] Use of undefined constant md5 - assumed 'md5' D:\phpStudy\WWW\fenxiao\ThinkPHP\Common\functions.php 第 588 行.

[2018-09-12 15:31:27] 127.0.0.1 /Back/Customer/update?id=5
INFO: [ app_init ] --START--
INFO: Run Behavior\BuildLiteBehavior [ RunTime:0.000000s ]
INFO: [ app_init ] --END-- [ RunTime:0.000000s ]
NOTIC: [8] Use of undefined constant md5 - assumed 'md5' D:\phpStudy\WWW\fenxiao\ThinkPHP\Common\functions.php 第 588 行.

[2018-09-12 15:31:58] 127.0.0.1 /Back/Customer/update?id=5
INFO: [ app_init ] --START--
INFO: Run Behavior\BuildLiteBehavior [ RunTime:0.000000s ]
INFO: [ app_init ] --END-- [ RunTime:0.001000s ]
NOTIC: [8] Use of undefined constant md5 - assumed 'md5' D:\phpStudy\WWW\fenxiao\ThinkPHP\Common\functions.php 第 588 行.

[2018-09-12 15:32:33] 127.0.0.1 /Back/Customer/update?id=5
INFO: [ app_init ] --START--
INFO: Run Behavior\BuildLiteBehavior [ RunTime:0.000000s ]
INFO: [ app_init ] --END-- [ RunTime:0.000000s ]
NOTIC: [8] Use of undefined constant md5 - assumed 'md5' D:\phpStudy\WWW\fenxiao\ThinkPHP\Common\functions.php 第 588 行.

[2018-09-12 15:33:04] 127.0.0.1 /Back/Customer/execUate
INFO: [ app_init ] --START--
INFO: Run Behavior\BuildLiteBehavior [ RunTime:0.000000s ]
INFO: [ app_init ] --END-- [ RunTime:0.000000s ]
NOTIC: [8] Use of undefined constant md5 - assumed 'md5' D:\phpStudy\WWW\fenxiao\ThinkPHP\Common\functions.php 第 588 行.

[2018-09-12 15:35:06] 127.0.0.1 /Back/Customer/update?id=5
INFO: [ app_init ] --START--
INFO: Run Behavior\BuildLiteBehavior [ RunTime:0.000000s ]
INFO: [ app_init ] --END-- [ RunTime:0.000000s ]
NOTIC: [8] Use of undefined constant md5 - assumed 'md5' D:\phpStudy\WWW\fenxiao\ThinkPHP\Common\functions.php 第 588 行.

[2018-09-12 15:39:29] 127.0.0.1 /Back/Customer/update?id=5
INFO: [ app_init ] --START--
INFO: Run Behavior\BuildLiteBehavior [ RunTime:0.000000s ]
INFO: [ app_init ] --END-- [ RunTime:0.000000s ]
NOTIC: [8] Use of undefined constant md5 - assumed 'md5' D:\phpStudy\WWW\fenxiao\ThinkPHP\Common\functions.php 第 588 行.

[2018-09-12 15:42:14] 127.0.0.1 /Back/Customer/update?id=5
INFO: [ app_init ] --START--
INFO: Run Behavior\BuildLiteBehavior [ RunTime:0.000000s ]
INFO: [ app_init ] --END-- [ RunTime:0.000000s ]
NOTIC: [8] Use of undefined constant md5 - assumed 'md5' D:\phpStudy\WWW\fenxiao\ThinkPHP\Common\functions.php 第 588 行.

[2018-09-12 15:43:13] 127.0.0.1 /Back/Customer/update?id=5
INFO: [ app_init ] --START--
INFO: Run Behavior\BuildLiteBehavior [ RunTime:0.000000s ]
INFO: [ app_init ] --END-- [ RunTime:0.001000s ]
NOTIC: [8] Use of undefined constant md5 - assumed 'md5' D:\phpStudy\WWW\fenxiao\ThinkPHP\Common\functions.php 第 588 行.

[2018-09-12 15:43:56] 127.0.0.1 /Back/Customer/update?id=5
INFO: [ app_init ] --START--
INFO: Run Behavior\BuildLiteBehavior [ RunTime:0.000000s ]
INFO: [ app_init ] --END-- [ RunTime:0.001000s ]
NOTIC: [8] Use of undefined constant md5 - assumed 'md5' D:\phpStudy\WWW\fenxiao\ThinkPHP\Common\functions.php 第 588 行.

[2018-09-12 15:44:06] 127.0.0.1 /Back/Customer/update?id=4
INFO: [ app_init ] --START--
INFO: Run Behavior\BuildLiteBehavior [ RunTime:0.000000s ]
INFO: [ app_init ] --END-- [ RunTime:0.000000s ]
NOTIC: [8] Use of undefined constant md5 - assumed 'md5' D:\phpStudy\WWW\fenxiao\ThinkPHP\Common\functions.php 第 588 行.

[2018-09-12 15:44:11] 127.0.0.1 /Back/Customer/update?id=1
INFO: [ app_init ] --START--
INFO: Run Behavior\BuildLiteBehavior [ RunTime:0.000000s ]
INFO: [ app_init ] --END-- [ RunTime:0.000000s ]
NOTIC: [8] Use of undefined constant md5 - assumed 'md5' D:\phpStudy\WWW\fenxiao\ThinkPHP\Common\functions.php 第 588 行.

[2018-09-12 15:44:21] 127.0.0.1 /Back/Customer/index?zx=00002
INFO: [ app_init ] --START--
INFO: Run Behavior\BuildLiteBehavior [ RunTime:0.000000s ]
INFO: [ app_init ] --END-- [ RunTime:0.001000s ]
NOTIC: [8] Use of undefined constant md5 - assumed 'md5' D:\phpStudy\WWW\fenxiao\ThinkPHP\Common\functions.php 第 588 行.

[2018-09-12 15:44:26] 127.0.0.1 /Back/Customer/index?zx=00002
INFO: [ app_init ] --START--
INFO: Run Behavior\BuildLiteBehavior [ RunTime:0.000000s ]
INFO: [ app_init ] --END-- [ RunTime:0.000000s ]
NOTIC: [8] Use of undefined constant md5 - assumed 'md5' D:\phpStudy\WWW\fenxiao\ThinkPHP\Common\functions.php 第 588 行.

[2018-09-12 15:44:29] 127.0.0.1 /Back/Customer/index?zx=00002
INFO: [ app_init ] --START--
INFO: Run Behavior\BuildLiteBehavior [ RunTime:0.000000s ]
INFO: [ app_init ] --END-- [ RunTime:0.000000s ]
NOTIC: [8] Use of undefined constant md5 - assumed 'md5' D:\phpStudy\WWW\fenxiao\ThinkPHP\Common\functions.php 第 588 行.

[2018-09-12 15:44:34] 127.0.0.1 /Back/Customer/index?zx=00001
INFO: [ app_init ] --START--
INFO: Run Behavior\BuildLiteBehavior [ RunTime:0.000000s ]
INFO: [ app_init ] --END-- [ RunTime:0.000000s ]
NOTIC: [8] Use of undefined constant md5 - assumed 'md5' D:\phpStudy\WWW\fenxiao\ThinkPHP\Common\functions.php 第 588 行.

[2018-09-12 15:44:38] 127.0.0.1 /Back/Customer/update?id=1
INFO: [ app_init ] --START--
INFO: Run Behavior\BuildLiteBehavior [ RunTime:0.000000s ]
INFO: [ app_init ] --END-- [ RunTime:0.001000s ]
NOTIC: [8] Use of undefined constant md5 - assumed 'md5' D:\phpStudy\WWW\fenxiao\ThinkPHP\Common\functions.php 第 588 行.

[2018-09-12 15:45:14] 127.0.0.1 /Back/Customer/update?id=1
INFO: [ app_init ] --START--
INFO: Run Behavior\BuildLiteBehavior [ RunTime:0.000000s ]
INFO: [ app_init ] --END-- [ RunTime:0.001000s ]
NOTIC: [8] Use of undefined constant md5 - assumed 'md5' D:\phpStudy\WWW\fenxiao\ThinkPHP\Common\functions.php 第 588 行.

[2018-09-12 15:48:32] 127.0.0.1 /Back/Customer/update?id=1
INFO: [ app_init ] --START--
INFO: Run Behavior\BuildLiteBehavior [ RunTime:0.000000s ]
INFO: [ app_init ] --END-- [ RunTime:0.000000s ]
NOTIC: [8] Use of undefined constant md5 - assumed 'md5' D:\phpStudy\WWW\fenxiao\ThinkPHP\Common\functions.php 第 588 行.

[2018-09-12 15:49:45] 127.0.0.1 /Back/Customer/update?id=1
INFO: [ app_init ] --START--
INFO: Run Behavior\BuildLiteBehavior [ RunTime:0.000000s ]
INFO: [ app_init ] --END-- [ RunTime:0.001000s ]
NOTIC: [8] Use of undefined constant md5 - assumed 'md5' D:\phpStudy\WWW\fenxiao\ThinkPHP\Common\functions.php 第 588 行.

[2018-09-12 15:50:13] 127.0.0.1 /Back/Customer/index
INFO: [ app_init ] --START--
INFO: Run Behavior\BuildLiteBehavior [ RunTime:0.000000s ]
INFO: [ app_init ] --END-- [ RunTime:0.001000s ]
NOTIC: [8] Use of undefined constant md5 - assumed 'md5' D:\phpStudy\WWW\fenxiao\ThinkPHP\Common\functions.php 第 588 行.

[2018-09-12 15:50:13] 127.0.0.1 /Back/Line/index
INFO: [ app_init ] --START--
INFO: Run Behavior\BuildLiteBehavior [ RunTime:0.000000s ]
INFO: [ app_init ] --END-- [ RunTime:0.001000s ]
NOTIC: [8] Use of undefined constant md5 - assumed 'md5' D:\phpStudy\WWW\fenxiao\ThinkPHP\Common\functions.php 第 588 行.
NOTIC: [8] Undefined index: cid D:\phpStudy\WWW\fenxiao\Application\Back\Controller\LineController.class.php 第 35 行.

[2018-09-12 15:50:27] 127.0.0.1 /Back/Line/index
INFO: [ app_init ] --START--
INFO: Run Behavior\BuildLiteBehavior [ RunTime:0.000000s ]
INFO: [ app_init ] --END-- [ RunTime:0.001000s ]
NOTIC: [8] Use of undefined constant md5 - assumed 'md5' D:\phpStudy\WWW\fenxiao\ThinkPHP\Common\functions.php 第 588 行.
NOTIC: [8] Undefined index: cid D:\phpStudy\WWW\fenxiao\Application\Back\Controller\LineController.class.php 第 35 行.

[2018-09-12 15:50:29] 127.0.0.1 /Back/Line/censor?id=3&type=eye
INFO: [ app_init ] --START--
INFO: Run Behavior\BuildLiteBehavior [ RunTime:0.000000s ]
INFO: [ app_init ] --END-- [ RunTime:0.001000s ]
NOTIC: [8] Use of undefined constant md5 - assumed 'md5' D:\phpStudy\WWW\fenxiao\ThinkPHP\Common\functions.php 第 588 行.

[2018-09-12 15:50:32] 127.0.0.1 /Back/Line/index
INFO: [ app_init ] --START--
INFO: Run Behavior\BuildLiteBehavior [ RunTime:0.000000s ]
INFO: [ app_init ] --END-- [ RunTime:0.000000s ]
NOTIC: [8] Use of undefined constant md5 - assumed 'md5' D:\phpStudy\WWW\fenxiao\ThinkPHP\Common\functions.php 第 588 行.
NOTIC: [8] Undefined index: cid D:\phpStudy\WWW\fenxiao\Application\Back\Controller\LineController.class.php 第 35 行.

[2018-09-12 15:51:00] 127.0.0.1 /Back/Main/index
INFO: [ app_init ] --START--
INFO: Run Behavior\BuildLiteBehavior [ RunTime:0.000000s ]
INFO: [ app_init ] --END-- [ RunTime:0.001000s ]
NOTIC: [8] Use of undefined constant md5 - assumed 'md5' D:\phpStudy\WWW\fenxiao\ThinkPHP\Common\functions.php 第 588 行.

[2018-09-12 15:51:00] 127.0.0.1 /Back/Index/index
INFO: [ app_init ] --START--
INFO: Run Behavior\BuildLiteBehavior [ RunTime:0.000000s ]
INFO: [ app_init ] --END-- [ RunTime:0.001000s ]
NOTIC: [8] Use of undefined constant md5 - assumed 'md5' D:\phpStudy\WWW\fenxiao\ThinkPHP\Common\functions.php 第 588 行.

[2018-09-12 15:51:01] 127.0.0.1 /Back/customer/index
INFO: [ app_init ] --START--
INFO: Run Behavior\BuildLiteBehavior [ RunTime:0.000000s ]
INFO: [ app_init ] --END-- [ RunTime:0.000000s ]
NOTIC: [8] Use of undefined constant md5 - assumed 'md5' D:\phpStudy\WWW\fenxiao\ThinkPHP\Common\functions.php 第 588 行.

[2018-09-12 15:51:03] 127.0.0.1 /Back/Customer/update?id=5
INFO: [ app_init ] --START--
INFO: Run Behavior\BuildLiteBehavior [ RunTime:0.000000s ]
INFO: [ app_init ] --END-- [ RunTime:0.000000s ]
NOTIC: [8] Use of undefined constant md5 - assumed 'md5' D:\phpStudy\WWW\fenxiao\ThinkPHP\Common\functions.php 第 588 行.

[2018-09-12 15:51:05] 127.0.0.1 /Back/Line/index?id=2
INFO: [ app_init ] --START--
INFO: Run Behavior\BuildLiteBehavior [ RunTime:0.000000s ]
INFO: [ app_init ] --END-- [ RunTime:0.000000s ]
NOTIC: [8] Use of undefined constant md5 - assumed 'md5' D:\phpStudy\WWW\fenxiao\ThinkPHP\Common\functions.php 第 588 行.
NOTIC: [8] Undefined index: cid D:\phpStudy\WWW\fenxiao\Application\Back\Controller\LineController.class.php 第 35 行.

[2018-09-12 15:51:07] 127.0.0.1 /Back/Line/censor?id=3&type=eye
INFO: [ app_init ] --START--
INFO: Run Behavior\BuildLiteBehavior [ RunTime:0.000000s ]
INFO: [ app_init ] --END-- [ RunTime:0.001000s ]
NOTIC: [8] Use of undefined constant md5 - assumed 'md5' D:\phpStudy\WWW\fenxiao\ThinkPHP\Common\functions.php 第 588 行.

[2018-09-12 15:51:25] 127.0.0.1 /Back/Line/index
INFO: [ app_init ] --START--
INFO: Run Behavior\BuildLiteBehavior [ RunTime:0.000000s ]
INFO: [ app_init ] --END-- [ RunTime:0.001000s ]
NOTIC: [8] Use of undefined constant md5 - assumed 'md5' D:\phpStudy\WWW\fenxiao\ThinkPHP\Common\functions.php 第 588 行.
NOTIC: [8] Undefined index: cid D:\phpStudy\WWW\fenxiao\Application\Back\Controller\LineController.class.php 第 35 行.

[2018-09-12 15:51:27] 127.0.0.1 /Back/Line/censor?id=3&type=eye
INFO: [ app_init ] --START--
INFO: Run Behavior\BuildLiteBehavior [ RunTime:0.000000s ]
INFO: [ app_init ] --END-- [ RunTime:0.001000s ]
NOTIC: [8] Use of undefined constant md5 - assumed 'md5' D:\phpStudy\WWW\fenxiao\ThinkPHP\Common\functions.php 第 588 行.

[2018-09-12 15:52:27] 127.0.0.1 /Back/Line/index
INFO: [ app_init ] --START--
INFO: Run Behavior\BuildLiteBehavior [ RunTime:0.000000s ]
INFO: [ app_init ] --END-- [ RunTime:0.001000s ]
NOTIC: [8] Use of undefined constant md5 - assumed 'md5' D:\phpStudy\WWW\fenxiao\ThinkPHP\Common\functions.php 第 588 行.
NOTIC: [8] Undefined index: cid D:\phpStudy\WWW\fenxiao\Application\Back\Controller\LineController.class.php 第 35 行.

[2018-09-12 15:52:28] 127.0.0.1 /Back/Recovery/index
INFO: [ app_init ] --START--
INFO: Run Behavior\BuildLiteBehavior [ RunTime:0.000000s ]
INFO: [ app_init ] --END-- [ RunTime:0.000000s ]
NOTIC: [8] Use of undefined constant md5 - assumed 'md5' D:\phpStudy\WWW\fenxiao\ThinkPHP\Common\functions.php 第 588 行.

[2018-09-12 15:52:28] 127.0.0.1 /Back/Customer/index
INFO: [ app_init ] --START--
INFO: Run Behavior\BuildLiteBehavior [ RunTime:0.000000s ]
INFO: [ app_init ] --END-- [ RunTime:0.001000s ]
NOTIC: [8] Use of undefined constant md5 - assumed 'md5' D:\phpStudy\WWW\fenxiao\ThinkPHP\Common\functions.php 第 588 行.

[2018-09-12 15:52:30] 127.0.0.1 /Back/Customer/update?id=5
INFO: [ app_init ] --START--
INFO: Run Behavior\BuildLiteBehavior [ RunTime:0.000000s ]
INFO: [ app_init ] --END-- [ RunTime:0.000000s ]
NOTIC: [8] Use of undefined constant md5 - assumed 'md5' D:\phpStudy\WWW\fenxiao\ThinkPHP\Common\functions.php 第 588 行.

[2018-09-12 15:52:32] 127.0.0.1 /Back/Line/index?id=2
INFO: [ app_init ] --START--
INFO: Run Behavior\BuildLiteBehavior [ RunTime:0.000000s ]
INFO: [ app_init ] --END-- [ RunTime:0.000000s ]
NOTIC: [8] Use of undefined constant md5 - assumed 'md5' D:\phpStudy\WWW\fenxiao\ThinkPHP\Common\functions.php 第 588 行.
NOTIC: [8] Undefined index: cid D:\phpStudy\WWW\fenxiao\Application\Back\Controller\LineController.class.php 第 35 行.

[2018-09-12 15:53:26] 127.0.0.1 /Back/Main/index
INFO: [ app_init ] --START--
INFO: Run Behavior\BuildLiteBehavior [ RunTime:0.000000s ]
INFO: [ app_init ] --END-- [ RunTime:0.001000s ]
NOTIC: [8] Use of undefined constant md5 - assumed 'md5' D:\phpStudy\WWW\fenxiao\ThinkPHP\Common\functions.php 第 588 行.

[2018-09-12 15:53:26] 127.0.0.1 /Back/Index/index
INFO: [ app_init ] --START--
INFO: Run Behavior\BuildLiteBehavior [ RunTime:0.002000s ]
INFO: [ app_init ] --END-- [ RunTime:0.002000s ]
NOTIC: [8] Use of undefined constant md5 - assumed 'md5' D:\phpStudy\WWW\fenxiao\ThinkPHP\Common\functions.php 第 588 行.

[2018-09-12 15:53:29] 127.0.0.1 /Back/Customer/index
INFO: [ app_init ] --START--
INFO: Run Behavior\BuildLiteBehavior [ RunTime:0.000000s ]
INFO: [ app_init ] --END-- [ RunTime:0.000000s ]
NOTIC: [8] Use of undefined constant md5 - assumed 'md5' D:\phpStudy\WWW\fenxiao\ThinkPHP\Common\functions.php 第 588 行.

[2018-09-12 15:53:37] 127.0.0.1 /Back/Customer/update?id=2
INFO: [ app_init ] --START--
INFO: Run Behavior\BuildLiteBehavior [ RunTime:0.000000s ]
INFO: [ app_init ] --END-- [ RunTime:0.000000s ]
NOTIC: [8] Use of undefined constant md5 - assumed 'md5' D:\phpStudy\WWW\fenxiao\ThinkPHP\Common\functions.php 第 588 行.

[2018-09-12 15:53:42] 127.0.0.1 /Back/Customer/update?id=2
INFO: [ app_init ] --START--
INFO: Run Behavior\BuildLiteBehavior [ RunTime:0.000000s ]
INFO: [ app_init ] --END-- [ RunTime:0.000000s ]
NOTIC: [8] Use of undefined constant md5 - assumed 'md5' D:\phpStudy\WWW\fenxiao\ThinkPHP\Common\functions.php 第 588 行.

[2018-09-12 15:54:04] 127.0.0.1 /Back/Customer/update?id=2
INFO: [ app_init ] --START--
INFO: Run Behavior\BuildLiteBehavior [ RunTime:0.000000s ]
INFO: [ app_init ] --END-- [ RunTime:0.001000s ]
NOTIC: [8] Use of undefined constant md5 - assumed 'md5' D:\phpStudy\WWW\fenxiao\ThinkPHP\Common\functions.php 第 588 行.

[2018-09-12 15:54:27] 127.0.0.1 /Back/Customer/update?id=2
INFO: [ app_init ] --START--
INFO: Run Behavior\BuildLiteBehavior [ RunTime:0.000000s ]
INFO: [ app_init ] --END-- [ RunTime:0.000000s ]
NOTIC: [8] Use of undefined constant md5 - assumed 'md5' D:\phpStudy\WWW\fenxiao\ThinkPHP\Common\functions.php 第 588 行.

[2018-09-12 15:54:38] 127.0.0.1 /Back/Customer/update?id=2
INFO: [ app_init ] --START--
INFO: Run Behavior\BuildLiteBehavior [ RunTime:0.000000s ]
INFO: [ app_init ] --END-- [ RunTime:0.000000s ]
NOTIC: [8] Use of undefined constant md5 - assumed 'md5' D:\phpStudy\WWW\fenxiao\ThinkPHP\Common\functions.php 第 588 行.

[2018-09-12 15:55:29] 127.0.0.1 /Back/Customer/update?id=2
INFO: [ app_init ] --START--
INFO: Run Behavior\BuildLiteBehavior [ RunTime:0.000000s ]
INFO: [ app_init ] --END-- [ RunTime:0.001000s ]
NOTIC: [8] Use of undefined constant md5 - assumed 'md5' D:\phpStudy\WWW\fenxiao\ThinkPHP\Common\functions.php 第 588 行.

[2018-09-12 15:55:37] 127.0.0.1 /Back/Line/index
INFO: [ app_init ] --START--
INFO: Run Behavior\BuildLiteBehavior [ RunTime:0.000000s ]
INFO: [ app_init ] --END-- [ RunTime:0.000000s ]
NOTIC: [8] Use of undefined constant md5 - assumed 'md5' D:\phpStudy\WWW\fenxiao\ThinkPHP\Common\functions.php 第 588 行.
NOTIC: [8] Undefined index: cid D:\phpStudy\WWW\fenxiao\Application\Back\Controller\LineController.class.php 第 35 行.

[2018-09-12 15:55:41] 127.0.0.1 /Back/Customer/index
INFO: [ app_init ] --START--
INFO: Run Behavior\BuildLiteBehavior [ RunTime:0.000000s ]
INFO: [ app_init ] --END-- [ RunTime:0.000000s ]
NOTIC: [8] Use of undefined constant md5 - assumed 'md5' D:\phpStudy\WWW\fenxiao\ThinkPHP\Common\functions.php 第 588 行.

[2018-09-12 15:55:44] 127.0.0.1 /Back/Customer/update?id=1
INFO: [ app_init ] --START--
INFO: Run Behavior\BuildLiteBehavior [ RunTime:0.000000s ]
INFO: [ app_init ] --END-- [ RunTime:0.000000s ]
NOTIC: [8] Use of undefined constant md5 - assumed 'md5' D:\phpStudy\WWW\fenxiao\ThinkPHP\Common\functions.php 第 588 行.

[2018-09-12 15:55:48] 127.0.0.1 /Back/Customer/update?id=1
INFO: [ app_init ] --START--
INFO: Run Behavior\BuildLiteBehavior [ RunTime:0.000000s ]
INFO: [ app_init ] --END-- [ RunTime:0.001000s ]
NOTIC: [8] Use of undefined constant md5 - assumed 'md5' D:\phpStudy\WWW\fenxiao\ThinkPHP\Common\functions.php 第 588 行.

[2018-09-12 15:56:05] 127.0.0.1 /Back/Customer/update?id=1
INFO: [ app_init ] --START--
INFO: Run Behavior\BuildLiteBehavior [ RunTime:0.000000s ]
INFO: [ app_init ] --END-- [ RunTime:0.001000s ]
NOTIC: [8] Use of undefined constant md5 - assumed 'md5' D:\phpStudy\WWW\fenxiao\ThinkPHP\Common\functions.php 第 588 行.

[2018-09-12 15:56:08] 127.0.0.1 /Back/Line/index?id=1
INFO: [ app_init ] --START--
INFO: Run Behavior\BuildLiteBehavior [ RunTime:0.000000s ]
INFO: [ app_init ] --END-- [ RunTime:0.001000s ]
NOTIC: [8] Use of undefined constant md5 - assumed 'md5' D:\phpStudy\WWW\fenxiao\ThinkPHP\Common\functions.php 第 588 行.
NOTIC: [8] Undefined index: cid D:\phpStudy\WWW\fenxiao\Application\Back\Controller\LineController.class.php 第 35 行.

[2018-09-12 15:56:16] 127.0.0.1 /Back/Line/index?id=1
INFO: [ app_init ] --START--
INFO: Run Behavior\BuildLiteBehavior [ RunTime:0.000000s ]
INFO: [ app_init ] --END-- [ RunTime:0.000000s ]
NOTIC: [8] Use of undefined constant md5 - assumed 'md5' D:\phpStudy\WWW\fenxiao\ThinkPHP\Common\functions.php 第 588 行.
NOTIC: [8] Undefined index: cid D:\phpStudy\WWW\fenxiao\Application\Back\Controller\LineController.class.php 第 35 行.

[2018-09-12 15:56:56] 127.0.0.1 /Back/Customer/update?id=1
INFO: [ app_init ] --START--
INFO: Run Behavior\BuildLiteBehavior [ RunTime:0.000000s ]
INFO: [ app_init ] --END-- [ RunTime:0.001000s ]
NOTIC: [8] Use of undefined constant md5 - assumed 'md5' D:\phpStudy\WWW\fenxiao\ThinkPHP\Common\functions.php 第 588 行.

[2018-09-12 15:57:14] 127.0.0.1 /Back/Customer/update?id=1
INFO: [ app_init ] --START--
INFO: Run Behavior\BuildLiteBehavior [ RunTime:0.000000s ]
INFO: [ app_init ] --END-- [ RunTime:0.000000s ]
NOTIC: [8] Use of undefined constant md5 - assumed 'md5' D:\phpStudy\WWW\fenxiao\ThinkPHP\Common\functions.php 第 588 行.

[2018-09-12 15:57:15] 127.0.0.1 /Back/Line/index?id=1
INFO: [ app_init ] --START--
INFO: Run Behavior\BuildLiteBehavior [ RunTime:0.000000s ]
INFO: [ app_init ] --END-- [ RunTime:0.000000s ]
NOTIC: [8] Use of undefined constant md5 - assumed 'md5' D:\phpStudy\WWW\fenxiao\ThinkPHP\Common\functions.php 第 588 行.
NOTIC: [8] Undefined index: cid D:\phpStudy\WWW\fenxiao\Application\Back\Controller\LineController.class.php 第 35 行.

[2018-09-12 15:58:30] 127.0.0.1 /Back/Customer/update?id=4
INFO: [ app_init ] --START--
INFO: Run Behavior\BuildLiteBehavior [ RunTime:0.000000s ]
INFO: [ app_init ] --END-- [ RunTime:0.000000s ]
NOTIC: [8] Use of undefined constant md5 - assumed 'md5' D:\phpStudy\WWW\fenxiao\ThinkPHP\Common\functions.php 第 588 行.

[2018-09-12 15:58:49] 127.0.0.1 /Back/Customer/update?id=1
INFO: [ app_init ] --START--
INFO: Run Behavior\BuildLiteBehavior [ RunTime:0.000000s ]
INFO: [ app_init ] --END-- [ RunTime:0.000000s ]
NOTIC: [8] Use of undefined constant md5 - assumed 'md5' D:\phpStudy\WWW\fenxiao\ThinkPHP\Common\functions.php 第 588 行.

[2018-09-12 15:58:56] 127.0.0.1 /Back/Line/censor?id=3&type=eye
INFO: [ app_init ] --START--
INFO: Run Behavior\BuildLiteBehavior [ RunTime:0.000000s ]
INFO: [ app_init ] --END-- [ RunTime:0.000000s ]
NOTIC: [8] Use of undefined constant md5 - assumed 'md5' D:\phpStudy\WWW\fenxiao\ThinkPHP\Common\functions.php 第 588 行.

[2018-09-12 15:58:59] 127.0.0.1 /Back/Line/censor?id=4&type=eye
INFO: [ app_init ] --START--
INFO: Run Behavior\BuildLiteBehavior [ RunTime:0.000000s ]
INFO: [ app_init ] --END-- [ RunTime:0.000000s ]
NOTIC: [8] Use of undefined constant md5 - assumed 'md5' D:\phpStudy\WWW\fenxiao\ThinkPHP\Common\functions.php 第 588 行.

[2018-09-12 15:59:07] 127.0.0.1 /Back/Customer/index
INFO: [ app_init ] --START--
INFO: Run Behavior\BuildLiteBehavior [ RunTime:0.000000s ]
INFO: [ app_init ] --END-- [ RunTime:0.001000s ]
NOTIC: [8] Use of undefined constant md5 - assumed 'md5' D:\phpStudy\WWW\fenxiao\ThinkPHP\Common\functions.php 第 588 行.

[2018-09-12 15:59:12] 127.0.0.1 /Back/Customer/update?id=4
INFO: [ app_init ] --START--
INFO: Run Behavior\BuildLiteBehavior [ RunTime:0.000000s ]
INFO: [ app_init ] --END-- [ RunTime:0.000000s ]
NOTIC: [8] Use of undefined constant md5 - assumed 'md5' D:\phpStudy\WWW\fenxiao\ThinkPHP\Common\functions.php 第 588 行.

[2018-09-12 16:01:44] 127.0.0.1 /Back/Line/index
INFO: [ app_init ] --START--
INFO: Run Behavior\BuildLiteBehavior [ RunTime:0.000000s ]
INFO: [ app_init ] --END-- [ RunTime:0.000000s ]
NOTIC: [8] Use of undefined constant md5 - assumed 'md5' D:\phpStudy\WWW\fenxiao\ThinkPHP\Common\functions.php 第 588 行.
NOTIC: [8] Undefined index: cid D:\phpStudy\WWW\fenxiao\Application\Back\Controller\LineController.class.php 第 35 行.
NOTIC: [8] Undefined index: id D:\phpStudy\WWW\fenxiao\Application\Runtime\Cache\Back\600bc7e28499a9f4afd843d123c688e9.php 第 65 行.
NOTIC: [8] Undefined index: id D:\phpStudy\WWW\fenxiao\Application\Runtime\Cache\Back\600bc7e28499a9f4afd843d123c688e9.php 第 65 行.

[2018-09-12 16:01:55] 127.0.0.1 /Back/Customer/index
INFO: [ app_init ] --START--
INFO: Run Behavior\BuildLiteBehavior [ RunTime:0.000000s ]
INFO: [ app_init ] --END-- [ RunTime:0.001000s ]
NOTIC: [8] Use of undefined constant md5 - assumed 'md5' D:\phpStudy\WWW\fenxiao\ThinkPHP\Common\functions.php 第 588 行.

[2018-09-12 16:01:58] 127.0.0.1 /Back/Customer/update?id=4
INFO: [ app_init ] --START--
INFO: Run Behavior\BuildLiteBehavior [ RunTime:0.000000s ]
INFO: [ app_init ] --END-- [ RunTime:0.000000s ]
NOTIC: [8] Use of undefined constant md5 - assumed 'md5' D:\phpStudy\WWW\fenxiao\ThinkPHP\Common\functions.php 第 588 行.

[2018-09-12 16:02:02] 127.0.0.1 /Back/Customer/update?id=2
INFO: [ app_init ] --START--
INFO: Run Behavior\BuildLiteBehavior [ RunTime:0.000000s ]
INFO: [ app_init ] --END-- [ RunTime:0.001000s ]
NOTIC: [8] Use of undefined constant md5 - assumed 'md5' D:\phpStudy\WWW\fenxiao\ThinkPHP\Common\functions.php 第 588 行.

[2018-09-12 16:02:06] 127.0.0.1 /Back/Customer/update?id=2
INFO: [ app_init ] --START--
INFO: Run Behavior\BuildLiteBehavior [ RunTime:0.000000s ]
INFO: [ app_init ] --END-- [ RunTime:0.000000s ]
NOTIC: [8] Use of undefined constant md5 - assumed 'md5' D:\phpStudy\WWW\fenxiao\ThinkPHP\Common\functions.php 第 588 行.

[2018-09-12 16:02:14] 127.0.0.1 /Back/Customer/index
INFO: [ app_init ] --START--
INFO: Run Behavior\BuildLiteBehavior [ RunTime:0.000000s ]
INFO: [ app_init ] --END-- [ RunTime:0.001000s ]
NOTIC: [8] Use of undefined constant md5 - assumed 'md5' D:\phpStudy\WWW\fenxiao\ThinkPHP\Common\functions.php 第 588 行.

[2018-09-12 16:02:24] 127.0.0.1 /Back/Customer/update?id=2
INFO: [ app_init ] --START--
INFO: Run Behavior\BuildLiteBehavior [ RunTime:0.000000s ]
INFO: [ app_init ] --END-- [ RunTime:0.000000s ]
NOTIC: [8] Use of undefined constant md5 - assumed 'md5' D:\phpStudy\WWW\fenxiao\ThinkPHP\Common\functions.php 第 588 行.

[2018-09-12 16:02:29] 127.0.0.1 /Back/Customer/update?id=2
INFO: [ app_init ] --START--
INFO: Run Behavior\BuildLiteBehavior [ RunTime:0.000000s ]
INFO: [ app_init ] --END-- [ RunTime:0.001000s ]
NOTIC: [8] Use of undefined constant md5 - assumed 'md5' D:\phpStudy\WWW\fenxiao\ThinkPHP\Common\functions.php 第 588 行.

[2018-09-12 16:03:34] 127.0.0.1 /Back/Customer/update?id=2
INFO: [ app_init ] --START--
INFO: Run Behavior\BuildLiteBehavior [ RunTime:0.000000s ]
INFO: [ app_init ] --END-- [ RunTime:0.000000s ]
NOTIC: [8] Use of undefined constant md5 - assumed 'md5' D:\phpStudy\WWW\fenxiao\ThinkPHP\Common\functions.php 第 588 行.

[2018-09-12 16:05:09] 127.0.0.1 /Back/Customer/update?id=2
INFO: [ app_init ] --START--
INFO: Run Behavior\BuildLiteBehavior [ RunTime:0.000000s ]
INFO: [ app_init ] --END-- [ RunTime:0.000000s ]
NOTIC: [8] Use of undefined constant md5 - assumed 'md5' D:\phpStudy\WWW\fenxiao\ThinkPHP\Common\functions.php 第 588 行.

[2018-09-12 16:05:17] 127.0.0.1 /Back/Customer/update?id=2
INFO: [ app_init ] --START--
INFO: Run Behavior\BuildLiteBehavior [ RunTime:0.000000s ]
INFO: [ app_init ] --END-- [ RunTime:0.000000s ]
NOTIC: [8] Use of undefined constant md5 - assumed 'md5' D:\phpStudy\WWW\fenxiao\ThinkPHP\Common\functions.php 第 588 行.

[2018-09-12 16:05:18] 127.0.0.1 /Back/Line/index?id=1
INFO: [ app_init ] --START--
INFO: Run Behavior\BuildLiteBehavior [ RunTime:0.000000s ]
INFO: [ app_init ] --END-- [ RunTime:0.000000s ]
NOTIC: [8] Use of undefined constant md5 - assumed 'md5' D:\phpStudy\WWW\fenxiao\ThinkPHP\Common\functions.php 第 588 行.
NOTIC: [8] Undefined index: cid D:\phpStudy\WWW\fenxiao\Application\Back\Controller\LineController.class.php 第 35 行.

[2018-09-12 16:06:52] 127.0.0.1 /Back/Line/index?id=1
INFO: [ app_init ] --START--
INFO: Run Behavior\BuildLiteBehavior [ RunTime:0.000000s ]
INFO: [ app_init ] --END-- [ RunTime:0.001000s ]
NOTIC: [8] Use of undefined constant md5 - assumed 'md5' D:\phpStudy\WWW\fenxiao\ThinkPHP\Common\functions.php 第 588 行.
NOTIC: [8] Undefined index: cid D:\phpStudy\WWW\fenxiao\Application\Back\Controller\LineController.class.php 第 35 行.

[2018-09-12 16:06:57] 127.0.0.1 /Back/Line/index
INFO: [ app_init ] --START--
INFO: Run Behavior\BuildLiteBehavior [ RunTime:0.000000s ]
INFO: [ app_init ] --END-- [ RunTime:0.000000s ]
NOTIC: [8] Use of undefined constant md5 - assumed 'md5' D:\phpStudy\WWW\fenxiao\ThinkPHP\Common\functions.php 第 588 行.
NOTIC: [8] Undefined index: cid D:\phpStudy\WWW\fenxiao\Application\Back\Controller\LineController.class.php 第 35 行.
NOTIC: [8] Undefined index: id D:\phpStudy\WWW\fenxiao\Application\Runtime\Cache\Back\600bc7e28499a9f4afd843d123c688e9.php 第 65 行.
NOTIC: [8] Undefined index: id D:\phpStudy\WWW\fenxiao\Application\Runtime\Cache\Back\600bc7e28499a9f4afd843d123c688e9.php 第 65 行.

[2018-09-12 16:07:05] 127.0.0.1 /Back/Line/index?id=4
INFO: [ app_init ] --START--
INFO: Run Behavior\BuildLiteBehavior [ RunTime:0.000000s ]
INFO: [ app_init ] --END-- [ RunTime:0.001000s ]
NOTIC: [8] Use of undefined constant md5 - assumed 'md5' D:\phpStudy\WWW\fenxiao\ThinkPHP\Common\functions.php 第 588 行.
NOTIC: [8] Undefined index: cid D:\phpStudy\WWW\fenxiao\Application\Back\Controller\LineController.class.php 第 35 行.

[2018-09-12 16:07:56] 127.0.0.1 /Back/Line/index?id=4
INFO: [ app_init ] --START--
INFO: Run Behavior\BuildLiteBehavior [ RunTime:0.000000s ]
INFO: [ app_init ] --END-- [ RunTime:0.000000s ]
NOTIC: [8] Use of undefined constant md5 - assumed 'md5' D:\phpStudy\WWW\fenxiao\ThinkPHP\Common\functions.php 第 588 行.
NOTIC: [8] Undefined index: cid D:\phpStudy\WWW\fenxiao\Application\Back\Controller\LineController.class.php 第 35 行.

[2018-09-12 16:07:58] 127.0.0.1 /Back/Line/censor?id=3&type=eye
INFO: [ app_init ] --START--
INFO: Run Behavior\BuildLiteBehavior [ RunTime:0.000000s ]
INFO: [ app_init ] --END-- [ RunTime:0.001000s ]
NOTIC: [8] Use of undefined constant md5 - assumed 'md5' D:\phpStudy\WWW\fenxiao\ThinkPHP\Common\functions.php 第 588 行.

[2018-09-12 16:08:02] 127.0.0.1 /Back/Line/censor?id=4&type=eye
INFO: [ app_init ] --START--
INFO: Run Behavior\BuildLiteBehavior [ RunTime:0.000000s ]
INFO: [ app_init ] --END-- [ RunTime:0.001000s ]
NOTIC: [8] Use of undefined constant md5 - assumed 'md5' D:\phpStudy\WWW\fenxiao\ThinkPHP\Common\functions.php 第 588 行.

[2018-09-12 16:08:20] 127.0.0.1 /Back/Line/index
INFO: [ app_init ] --START--
INFO: Run Behavior\BuildLiteBehavior [ RunTime:0.000000s ]
INFO: [ app_init ] --END-- [ RunTime:0.001000s ]
NOTIC: [8] Use of undefined constant md5 - assumed 'md5' D:\phpStudy\WWW\fenxiao\ThinkPHP\Common\functions.php 第 588 行.
NOTIC: [8] Undefined index: cid D:\phpStudy\WWW\fenxiao\Application\Back\Controller\LineController.class.php 第 35 行.
NOTIC: [8] Undefined index: id D:\phpStudy\WWW\fenxiao\Application\Runtime\Cache\Back\600bc7e28499a9f4afd843d123c688e9.php 第 65 行.
NOTIC: [8] Undefined index: id D:\phpStudy\WWW\fenxiao\Application\Runtime\Cache\Back\600bc7e28499a9f4afd843d123c688e9.php 第 65 行.

[2018-09-12 16:08:20] 127.0.0.1 /Back/Line/index
INFO: [ app_init ] --START--
INFO: Run Behavior\BuildLiteBehavior [ RunTime:0.000000s ]
INFO: [ app_init ] --END-- [ RunTime:0.000000s ]
NOTIC: [8] Use of undefined constant md5 - assumed 'md5' D:\phpStudy\WWW\fenxiao\ThinkPHP\Common\functions.php 第 588 行.
NOTIC: [8] Undefined index: cid D:\phpStudy\WWW\fenxiao\Application\Back\Controller\LineController.class.php 第 35 行.
NOTIC: [8] Undefined index: id D:\phpStudy\WWW\fenxiao\Application\Runtime\Cache\Back\600bc7e28499a9f4afd843d123c688e9.php 第 65 行.
NOTIC: [8] Undefined index: id D:\phpStudy\WWW\fenxiao\Application\Runtime\Cache\Back\600bc7e28499a9f4afd843d123c688e9.php 第 65 行.

[2018-09-12 16:08:21] 127.0.0.1 /Back/Money/index
INFO: [ app_init ] --START--
INFO: Run Behavior\BuildLiteBehavior [ RunTime:0.000000s ]
INFO: [ app_init ] --END-- [ RunTime:0.000000s ]
NOTIC: [8] Use of undefined constant md5 - assumed 'md5' D:\phpStudy\WWW\fenxiao\ThinkPHP\Common\functions.php 第 588 行.

[2018-09-12 16:08:30] 127.0.0.1 /Back/Customer/index
INFO: [ app_init ] --START--
INFO: Run Behavior\BuildLiteBehavior [ RunTime:0.000000s ]
INFO: [ app_init ] --END-- [ RunTime:0.001000s ]
NOTIC: [8] Use of undefined constant md5 - assumed 'md5' D:\phpStudy\WWW\fenxiao\ThinkPHP\Common\functions.php 第 588 行.

[2018-09-12 16:08:36] 127.0.0.1 /Back/Money/index?id=2
INFO: [ app_init ] --START--
INFO: Run Behavior\BuildLiteBehavior [ RunTime:0.000000s ]
INFO: [ app_init ] --END-- [ RunTime:0.000000s ]
NOTIC: [8] Use of undefined constant md5 - assumed 'md5' D:\phpStudy\WWW\fenxiao\ThinkPHP\Common\functions.php 第 588 行.

[2018-09-12 16:08:39] 127.0.0.1 /Back/Money/index?id=1
INFO: [ app_init ] --START--
INFO: Run Behavior\BuildLiteBehavior [ RunTime:0.000000s ]
INFO: [ app_init ] --END-- [ RunTime:0.000000s ]
NOTIC: [8] Use of undefined constant md5 - assumed 'md5' D:\phpStudy\WWW\fenxiao\ThinkPHP\Common\functions.php 第 588 行.

[2018-09-12 16:08:46] 127.0.0.1 /Back/Customer/update?id=1
INFO: [ app_init ] --START--
INFO: Run Behavior\BuildLiteBehavior [ RunTime:0.000000s ]
INFO: [ app_init ] --END-- [ RunTime:0.001000s ]
NOTIC: [8] Use of undefined constant md5 - assumed 'md5' D:\phpStudy\WWW\fenxiao\ThinkPHP\Common\functions.php 第 588 行.

[2018-09-12 16:08:50] 127.0.0.1 /Back/Money/update?id=1
INFO: [ app_init ] --START--
INFO: Run Behavior\BuildLiteBehavior [ RunTime:0.000000s ]
INFO: [ app_init ] --END-- [ RunTime:0.001000s ]
NOTIC: [8] Use of undefined constant md5 - assumed 'md5' D:\phpStudy\WWW\fenxiao\ThinkPHP\Common\functions.php 第 588 行.

[2018-09-12 16:09:05] 127.0.0.1 /Back/Money/execUate
INFO: [ app_init ] --START--
INFO: Run Behavior\BuildLiteBehavior [ RunTime:0.000000s ]
INFO: [ app_init ] --END-- [ RunTime:0.000000s ]
NOTIC: [8] Use of undefined constant md5 - assumed 'md5' D:\phpStudy\WWW\fenxiao\ThinkPHP\Common\functions.php 第 588 行.

[2018-09-12 16:09:06] 127.0.0.1 /Back/Money/index
INFO: [ app_init ] --START--
INFO: Run Behavior\BuildLiteBehavior [ RunTime:0.000000s ]
INFO: [ app_init ] --END-- [ RunTime:0.001000s ]
NOTIC: [8] Use of undefined constant md5 - assumed 'md5' D:\phpStudy\WWW\fenxiao\ThinkPHP\Common\functions.php 第 588 行.

[2018-09-12 16:09:27] 127.0.0.1 /Back/Login/login_out
INFO: [ app_init ] --START--
INFO: Run Behavior\BuildLiteBehavior [ RunTime:0.000000s ]
INFO: [ app_init ] --END-- [ RunTime:0.001000s ]
NOTIC: [8] Undefined variable: token D:\phpStudy\WWW\fenxiao\Application\Back\Controller\LoginController.class.php 第 148 行.

[2018-09-12 16:09:28] 127.0.0.1 /Back/Login/sign
INFO: [ app_init ] --START--
INFO: Run Behavior\BuildLiteBehavior [ RunTime:0.000000s ]
INFO: [ app_init ] --END-- [ RunTime:0.001000s ]
NOTIC: [8] Undefined variable: code D:\phpStudy\WWW\fenxiao\Application\Runtime\Cache\Back\d969c12762d65e2769541579706f2981.php 第 68 行.

[2018-09-12 16:09:28] 127.0.0.1 /Back/Login/verify
INFO: [ app_init ] --START--
INFO: Run Behavior\BuildLiteBehavior [ RunTime:0.000000s ]
INFO: [ app_init ] --END-- [ RunTime:0.000000s ]

[2018-09-12 16:23:34] 127.0.0.1 /Back/Main/index
INFO: [ app_init ] --START--
INFO: Run Behavior\BuildLiteBehavior [ RunTime:0.000000s ]
INFO: [ app_init ] --END-- [ RunTime:0.001000s ]

[2018-09-12 16:24:48] 127.0.0.1 /Back/Main/index
INFO: [ app_init ] --START--
INFO: Run Behavior\BuildLiteBehavior [ RunTime:0.000000s ]
INFO: [ app_init ] --END-- [ RunTime:0.000000s ]

[2018-09-12 16:24:49] 127.0.0.1 /Back/Main/index
INFO: [ app_init ] --START--
INFO: Run Behavior\BuildLiteBehavior [ RunTime:0.000000s ]
INFO: [ app_init ] --END-- [ RunTime:0.000000s ]

[2018-09-12 16:24:52] 127.0.0.1 /Back/Login/sign
INFO: [ app_init ] --START--
INFO: Run Behavior\BuildLiteBehavior [ RunTime:0.000000s ]
INFO: [ app_init ] --END-- [ RunTime:0.000000s ]

[2018-09-12 16:24:56] 127.0.0.1 /Back/Login/sign
INFO: [ app_init ] --START--
INFO: Run Behavior\BuildLiteBehavior [ RunTime:0.000000s ]
INFO: [ app_init ] --END-- [ RunTime:0.001000s ]

[2018-09-12 16:25:23] 127.0.0.1 /Back/Login/sign
INFO: [ app_init ] --START--
INFO: Run Behavior\BuildLiteBehavior [ RunTime:0.000000s ]
INFO: [ app_init ] --END-- [ RunTime:0.001000s ]
NOTIC: [8] Undefined variable: code D:\phpStudy\WWW\fenxiao\Application\Runtime\Cache\Back\d969c12762d65e2769541579706f2981.php 第 68 行.

[2018-09-12 16:25:24] 127.0.0.1 /Back/Login/verify
INFO: [ app_init ] --START--
INFO: Run Behavior\BuildLiteBehavior [ RunTime:0.000000s ]
INFO: [ app_init ] --END-- [ RunTime:0.001000s ]

[2018-09-12 16:27:39] 127.0.0.1 /Back/Login/sign
INFO: [ app_init ] --START--
INFO: Run Behavior\BuildLiteBehavior [ RunTime:0.000000s ]
INFO: [ app_init ] --END-- [ RunTime:0.000000s ]
NOTIC: [8] Undefined variable: code D:\phpStudy\WWW\fenxiao\Application\Runtime\Cache\Back\d969c12762d65e2769541579706f2981.php 第 68 行.

[2018-09-12 16:27:39] 127.0.0.1 /Back/Login/verify
INFO: [ app_init ] --START--
INFO: Run Behavior\BuildLiteBehavior [ RunTime:0.000000s ]
INFO: [ app_init ] --END-- [ RunTime:0.000000s ]

[2018-09-12 16:27:55] 127.0.0.1 /Back/Login/login
INFO: [ app_init ] --START--
INFO: Run Behavior\BuildLiteBehavior [ RunTime:0.000000s ]
INFO: [ app_init ] --END-- [ RunTime:0.001000s ]
NOTIC: [8] Use of undefined constant md5 - assumed 'md5' D:\phpStudy\WWW\fenxiao\ThinkPHP\Common\functions.php 第 588 行.
NOTIC: [8] Undefined index: validate D:\phpStudy\WWW\fenxiao\ThinkPHP\Library\Think\Model.class.php 第 1192 行.
NOTIC: [8] Undefined index: auto D:\phpStudy\WWW\fenxiao\ThinkPHP\Library\Think\Model.class.php 第 1130 行.

[2018-09-12 16:28:16] 127.0.0.1 /Back/Login/login
INFO: [ app_init ] --START--
INFO: Run Behavior\BuildLiteBehavior [ RunTime:0.000000s ]
INFO: [ app_init ] --END-- [ RunTime:0.000000s ]
NOTIC: [8] Use of undefined constant md5 - assumed 'md5' D:\phpStudy\WWW\fenxiao\ThinkPHP\Common\functions.php 第 588 行.

[2018-09-12 16:28:20] 127.0.0.1 /Back/Login/sign
INFO: [ app_init ] --START--
INFO: Run Behavior\BuildLiteBehavior [ RunTime:0.000000s ]
INFO: [ app_init ] --END-- [ RunTime:0.000000s ]
NOTIC: [8] Use of undefined constant md5 - assumed 'md5' D:\phpStudy\WWW\fenxiao\ThinkPHP\Common\functions.php 第 588 行.
NOTIC: [8] Undefined variable: code D:\phpStudy\WWW\fenxiao\Application\Runtime\Cache\Back\d969c12762d65e2769541579706f2981.php 第 68 行.

[2018-09-12 16:28:20] 127.0.0.1 /Back/Login/verify
INFO: [ app_init ] --START--
INFO: Run Behavior\BuildLiteBehavior [ RunTime:0.000000s ]
INFO: [ app_init ] --END-- [ RunTime:0.001000s ]
NOTIC: [8] Use of undefined constant md5 - assumed 'md5' D:\phpStudy\WWW\fenxiao\ThinkPHP\Common\functions.php 第 588 行.

[2018-09-12 16:28:20] 127.0.0.1 /Back/Main/index
INFO: [ app_init ] --START--
INFO: Run Behavior\BuildLiteBehavior [ RunTime:0.000000s ]
INFO: [ app_init ] --END-- [ RunTime:0.000000s ]
NOTIC: [8] Use of undefined constant md5 - assumed 'md5' D:\phpStudy\WWW\fenxiao\ThinkPHP\Common\functions.php 第 588 行.

[2018-09-12 16:28:20] 127.0.0.1 /Back/Index/index
INFO: [ app_init ] --START--
INFO: Run Behavior\BuildLiteBehavior [ RunTime:0.000000s ]
INFO: [ app_init ] --END-- [ RunTime:0.000000s ]
NOTIC: [8] Use of undefined constant md5 - assumed 'md5' D:\phpStudy\WWW\fenxiao\ThinkPHP\Common\functions.php 第 588 行.

[2018-09-12 16:28:22] 127.0.0.1 /Back/Login/login_out
INFO: [ app_init ] --START--
INFO: Run Behavior\BuildLiteBehavior [ RunTime:0.000000s ]
INFO: [ app_init ] --END-- [ RunTime:0.000000s ]
NOTIC: [8] Undefined variable: token D:\phpStudy\WWW\fenxiao\Application\Back\Controller\LoginController.class.php 第 145 行.

[2018-09-12 16:28:22] 127.0.0.1 /Back/Login/sign
INFO: [ app_init ] --START--
INFO: Run Behavior\BuildLiteBehavior [ RunTime:0.000000s ]
INFO: [ app_init ] --END-- [ RunTime:0.001000s ]
NOTIC: [8] Undefined variable: code D:\phpStudy\WWW\fenxiao\Application\Runtime\Cache\Back\d969c12762d65e2769541579706f2981.php 第 68 行.

[2018-09-12 16:28:22] 127.0.0.1 /Back/Login/verify
INFO: [ app_init ] --START--
INFO: Run Behavior\BuildLiteBehavior [ RunTime:0.001000s ]
INFO: [ app_init ] --END-- [ RunTime:0.001000s ]

[2018-09-12 16:28:34] 127.0.0.1 /Back/Login/login
INFO: [ app_init ] --START--
INFO: Run Behavior\BuildLiteBehavior [ RunTime:0.000000s ]
INFO: [ app_init ] --END-- [ RunTime:0.001000s ]
NOTIC: [8] Use of undefined constant md5 - assumed 'md5' D:\phpStudy\WWW\fenxiao\ThinkPHP\Common\functions.php 第 588 行.
NOTIC: [8] Undefined index: validate D:\phpStudy\WWW\fenxiao\ThinkPHP\Library\Think\Model.class.php 第 1192 行.
NOTIC: [8] Undefined index: auto D:\phpStudy\WWW\fenxiao\ThinkPHP\Library\Think\Model.class.php 第 1130 行.

[2018-09-12 16:28:34] 127.0.0.1 /Back/Main/index
INFO: [ app_init ] --START--
INFO: Run Behavior\BuildLiteBehavior [ RunTime:0.000000s ]
INFO: [ app_init ] --END-- [ RunTime:0.000000s ]
NOTIC: [8] Use of undefined constant md5 - assumed 'md5' D:\phpStudy\WWW\fenxiao\ThinkPHP\Common\functions.php 第 588 行.

[2018-09-12 16:28:34] 127.0.0.1 /Back/Index/index
INFO: [ app_init ] --START--
INFO: Run Behavior\BuildLiteBehavior [ RunTime:0.000000s ]
INFO: [ app_init ] --END-- [ RunTime:0.000000s ]
NOTIC: [8] Use of undefined constant md5 - assumed 'md5' D:\phpStudy\WWW\fenxiao\ThinkPHP\Common\functions.php 第 588 行.

[2018-09-12 16:28:37] 127.0.0.1 /Back/Customer/index
INFO: [ app_init ] --START--
INFO: Run Behavior\BuildLiteBehavior [ RunTime:0.000000s ]
INFO: [ app_init ] --END-- [ RunTime:0.000000s ]
NOTIC: [8] Use of undefined constant md5 - assumed 'md5' D:\phpStudy\WWW\fenxiao\ThinkPHP\Common\functions.php 第 588 行.

[2018-09-12 16:28:38] 127.0.0.1 /Back/Login/login_out
INFO: [ app_init ] --START--
INFO: Run Behavior\BuildLiteBehavior [ RunTime:0.000000s ]
INFO: [ app_init ] --END-- [ RunTime:0.000000s ]
NOTIC: [8] Undefined variable: token D:\phpStudy\WWW\fenxiao\Application\Back\Controller\LoginController.class.php 第 145 行.

[2018-09-12 16:28:38] 127.0.0.1 /Back/Login/sign
INFO: [ app_init ] --START--
INFO: Run Behavior\BuildLiteBehavior [ RunTime:0.000000s ]
INFO: [ app_init ] --END-- [ RunTime:0.001000s ]
NOTIC: [8] Undefined variable: code D:\phpStudy\WWW\fenxiao\Application\Runtime\Cache\Back\d969c12762d65e2769541579706f2981.php 第 68 行.

[2018-09-12 16:28:38] 127.0.0.1 /Back/Login/verify
INFO: [ app_init ] --START--
INFO: Run Behavior\BuildLiteBehavior [ RunTime:0.000000s ]
INFO: [ app_init ] --END-- [ RunTime:0.000000s ]

[2018-09-12 16:30:29] 127.0.0.1 /Back/Login/sign
INFO: [ app_init ] --START--
INFO: Run Behavior\BuildLiteBehavior [ RunTime:0.000000s ]
INFO: [ app_init ] --END-- [ RunTime:0.000000s ]
NOTIC: [8] Undefined variable: code D:\phpStudy\WWW\fenxiao\Application\Runtime\Cache\Back\d969c12762d65e2769541579706f2981.php 第 68 行.

[2018-09-12 16:30:29] 127.0.0.1 /Back/Login/verify
INFO: [ app_init ] --START--
INFO: Run Behavior\BuildLiteBehavior [ RunTime:0.000000s ]
INFO: [ app_init ] --END-- [ RunTime:0.000000s ]

[2018-09-12 16:30:46] 127.0.0.1 /Back/Login/sign
INFO: [ app_init ] --START--
INFO: Run Behavior\BuildLiteBehavior [ RunTime:0.000000s ]
INFO: [ app_init ] --END-- [ RunTime:0.000000s ]

[2018-09-12 16:30:46] 127.0.0.1 /Back/Login/verify
INFO: [ app_init ] --START--
INFO: Run Behavior\BuildLiteBehavior [ RunTime:0.000000s ]
INFO: [ app_init ] --END-- [ RunTime:0.000000s ]

[2018-09-12 16:31:55] 127.0.0.1 /Back/Login/sign
INFO: [ app_init ] --START--
INFO: Run Behavior\BuildLiteBehavior [ RunTime:0.000000s ]
INFO: [ app_init ] --END-- [ RunTime:0.001000s ]

[2018-09-12 16:31:55] 127.0.0.1 /Back/Login/verify
INFO: [ app_init ] --START--
INFO: Run Behavior\BuildLiteBehavior [ RunTime:0.000000s ]
INFO: [ app_init ] --END-- [ RunTime:0.000000s ]

[2018-09-12 16:31:57] 127.0.0.1 /Back/Login/verify?r=0.9163039662343513
INFO: [ app_init ] --START--
INFO: Run Behavior\BuildLiteBehavior [ RunTime:0.000000s ]
INFO: [ app_init ] --END-- [ RunTime:0.000000s ]

[2018-09-12 16:31:58] 127.0.0.1 /Back/Login/verify?r=0.7939609897256352
INFO: [ app_init ] --START--
INFO: Run Behavior\BuildLiteBehavior [ RunTime:0.000000s ]
INFO: [ app_init ] --END-- [ RunTime:0.001000s ]

[2018-09-12 16:32:02] 127.0.0.1 /Back/Login/sign
INFO: [ app_init ] --START--
INFO: Run Behavior\BuildLiteBehavior [ RunTime:0.000000s ]
INFO: [ app_init ] --END-- [ RunTime:0.000000s ]

[2018-09-12 16:32:02] 127.0.0.1 /Back/Login/verify
INFO: [ app_init ] --START--
INFO: Run Behavior\BuildLiteBehavior [ RunTime:0.000000s ]
INFO: [ app_init ] --END-- [ RunTime:0.000000s ]

[2018-09-12 16:33:51] 127.0.0.1 /Back/Login/sign
INFO: [ app_init ] --START--
INFO: Run Behavior\BuildLiteBehavior [ RunTime:0.000000s ]
INFO: [ app_init ] --END-- [ RunTime:0.001000s ]

[2018-09-12 16:33:51] 127.0.0.1 /Back/Login/verify
INFO: [ app_init ] --START--
INFO: Run Behavior\BuildLiteBehavior [ RunTime:0.000000s ]
INFO: [ app_init ] --END-- [ RunTime:0.001000s ]

[2018-09-12 16:35:10] 127.0.0.1 /Back/Login/sign
INFO: [ app_init ] --START--
INFO: Run Behavior\BuildLiteBehavior [ RunTime:0.000000s ]
INFO: [ app_init ] --END-- [ RunTime:0.001000s ]

[2018-09-12 16:35:10] 127.0.0.1 /Back/Login/verify
INFO: [ app_init ] --START--
INFO: Run Behavior\BuildLiteBehavior [ RunTime:0.000000s ]
INFO: [ app_init ] --END-- [ RunTime:0.001000s ]

[2018-09-12 16:54:08] 127.0.0.1 /Back/Login/sign
INFO: [ app_init ] --START--
INFO: Run Behavior\BuildLiteBehavior [ RunTime:0.000000s ]
INFO: [ app_init ] --END-- [ RunTime:0.001000s ]

[2018-09-12 16:54:08] 127.0.0.1 /Back/Login/verify
INFO: [ app_init ] --START--
INFO: Run Behavior\BuildLiteBehavior [ RunTime:0.000000s ]
INFO: [ app_init ] --END-- [ RunTime:0.001000s ]

