[2018-08-26 17:17:57] 127.0.0.1 /Back/Login/sign
INFO: [ app_init ] --START--
INFO: Run Behavior\BuildLiteBehavior [ RunTime:0.000000s ]
INFO: [ app_init ] --END-- [ RunTime:0.001000s ]
NOTIC: [8] Undefined variable: code D:\phpStudy\WWW\fenxiao\Application\Runtime\Cache\Back\d969c12762d65e2769541579706f2981.php 第 68 行.

[2018-08-26 17:22:23] 127.0.0.1 /Back/Login/sign
INFO: [ app_init ] --START--
INFO: Run Behavior\BuildLiteBehavior [ RunTime:0.000000s ]
INFO: [ app_init ] --END-- [ RunTime:0.000000s ]
NOTIC: [8] Undefined variable: code D:\phpStudy\WWW\fenxiao\Application\Runtime\Cache\Back\d969c12762d65e2769541579706f2981.php 第 68 行.

[2018-08-26 17:24:19] 127.0.0.1 /Back/Login/sign
INFO: [ app_init ] --START--
INFO: Run Behavior\BuildLiteBehavior [ RunTime:0.000000s ]
INFO: [ app_init ] --END-- [ RunTime:0.000000s ]
NOTIC: [8] Undefined variable: code D:\phpStudy\WWW\fenxiao\Application\Runtime\Cache\Back\d969c12762d65e2769541579706f2981.php 第 68 行.

[2018-08-26 17:35:07] 127.0.0.1 /Back/Login/sign
INFO: [ app_init ] --START--
INFO: Run Behavior\BuildLiteBehavior [ RunTime:0.000000s ]
INFO: [ app_init ] --END-- [ RunTime:0.000000s ]
NOTIC: [8] Undefined variable: code D:\phpStudy\WWW\fenxiao\Application\Runtime\Cache\Back\d969c12762d65e2769541579706f2981.php 第 68 行.

