[2018-07-23 17:31:32] 127.0.0.1 /Back/User/index
INFO: [ app_init ] --START--
INFO: Run Behavior\BuildLiteBehavior [ RunTime:0.000000s ]
INFO: [ app_init ] --END-- [ RunTime:0.001000s ]
NOTIC: [8] Use of undefined constant md5 - assumed 'md5' D:\phpStudy\WWW\fenxiao\ThinkPHP\Common\functions.php 第 588 行.
SQL: SHOW COLUMNS FROM `self_user` [ RunTime:0.0040s ]
NOTIC: [8] Undefined index: my_id D:\phpStudy\WWW\fenxiao\Application\My\MyController.class.php 第 119 行.
SQL: SELECT `u_name`,`times` FROM `self_user` LIMIT 1   [ RunTime:0.0000s ]
NOTIC: [8] Undefined index: my_id D:\phpStudy\WWW\fenxiao\Application\My\MyController.class.php 第 120 行.
NOTIC: [8] Undefined index: my_n D:\phpStudy\WWW\fenxiao\Application\My\MyController.class.php 第 121 行.
SQL: SHOW COLUMNS FROM `self_role` [ RunTime:0.0050s ]

[2018-07-23 17:31:32] 127.0.0.1 /Back/Login/sign
INFO: [ app_init ] --START--
INFO: Run Behavior\BuildLiteBehavior [ RunTime:0.000000s ]
INFO: [ app_init ] --END-- [ RunTime:0.000000s ]
NOTIC: [8] Undefined variable: code D:\phpStudy\WWW\fenxiao\Application\Runtime\Cache\Back\d969c12762d65e2769541579706f2981.php 第 68 行.

[2018-07-23 17:31:32] 127.0.0.1 /Back/Login/verify
INFO: [ app_init ] --START--
INFO: Run Behavior\BuildLiteBehavior [ RunTime:0.000000s ]
INFO: [ app_init ] --END-- [ RunTime:0.000000s ]

[2018-07-23 17:31:47] 127.0.0.1 /Back/Login/login
INFO: [ app_init ] --START--
INFO: Run Behavior\BuildLiteBehavior [ RunTime:0.000000s ]
INFO: [ app_init ] --END-- [ RunTime:0.001000s ]
NOTIC: [8] Use of undefined constant md5 - assumed 'md5' D:\phpStudy\WWW\fenxiao\ThinkPHP\Common\functions.php 第 588 行.
SQL: SHOW COLUMNS FROM `self_user` [ RunTime:0.0050s ]
NOTIC: [8] Undefined index: validate D:\phpStudy\WWW\fenxiao\ThinkPHP\Library\Think\Model.class.php 第 1192 行.
NOTIC: [8] Undefined index: auto D:\phpStudy\WWW\fenxiao\ThinkPHP\Library\Think\Model.class.php 第 1130 行.
SQL: SELECT * FROM `self_user` WHERE `id` = 1 LIMIT 1   [ RunTime:0.0000s ]
SQL: UPDATE `self_user` SET `times`='1532338307' WHERE ( id=00001 ) [ RunTime:0.0070s ]
SQL: SHOW COLUMNS FROM `self_role` [ RunTime:0.0050s ]
SQL: SELECT `limit_id` FROM `self_role` WHERE `id` = 1 LIMIT 1   [ RunTime:0.0000s ]
SQL: SHOW COLUMNS FROM `self_limit` [ RunTime:0.0040s ]

[2018-07-23 17:31:47] 127.0.0.1 /Back/Main/index
INFO: [ app_init ] --START--
INFO: Run Behavior\BuildLiteBehavior [ RunTime:0.000000s ]
INFO: [ app_init ] --END-- [ RunTime:0.000000s ]
NOTIC: [8] Use of undefined constant md5 - assumed 'md5' D:\phpStudy\WWW\fenxiao\ThinkPHP\Common\functions.php 第 588 行.
SQL: SHOW COLUMNS FROM `self_user` [ RunTime:0.0040s ]
SQL: SELECT `u_name`,`times` FROM `self_user` WHERE `id` = 1 LIMIT 1   [ RunTime:0.0010s ]
SQL: SHOW COLUMNS FROM `self_role` [ RunTime:0.0040s ]
SQL: SELECT `role_id` FROM `self_user` WHERE `id` = 1 LIMIT 1   [ RunTime:0.0000s ]
SQL: SELECT `limit_id` FROM `self_role` WHERE `id` = 1 LIMIT 1   [ RunTime:0.0010s ]
SQL: SELECT `role_id` FROM `self_user` WHERE `id` = 1 LIMIT 1   [ RunTime:0.0000s ]
SQL: SHOW COLUMNS FROM `self_cus_detailed` [ RunTime:0.0040s ]
SQL: SHOW COLUMNS FROM `self_user_fj` [ RunTime:0.0040s ]
SQL: SELECT `meg` FROM `self_user_fj` WHERE `id` = 1 LIMIT 1   [ RunTime:0.0000s ]

[2018-07-23 17:31:48] 127.0.0.1 /Back/Index/index
INFO: [ app_init ] --START--
INFO: Run Behavior\BuildLiteBehavior [ RunTime:0.000000s ]
INFO: [ app_init ] --END-- [ RunTime:0.001000s ]
NOTIC: [8] Use of undefined constant md5 - assumed 'md5' D:\phpStudy\WWW\fenxiao\ThinkPHP\Common\functions.php 第 588 行.
SQL: SHOW COLUMNS FROM `self_user` [ RunTime:0.0050s ]
SQL: SELECT `u_name`,`times` FROM `self_user` WHERE `id` = 1 LIMIT 1   [ RunTime:0.0000s ]
SQL: SHOW COLUMNS FROM `self_limit` [ RunTime:0.0040s ]
SQL: SELECT * FROM `self_limit` WHERE `execs` <> '' AND `pid` = 3  [ RunTime:0.0010s ]
SQL: SHOW COLUMNS FROM `self_user_fj` [ RunTime:0.0050s ]
SQL: SELECT `meg` FROM `self_user_fj` WHERE `id` = 1 LIMIT 1   [ RunTime:0.0000s ]

[2018-07-23 17:31:53] 127.0.0.1 /Back/User/index
INFO: [ app_init ] --START--
INFO: Run Behavior\BuildLiteBehavior [ RunTime:0.000000s ]
INFO: [ app_init ] --END-- [ RunTime:0.001000s ]
NOTIC: [8] Use of undefined constant md5 - assumed 'md5' D:\phpStudy\WWW\fenxiao\ThinkPHP\Common\functions.php 第 588 行.
SQL: SHOW COLUMNS FROM `self_user` [ RunTime:0.0040s ]
SQL: SELECT `u_name`,`times` FROM `self_user` WHERE `id` = 1 LIMIT 1   [ RunTime:0.0010s ]
SQL: SHOW COLUMNS FROM `self_role` [ RunTime:0.0040s ]
SQL: SELECT `role_id` FROM `self_user` WHERE `id` = 1 LIMIT 1   [ RunTime:0.0000s ]
SQL: SELECT `limit_id` FROM `self_role` WHERE `id` = 1 LIMIT 1   [ RunTime:0.0000s ]
SQL: SHOW COLUMNS FROM `self_limit` [ RunTime:0.0040s ]
SQL: SELECT `n` FROM `self_limit` WHERE `execs` = 'user' LIMIT 1   [ RunTime:0.0000s ]
SQL: SELECT `n` FROM `self_limit` WHERE `execs` = 'user-index' LIMIT 1   [ RunTime:0.0010s ]
SQL: select self_user.id from self_user,self_role where self_user.id=self_user.found and self_role.id=self_user.role_id and self_role.limit_id=-1 [ RunTime:0.0000s ]
SQL: SELECT `role_id` FROM `self_user` WHERE `id` = 1 LIMIT 1   [ RunTime:0.0010s ]
SQL: SELECT COUNT(*) AS tp_count FROM `self_user` LIMIT 1   [ RunTime:0.0000s ]
SQL: SELECT `id`,`u_name`,`bumen`,`role_id`,`found` FROM `self_user` LIMIT 0,10   [ RunTime:0.0000s ]
SQL: SELECT `n`,`id` FROM `self_role`  [ RunTime:0.0010s ]
SQL: select `id`,`u_name` from `self_user` where `id` in ( SELECT `found` FROM self_user GROUP BY `found`) [ RunTime:0.0010s ]

[2018-07-23 17:31:56] 127.0.0.1 /Back/Customer/index
INFO: [ app_init ] --START--
INFO: Run Behavior\BuildLiteBehavior [ RunTime:0.000000s ]
INFO: [ app_init ] --END-- [ RunTime:0.001000s ]
NOTIC: [8] Use of undefined constant md5 - assumed 'md5' D:\phpStudy\WWW\fenxiao\ThinkPHP\Common\functions.php 第 588 行.
SQL: SHOW COLUMNS FROM `self_user` [ RunTime:0.0040s ]
SQL: SELECT `u_name`,`times` FROM `self_user` WHERE `id` = 1 LIMIT 1   [ RunTime:0.0000s ]
SQL: SHOW COLUMNS FROM `self_role` [ RunTime:0.0040s ]
SQL: SELECT `role_id` FROM `self_user` WHERE `id` = 1 LIMIT 1   [ RunTime:0.0000s ]
SQL: SELECT `limit_id` FROM `self_role` WHERE `id` = 1 LIMIT 1   [ RunTime:0.0010s ]
SQL: SHOW COLUMNS FROM `self_limit` [ RunTime:0.0030s ]
SQL: SELECT `n` FROM `self_limit` WHERE `execs` = 'customer' LIMIT 1   [ RunTime:0.0000s ]
SQL: SELECT `n` FROM `self_limit` WHERE `execs` = 'customer-index' LIMIT 1   [ RunTime:0.0000s ]
SQL: SHOW COLUMNS FROM `self_cus_base` [ RunTime:0.0050s ]
SQL: SELECT `id`,`u_name` FROM `self_user`  [ RunTime:0.0000s ]
SQL: SELECT COUNT(*) AS tp_count FROM self_cus_base b INNER JOIN  self_cus_detailed as a ON a.id =b.id  WHERE b.is_del = 0 LIMIT 1   [ RunTime:0.0000s ]
SQL: SELECT a.id as id,a.cid,a.n,a.wx,a.is_wx,a.t,a.money,b.phone FROM self_cus_base b INNER JOIN  self_cus_detailed as a ON a.id =b.id  WHERE b.is_del = 0 ORDER BY t desc LIMIT 0,10   [ RunTime:0.0010s ]

[2018-07-23 17:31:58] 127.0.0.1 /Back/Money/update?id=1
INFO: [ app_init ] --START--
INFO: Run Behavior\BuildLiteBehavior [ RunTime:0.000000s ]
INFO: [ app_init ] --END-- [ RunTime:0.001000s ]
NOTIC: [8] Use of undefined constant md5 - assumed 'md5' D:\phpStudy\WWW\fenxiao\ThinkPHP\Common\functions.php 第 588 行.
SQL: SHOW COLUMNS FROM `self_user` [ RunTime:0.0040s ]
SQL: SELECT `u_name`,`times` FROM `self_user` WHERE `id` = 1 LIMIT 1   [ RunTime:0.0000s ]
SQL: SHOW COLUMNS FROM `self_role` [ RunTime:0.0040s ]
SQL: SELECT `role_id` FROM `self_user` WHERE `id` = 1 LIMIT 1   [ RunTime:0.0000s ]
SQL: SELECT `limit_id` FROM `self_role` WHERE `id` = 1 LIMIT 1   [ RunTime:0.0010s ]
SQL: SHOW COLUMNS FROM `self_limit` [ RunTime:0.0040s ]
SQL: SELECT `n` FROM `self_limit` WHERE `execs` = 'money' LIMIT 1   [ RunTime:0.0000s ]
SQL: SELECT `n` FROM `self_limit` WHERE `execs` = 'money-update' LIMIT 1   [ RunTime:0.0000s ]
SQL: SHOW COLUMNS FROM `self_cus_detailed` [ RunTime:0.0040s ]
SQL: SELECT `money` FROM `self_cus_detailed` WHERE `cid` = '00001' AND `id` = 1 LIMIT 1   [ RunTime:0.0010s ]

[2018-07-23 17:32:09] 127.0.0.1 /Back/Money/execUate
INFO: [ app_init ] --START--
INFO: Run Behavior\BuildLiteBehavior [ RunTime:0.000000s ]
INFO: [ app_init ] --END-- [ RunTime:0.000000s ]
NOTIC: [8] Use of undefined constant md5 - assumed 'md5' D:\phpStudy\WWW\fenxiao\ThinkPHP\Common\functions.php 第 588 行.
SQL: SHOW COLUMNS FROM `self_user` [ RunTime:0.0040s ]
SQL: SELECT `u_name`,`times` FROM `self_user` WHERE `id` = 1 LIMIT 1   [ RunTime:0.0010s ]
SQL: SHOW COLUMNS FROM `self_role` [ RunTime:0.0040s ]
SQL: SELECT `role_id` FROM `self_user` WHERE `id` = 1 LIMIT 1   [ RunTime:0.0000s ]
SQL: SELECT `limit_id` FROM `self_role` WHERE `id` = 1 LIMIT 1   [ RunTime:0.0000s ]
SQL: SHOW COLUMNS FROM `self_cus_detailed` [ RunTime:0.0040s ]
SQL: SHOW COLUMNS FROM `self_cus_base` [ RunTime:0.0040s ]
SQL: SELECT COUNT(*) AS tp_count FROM `self_cus_base` WHERE `id` = '1' AND `is_del` = 0 LIMIT 1   [ RunTime:0.0000s ]

[2018-07-23 17:32:12] 127.0.0.1 /Back/Money/execUate
INFO: [ app_init ] --START--
INFO: Run Behavior\BuildLiteBehavior [ RunTime:0.000000s ]
INFO: [ app_init ] --END-- [ RunTime:0.001000s ]
NOTIC: [8] Use of undefined constant md5 - assumed 'md5' D:\phpStudy\WWW\fenxiao\ThinkPHP\Common\functions.php 第 588 行.
SQL: SHOW COLUMNS FROM `self_user` [ RunTime:0.0040s ]
SQL: SELECT `u_name`,`times` FROM `self_user` WHERE `id` = 1 LIMIT 1   [ RunTime:0.0010s ]
SQL: SHOW COLUMNS FROM `self_role` [ RunTime:0.0040s ]
SQL: SELECT `role_id` FROM `self_user` WHERE `id` = 1 LIMIT 1   [ RunTime:0.0000s ]
SQL: SELECT `limit_id` FROM `self_role` WHERE `id` = 1 LIMIT 1   [ RunTime:0.0010s ]
SQL: SHOW COLUMNS FROM `self_cus_detailed` [ RunTime:0.0040s ]
SQL: SHOW COLUMNS FROM `self_cus_base` [ RunTime:0.0040s ]
SQL: SELECT COUNT(*) AS tp_count FROM `self_cus_base` WHERE `id` = '1' AND `is_del` = 0 LIMIT 1   [ RunTime:0.0010s ]
SQL: SHOW COLUMNS FROM `self_cus_money` [ RunTime:0.0040s ]
SQL: INSERT INTO `self_cus_money` (`jine`,`id`,`cid`,`num`,`info`,`t`) VALUES ('-20','1','1','-20','dsfdsfds','2018-07-23 17:32:12') [ RunTime:0.0010s ]
SQL: UPDATE `self_cus_detailed` SET `money`='-20' WHERE `id` = '1' [ RunTime:0.0000s ]
SQL: SELECT `n` FROM `self_cus_detailed` WHERE `cid` = '00001' AND `id` = '1' LIMIT 1   [ RunTime:0.0000s ]
SQL: SHOW COLUMNS FROM `self_cus_info` [ RunTime:0.0040s ]
SQL: INSERT INTO `self_cus_info` (`cid`,`easy`,`con`) VALUES ('1','<b>[ aaaa ]</b> 用户佣金 <b>-20</b> ','<b>[ aaaa ]</b> 用户，由管理员 <b>admin</b> 在 <b>2018-07-23 17:32:12</b> 时间更新佣金 <b>-20</b>
		<br/>佣金操作说明: dsfdsfds') [ RunTime:0.0000s ]

[2018-07-23 17:32:14] 127.0.0.1 /Back/Money/index
INFO: [ app_init ] --START--
INFO: Run Behavior\BuildLiteBehavior [ RunTime:0.000000s ]
INFO: [ app_init ] --END-- [ RunTime:0.000000s ]
NOTIC: [8] Use of undefined constant md5 - assumed 'md5' D:\phpStudy\WWW\fenxiao\ThinkPHP\Common\functions.php 第 588 行.
SQL: SHOW COLUMNS FROM `self_user` [ RunTime:0.0040s ]
SQL: SELECT `u_name`,`times` FROM `self_user` WHERE `id` = 1 LIMIT 1   [ RunTime:0.0000s ]
SQL: SHOW COLUMNS FROM `self_role` [ RunTime:0.0040s ]
SQL: SELECT `role_id` FROM `self_user` WHERE `id` = 1 LIMIT 1   [ RunTime:0.0010s ]
SQL: SELECT `limit_id` FROM `self_role` WHERE `id` = 1 LIMIT 1   [ RunTime:0.0000s ]
SQL: SHOW COLUMNS FROM `self_limit` [ RunTime:0.0050s ]
SQL: SELECT `n` FROM `self_limit` WHERE `execs` = 'money' LIMIT 1   [ RunTime:0.0010s ]
SQL: SELECT `n` FROM `self_limit` WHERE `execs` = 'money-index' LIMIT 1   [ RunTime:0.0000s ]
SQL: SHOW COLUMNS FROM `self_cus_money` [ RunTime:0.0030s ]
SQL: SELECT COUNT(*) AS tp_count FROM `self_cus_money` LIMIT 1   [ RunTime:0.0010s ]
SQL: SELECT * FROM `self_cus_money` ORDER BY t desc LIMIT 0,10   [ RunTime:0.0010s ]
SQL: SELECT `id`,`u_name` FROM `self_user`  [ RunTime:0.0000s ]

[2018-07-23 17:32:17] 127.0.0.1 /Back/Customer/index
INFO: [ app_init ] --START--
INFO: Run Behavior\BuildLiteBehavior [ RunTime:0.000000s ]
INFO: [ app_init ] --END-- [ RunTime:0.001000s ]
NOTIC: [8] Use of undefined constant md5 - assumed 'md5' D:\phpStudy\WWW\fenxiao\ThinkPHP\Common\functions.php 第 588 行.
SQL: SHOW COLUMNS FROM `self_user` [ RunTime:0.0040s ]
SQL: SELECT `u_name`,`times` FROM `self_user` WHERE `id` = 1 LIMIT 1   [ RunTime:0.0010s ]
SQL: SHOW COLUMNS FROM `self_role` [ RunTime:0.0040s ]
SQL: SELECT `role_id` FROM `self_user` WHERE `id` = 1 LIMIT 1   [ RunTime:0.0010s ]
SQL: SELECT `limit_id` FROM `self_role` WHERE `id` = 1 LIMIT 1   [ RunTime:0.0000s ]
SQL: SHOW COLUMNS FROM `self_limit` [ RunTime:0.0040s ]
SQL: SELECT `n` FROM `self_limit` WHERE `execs` = 'customer' LIMIT 1   [ RunTime:0.0010s ]
SQL: SELECT `n` FROM `self_limit` WHERE `execs` = 'customer-index' LIMIT 1   [ RunTime:0.0000s ]
SQL: SHOW COLUMNS FROM `self_cus_base` [ RunTime:0.0040s ]
SQL: SELECT `id`,`u_name` FROM `self_user`  [ RunTime:0.0000s ]
SQL: SELECT COUNT(*) AS tp_count FROM self_cus_base b INNER JOIN  self_cus_detailed as a ON a.id =b.id  WHERE b.is_del = 0 LIMIT 1   [ RunTime:0.0000s ]
SQL: SELECT a.id as id,a.cid,a.n,a.wx,a.is_wx,a.t,a.money,b.phone FROM self_cus_base b INNER JOIN  self_cus_detailed as a ON a.id =b.id  WHERE b.is_del = 0 ORDER BY t desc LIMIT 0,10   [ RunTime:0.0000s ]

[2018-07-23 17:32:22] 127.0.0.1 /Back/Customer/index
INFO: [ app_init ] --START--
INFO: Run Behavior\BuildLiteBehavior [ RunTime:0.000000s ]
INFO: [ app_init ] --END-- [ RunTime:0.001000s ]
NOTIC: [8] Use of undefined constant md5 - assumed 'md5' D:\phpStudy\WWW\fenxiao\ThinkPHP\Common\functions.php 第 588 行.
SQL: SHOW COLUMNS FROM `self_user` [ RunTime:0.0040s ]
SQL: SELECT `u_name`,`times` FROM `self_user` WHERE `id` = 1 LIMIT 1   [ RunTime:0.0010s ]
SQL: SHOW COLUMNS FROM `self_role` [ RunTime:0.0040s ]
SQL: SELECT `role_id` FROM `self_user` WHERE `id` = 1 LIMIT 1   [ RunTime:0.0000s ]
SQL: SELECT `limit_id` FROM `self_role` WHERE `id` = 1 LIMIT 1   [ RunTime:0.0000s ]
SQL: SHOW COLUMNS FROM `self_limit` [ RunTime:0.0040s ]
SQL: SELECT `n` FROM `self_limit` WHERE `execs` = 'customer' LIMIT 1   [ RunTime:0.0010s ]
SQL: SELECT `n` FROM `self_limit` WHERE `execs` = 'customer-index' LIMIT 1   [ RunTime:0.0000s ]
SQL: SHOW COLUMNS FROM `self_cus_base` [ RunTime:0.0030s ]
SQL: SELECT `id`,`u_name` FROM `self_user`  [ RunTime:0.0000s ]
SQL: SELECT COUNT(*) AS tp_count FROM self_cus_base b INNER JOIN  self_cus_detailed as a ON a.id =b.id  WHERE b.is_del = 0 LIMIT 1   [ RunTime:0.0000s ]
SQL: SELECT a.id as id,a.cid,a.n,a.wx,a.is_wx,a.t,a.money,b.phone FROM self_cus_base b INNER JOIN  self_cus_detailed as a ON a.id =b.id  WHERE b.is_del = 0 ORDER BY t desc LIMIT 0,10   [ RunTime:0.0000s ]

[2018-07-23 17:32:34] 127.0.0.1 /Back/Money/update?id=1
INFO: [ app_init ] --START--
INFO: Run Behavior\BuildLiteBehavior [ RunTime:0.000000s ]
INFO: [ app_init ] --END-- [ RunTime:0.001000s ]
NOTIC: [8] Use of undefined constant md5 - assumed 'md5' D:\phpStudy\WWW\fenxiao\ThinkPHP\Common\functions.php 第 588 行.
SQL: SHOW COLUMNS FROM `self_user` [ RunTime:0.0030s ]
SQL: SELECT `u_name`,`times` FROM `self_user` WHERE `id` = 1 LIMIT 1   [ RunTime:0.0000s ]
SQL: SHOW COLUMNS FROM `self_role` [ RunTime:0.0040s ]
SQL: SELECT `role_id` FROM `self_user` WHERE `id` = 1 LIMIT 1   [ RunTime:0.0010s ]
SQL: SELECT `limit_id` FROM `self_role` WHERE `id` = 1 LIMIT 1   [ RunTime:0.0000s ]
SQL: SHOW COLUMNS FROM `self_limit` [ RunTime:0.0040s ]
SQL: SELECT `n` FROM `self_limit` WHERE `execs` = 'money' LIMIT 1   [ RunTime:0.0000s ]
SQL: SELECT `n` FROM `self_limit` WHERE `execs` = 'money-update' LIMIT 1   [ RunTime:0.0000s ]
SQL: SHOW COLUMNS FROM `self_cus_detailed` [ RunTime:0.0040s ]
SQL: SELECT `money` FROM `self_cus_detailed` WHERE `cid` = '00001' AND `id` = 1 LIMIT 1   [ RunTime:0.0000s ]

[2018-07-23 17:32:56] 127.0.0.1 /Back/Money/execUate
INFO: [ app_init ] --START--
INFO: Run Behavior\BuildLiteBehavior [ RunTime:0.000000s ]
INFO: [ app_init ] --END-- [ RunTime:0.001000s ]
NOTIC: [8] Use of undefined constant md5 - assumed 'md5' D:\phpStudy\WWW\fenxiao\ThinkPHP\Common\functions.php 第 588 行.
SQL: SHOW COLUMNS FROM `self_user` [ RunTime:0.0040s ]
SQL: SELECT `u_name`,`times` FROM `self_user` WHERE `id` = 1 LIMIT 1   [ RunTime:0.0000s ]
SQL: SHOW COLUMNS FROM `self_role` [ RunTime:0.0030s ]
SQL: SELECT `role_id` FROM `self_user` WHERE `id` = 1 LIMIT 1   [ RunTime:0.0000s ]
SQL: SELECT `limit_id` FROM `self_role` WHERE `id` = 1 LIMIT 1   [ RunTime:0.0000s ]
SQL: SHOW COLUMNS FROM `self_cus_detailed` [ RunTime:0.0040s ]
SQL: SHOW COLUMNS FROM `self_cus_base` [ RunTime:0.0030s ]
SQL: SELECT COUNT(*) AS tp_count FROM `self_cus_base` WHERE `id` = '1' AND `is_del` = 0 LIMIT 1   [ RunTime:0.0000s ]
SQL: SHOW COLUMNS FROM `self_cus_money` [ RunTime:0.0030s ]
SQL: INSERT INTO `self_cus_money` (`jine`,`id`,`cid`,`num`,`info`,`t`) VALUES ('10','1','1','30','sdfsf','2018-07-23 17:32:56') [ RunTime:0.0000s ]
SQL: UPDATE `self_cus_detailed` SET `money`='10' WHERE `id` = '1' [ RunTime:0.0000s ]
SQL: SELECT `n` FROM `self_cus_detailed` WHERE `cid` = '00001' AND `id` = '1' LIMIT 1   [ RunTime:0.0000s ]
SQL: SHOW COLUMNS FROM `self_cus_info` [ RunTime:0.0040s ]
SQL: INSERT INTO `self_cus_info` (`cid`,`easy`,`con`) VALUES ('1','<b>[ aaaa ]</b> 用户佣金 <b>30</b> ','<b>[ aaaa ]</b> 用户，由管理员 <b>admin</b> 在 <b>2018-07-23 17:32:56</b> 时间更新佣金 <b>30</b>
		<br/>佣金操作说明: sdfsf') [ RunTime:0.0000s ]

[2018-07-23 17:32:57] 127.0.0.1 /Back/Money/index
INFO: [ app_init ] --START--
INFO: Run Behavior\BuildLiteBehavior [ RunTime:0.000000s ]
INFO: [ app_init ] --END-- [ RunTime:0.001000s ]
NOTIC: [8] Use of undefined constant md5 - assumed 'md5' D:\phpStudy\WWW\fenxiao\ThinkPHP\Common\functions.php 第 588 行.
SQL: SHOW COLUMNS FROM `self_user` [ RunTime:0.0040s ]
SQL: SELECT `u_name`,`times` FROM `self_user` WHERE `id` = 1 LIMIT 1   [ RunTime:0.0000s ]
SQL: SHOW COLUMNS FROM `self_role` [ RunTime:0.0050s ]
SQL: SELECT `role_id` FROM `self_user` WHERE `id` = 1 LIMIT 1   [ RunTime:0.0010s ]
SQL: SELECT `limit_id` FROM `self_role` WHERE `id` = 1 LIMIT 1   [ RunTime:0.0000s ]
SQL: SHOW COLUMNS FROM `self_limit` [ RunTime:0.0040s ]
SQL: SELECT `n` FROM `self_limit` WHERE `execs` = 'money' LIMIT 1   [ RunTime:0.0010s ]
SQL: SELECT `n` FROM `self_limit` WHERE `execs` = 'money-index' LIMIT 1   [ RunTime:0.0000s ]
SQL: SHOW COLUMNS FROM `self_cus_money` [ RunTime:0.0060s ]
SQL: SELECT COUNT(*) AS tp_count FROM `self_cus_money` LIMIT 1   [ RunTime:0.0010s ]
SQL: SELECT * FROM `self_cus_money` ORDER BY t desc LIMIT 0,10   [ RunTime:0.0000s ]
SQL: SELECT `id`,`u_name` FROM `self_user`  [ RunTime:0.0010s ]

[2018-07-23 18:12:30] 127.0.0.1 /Back/Customer/index
INFO: [ app_init ] --START--
INFO: Run Behavior\BuildLiteBehavior [ RunTime:0.000000s ]
INFO: [ app_init ] --END-- [ RunTime:0.000000s ]
NOTIC: [8] Use of undefined constant md5 - assumed 'md5' D:\phpStudy\WWW\fenxiao\ThinkPHP\Common\functions.php 第 588 行.
SQL: SHOW COLUMNS FROM `self_user` [ RunTime:0.0040s ]
SQL: SELECT `u_name`,`times` FROM `self_user` WHERE `id` = 1 LIMIT 1   [ RunTime:0.0000s ]
SQL: SHOW COLUMNS FROM `self_role` [ RunTime:0.0030s ]
SQL: SELECT `role_id` FROM `self_user` WHERE `id` = 1 LIMIT 1   [ RunTime:0.0010s ]
SQL: SELECT `limit_id` FROM `self_role` WHERE `id` = 1 LIMIT 1   [ RunTime:0.0000s ]
SQL: SHOW COLUMNS FROM `self_limit` [ RunTime:0.0040s ]
SQL: SELECT `n` FROM `self_limit` WHERE `execs` = 'customer' LIMIT 1   [ RunTime:0.0000s ]
SQL: SELECT `n` FROM `self_limit` WHERE `execs` = 'customer-index' LIMIT 1   [ RunTime:0.0010s ]
SQL: SHOW COLUMNS FROM `self_cus_base` [ RunTime:0.0040s ]
SQL: SELECT `id`,`u_name` FROM `self_user`  [ RunTime:0.0000s ]
SQL: SELECT COUNT(*) AS tp_count FROM self_cus_base b INNER JOIN  self_cus_detailed as a ON a.id =b.id  WHERE b.is_del = 0 LIMIT 1   [ RunTime:0.0010s ]
SQL: SELECT a.id as id,a.cid,a.n,a.wx,a.is_wx,a.t,a.money,b.phone FROM self_cus_base b INNER JOIN  self_cus_detailed as a ON a.id =b.id  WHERE b.is_del = 0 ORDER BY t desc LIMIT 0,10   [ RunTime:0.0000s ]
NOTIC: [8] Undefined index: money D:\phpStudy\WWW\fenxiao\Application\Runtime\Cache\Back\f41cfeca7ff7f9b052b94a9a0db20ce4.php 第 74 行.

[2018-07-23 18:12:57] 127.0.0.1 /Back/Customer/index
INFO: [ app_init ] --START--
INFO: Run Behavior\BuildLiteBehavior [ RunTime:0.000000s ]
INFO: [ app_init ] --END-- [ RunTime:0.001000s ]
NOTIC: [8] Use of undefined constant md5 - assumed 'md5' D:\phpStudy\WWW\fenxiao\ThinkPHP\Common\functions.php 第 588 行.
SQL: SHOW COLUMNS FROM `self_user` [ RunTime:0.0040s ]
SQL: SELECT `u_name`,`times` FROM `self_user` WHERE `id` = 1 LIMIT 1   [ RunTime:0.0000s ]
SQL: SHOW COLUMNS FROM `self_role` [ RunTime:0.0040s ]
SQL: SELECT `role_id` FROM `self_user` WHERE `id` = 1 LIMIT 1   [ RunTime:0.0000s ]
SQL: SELECT `limit_id` FROM `self_role` WHERE `id` = 1 LIMIT 1   [ RunTime:0.0000s ]
SQL: SHOW COLUMNS FROM `self_limit` [ RunTime:0.0040s ]
SQL: SELECT `n` FROM `self_limit` WHERE `execs` = 'customer' LIMIT 1   [ RunTime:0.0000s ]
SQL: SELECT `n` FROM `self_limit` WHERE `execs` = 'customer-index' LIMIT 1   [ RunTime:0.0000s ]
SQL: SHOW COLUMNS FROM `self_cus_base` [ RunTime:0.0040s ]
SQL: SELECT `id`,`u_name` FROM `self_user`  [ RunTime:0.0000s ]
SQL: SELECT COUNT(*) AS tp_count FROM self_cus_base b INNER JOIN  self_cus_detailed as a ON a.id =b.id  WHERE b.is_del = 0 LIMIT 1   [ RunTime:0.0010s ]
SQL: SELECT a.id as id,a.cid,a.n,a.wx,a.is_wx,a.t,a.money,b.phone FROM self_cus_base b INNER JOIN  self_cus_detailed as a ON a.id =b.id  WHERE b.is_del = 0 ORDER BY t desc LIMIT 0,10   [ RunTime:0.0010s ]
NOTIC: [8] Undefined index: money D:\phpStudy\WWW\fenxiao\Application\Runtime\Cache\Back\f41cfeca7ff7f9b052b94a9a0db20ce4.php 第 74 行.

[2018-07-23 18:14:21] 127.0.0.1 /Back/Customer/index
INFO: [ app_init ] --START--
INFO: Run Behavior\BuildLiteBehavior [ RunTime:0.000000s ]
INFO: [ app_init ] --END-- [ RunTime:0.000000s ]
NOTIC: [8] Use of undefined constant md5 - assumed 'md5' D:\phpStudy\WWW\fenxiao\ThinkPHP\Common\functions.php 第 588 行.
SQL: SHOW COLUMNS FROM `self_user` [ RunTime:0.0040s ]
SQL: SELECT `u_name`,`times` FROM `self_user` WHERE `id` = 1 LIMIT 1   [ RunTime:0.0000s ]
SQL: SHOW COLUMNS FROM `self_role` [ RunTime:0.0040s ]
SQL: SELECT `role_id` FROM `self_user` WHERE `id` = 1 LIMIT 1   [ RunTime:0.0010s ]
SQL: SELECT `limit_id` FROM `self_role` WHERE `id` = 1 LIMIT 1   [ RunTime:0.0000s ]
SQL: SHOW COLUMNS FROM `self_limit` [ RunTime:0.0040s ]
SQL: SELECT `n` FROM `self_limit` WHERE `execs` = 'customer' LIMIT 1   [ RunTime:0.0000s ]
SQL: SELECT `n` FROM `self_limit` WHERE `execs` = 'customer-index' LIMIT 1   [ RunTime:0.0010s ]
SQL: SHOW COLUMNS FROM `self_cus_base` [ RunTime:0.0040s ]
SQL: SELECT `id`,`u_name` FROM `self_user`  [ RunTime:0.0010s ]
SQL: SELECT COUNT(*) AS tp_count FROM self_cus_base b INNER JOIN  self_cus_detailed as a ON a.id =b.id  WHERE b.is_del = 0 LIMIT 1   [ RunTime:0.0000s ]
SQL: SELECT a.id as id,a.cid,a.n,a.wx,a.is_wx,a.t,a.money,b.phone FROM self_cus_base b INNER JOIN  self_cus_detailed as a ON a.id =b.id  WHERE b.is_del = 0 ORDER BY t desc LIMIT 0,10   [ RunTime:0.0010s ]
NOTIC: [8] Undefined index: money D:\phpStudy\WWW\fenxiao\Application\Runtime\Cache\Back\f41cfeca7ff7f9b052b94a9a0db20ce4.php 第 74 行.

[2018-07-23 18:39:36] 127.0.0.1 /Back/Customer/index
INFO: [ app_init ] --START--
INFO: Run Behavior\BuildLiteBehavior [ RunTime:0.000000s ]
INFO: [ app_init ] --END-- [ RunTime:0.001000s ]
NOTIC: [8] Use of undefined constant md5 - assumed 'md5' D:\phpStudy\WWW\fenxiao\ThinkPHP\Common\functions.php 第 588 行.
SQL: SHOW COLUMNS FROM `self_user` [ RunTime:0.0040s ]
SQL: SELECT `u_name`,`times` FROM `self_user` WHERE `id` = 1 LIMIT 1   [ RunTime:0.0010s ]
SQL: SHOW COLUMNS FROM `self_role` [ RunTime:0.0040s ]
SQL: SELECT `role_id` FROM `self_user` WHERE `id` = 1 LIMIT 1   [ RunTime:0.0000s ]
SQL: SELECT `limit_id` FROM `self_role` WHERE `id` = 1 LIMIT 1   [ RunTime:0.0010s ]
SQL: SHOW COLUMNS FROM `self_limit` [ RunTime:0.0060s ]
SQL: SELECT `n` FROM `self_limit` WHERE `execs` = 'customer' LIMIT 1   [ RunTime:0.0000s ]
SQL: SELECT `n` FROM `self_limit` WHERE `execs` = 'customer-index' LIMIT 1   [ RunTime:0.0000s ]
SQL: SHOW COLUMNS FROM `self_cus_base` [ RunTime:0.0040s ]
SQL: SELECT `id`,`u_name` FROM `self_user`  [ RunTime:0.0000s ]
SQL: SELECT COUNT(*) AS tp_count FROM self_cus_base b INNER JOIN  self_cus_detailed as a ON a.id =b.id  WHERE b.is_del = 0 LIMIT 1   [ RunTime:0.0000s ]
SQL: SELECT a.id as id,a.cid,a.n,a.wx,a.is_wx,a.t,a.money,b.phone FROM self_cus_base b INNER JOIN  self_cus_detailed as a ON a.id =b.id  WHERE b.is_del = 0 ORDER BY t desc LIMIT 0,10   [ RunTime:0.0000s ]
NOTIC: [8] Undefined index: money D:\phpStudy\WWW\fenxiao\Application\Runtime\Cache\Back\f41cfeca7ff7f9b052b94a9a0db20ce4.php 第 74 行.

[2018-07-23 18:41:32] 127.0.0.1 /Back/Login/login_out
INFO: [ app_init ] --START--
INFO: Run Behavior\BuildLiteBehavior [ RunTime:0.000000s ]
INFO: [ app_init ] --END-- [ RunTime:0.000000s ]

[2018-07-23 18:41:32] 127.0.0.1 /Back/Login/sign
INFO: [ app_init ] --START--
INFO: Run Behavior\BuildLiteBehavior [ RunTime:0.000000s ]
INFO: [ app_init ] --END-- [ RunTime:0.001000s ]
NOTIC: [8] Undefined variable: code D:\phpStudy\WWW\fenxiao\Application\Runtime\Cache\Back\d969c12762d65e2769541579706f2981.php 第 68 行.

[2018-07-23 18:41:32] 127.0.0.1 /Back/Login/verify
INFO: [ app_init ] --START--
INFO: Run Behavior\BuildLiteBehavior [ RunTime:0.000000s ]
INFO: [ app_init ] --END-- [ RunTime:0.001000s ]

