[2018-07-31 18:18:23] 127.0.0.1 /Back/Login/sign
INFO: [ app_init ] --START--
INFO: Run Behavior\BuildLiteBehavior [ RunTime:0.000000s ]
INFO: [ app_init ] --END-- [ RunTime:0.000000s ]
NOTIC: [8] Use of undefined constant md5 - assumed 'md5' D:\phpStudy\WWW\fenxiao\ThinkPHP\Common\functions.php 第 588 行.
SQL: SHOW COLUMNS FROM `self_user` [ RunTime:0.0040s ]
SQL: SELECT `u_name`,`times` FROM `self_user` WHERE `id` = 1 LIMIT 1   [ RunTime:0.0010s ]
NOTIC: [8] Undefined variable: code D:\phpStudy\WWW\fenxiao\Application\Runtime\Cache\Back\d969c12762d65e2769541579706f2981.php 第 68 行.

[2018-07-31 18:18:23] 127.0.0.1 /Back/Login/verify
INFO: [ app_init ] --START--
INFO: Run Behavior\BuildLiteBehavior [ RunTime:0.000000s ]
INFO: [ app_init ] --END-- [ RunTime:0.001000s ]
NOTIC: [8] Use of undefined constant md5 - assumed 'md5' D:\phpStudy\WWW\fenxiao\ThinkPHP\Common\functions.php 第 588 行.
SQL: SHOW COLUMNS FROM `self_user` [ RunTime:0.0040s ]
SQL: SELECT `u_name`,`times` FROM `self_user` WHERE `id` = 1 LIMIT 1   [ RunTime:0.0000s ]

[2018-07-31 18:18:24] 127.0.0.1 /Back/Main/index
INFO: [ app_init ] --START--
INFO: Run Behavior\BuildLiteBehavior [ RunTime:0.000000s ]
INFO: [ app_init ] --END-- [ RunTime:0.000000s ]
NOTIC: [8] Use of undefined constant md5 - assumed 'md5' D:\phpStudy\WWW\fenxiao\ThinkPHP\Common\functions.php 第 588 行.
SQL: SHOW COLUMNS FROM `self_user` [ RunTime:0.0040s ]
SQL: SELECT `u_name`,`times` FROM `self_user` WHERE `id` = 1 LIMIT 1   [ RunTime:0.0000s ]
SQL: SHOW COLUMNS FROM `self_role` [ RunTime:0.0090s ]
SQL: SELECT `role_id` FROM `self_user` WHERE `id` = 1 LIMIT 1   [ RunTime:0.0030s ]
SQL: SELECT `limit_id` FROM `self_role` WHERE `id` = 1 LIMIT 1   [ RunTime:0.0010s ]
SQL: SELECT `role_id` FROM `self_user` WHERE `id` = 1 LIMIT 1   [ RunTime:0.0000s ]
SQL: SHOW COLUMNS FROM `self_cus_detailed` [ RunTime:0.0080s ]
SQL: SHOW COLUMNS FROM `self_user_fj` [ RunTime:0.0040s ]
SQL: SELECT `meg` FROM `self_user_fj` WHERE `id` = 1 LIMIT 1   [ RunTime:0.0010s ]

[2018-07-31 18:18:24] 127.0.0.1 /Back/Index/index
INFO: [ app_init ] --START--
INFO: Run Behavior\BuildLiteBehavior [ RunTime:0.000000s ]
INFO: [ app_init ] --END-- [ RunTime:0.000000s ]
NOTIC: [8] Use of undefined constant md5 - assumed 'md5' D:\phpStudy\WWW\fenxiao\ThinkPHP\Common\functions.php 第 588 行.
SQL: SHOW COLUMNS FROM `self_user` [ RunTime:0.0040s ]
SQL: SELECT `u_name`,`times` FROM `self_user` WHERE `id` = 1 LIMIT 1   [ RunTime:0.0000s ]
SQL: SHOW COLUMNS FROM `self_limit` [ RunTime:0.0050s ]
SQL: SELECT * FROM `self_limit` WHERE `execs` <> '' AND `pid` = 3  [ RunTime:0.0010s ]
SQL: SHOW COLUMNS FROM `self_user_fj` [ RunTime:0.0040s ]
SQL: SELECT `meg` FROM `self_user_fj` WHERE `id` = 1 LIMIT 1   [ RunTime:0.0000s ]

[2018-07-31 18:19:17] 127.0.0.1 /Back/Login/login_out
INFO: [ app_init ] --START--
INFO: Run Behavior\BuildLiteBehavior [ RunTime:0.000000s ]
INFO: [ app_init ] --END-- [ RunTime:0.000000s ]

[2018-07-31 18:19:17] 127.0.0.1 /Back/Login/sign
INFO: [ app_init ] --START--
INFO: Run Behavior\BuildLiteBehavior [ RunTime:0.000000s ]
INFO: [ app_init ] --END-- [ RunTime:0.000000s ]
NOTIC: [8] Undefined variable: code D:\phpStudy\WWW\fenxiao\Application\Runtime\Cache\Back\d969c12762d65e2769541579706f2981.php 第 68 行.

[2018-07-31 18:19:17] 127.0.0.1 /Back/Login/verify
INFO: [ app_init ] --START--
INFO: Run Behavior\BuildLiteBehavior [ RunTime:0.000000s ]
INFO: [ app_init ] --END-- [ RunTime:0.000000s ]

[2018-07-31 18:20:19] 127.0.0.1 /Back/Login/login_out
INFO: [ app_init ] --START--
INFO: Run Behavior\BuildLiteBehavior [ RunTime:0.000000s ]
INFO: [ app_init ] --END-- [ RunTime:0.000000s ]

[2018-07-31 18:20:19] 127.0.0.1 /Back/Login/sign
INFO: [ app_init ] --START--
INFO: Run Behavior\BuildLiteBehavior [ RunTime:0.000000s ]
INFO: [ app_init ] --END-- [ RunTime:0.001000s ]
NOTIC: [8] Undefined variable: code D:\phpStudy\WWW\fenxiao\Application\Runtime\Cache\Back\d969c12762d65e2769541579706f2981.php 第 68 行.

[2018-07-31 18:20:19] 127.0.0.1 /Back/Login/verify
INFO: [ app_init ] --START--
INFO: Run Behavior\BuildLiteBehavior [ RunTime:0.000000s ]
INFO: [ app_init ] --END-- [ RunTime:0.000000s ]

