[2018-08-06 09:24:20] 127.0.0.1 /Home/Wx/index
INFO: [ app_init ] --START--
INFO: Run Behavior\BuildLiteBehavior [ RunTime:0.000000s ]
INFO: [ app_init ] --END-- [ RunTime:0.001000s ]

[2018-08-06 09:24:25] 127.0.0.1 /Home/Te/index
INFO: [ app_init ] --START--
INFO: Run Behavior\BuildLiteBehavior [ RunTime:0.000000s ]
INFO: [ app_init ] --END-- [ RunTime:0.001000s ]
ERR: 模板不存在:./Application/Home/View//test.html.html

[2018-08-06 09:24:37] 127.0.0.1 /Home/Te/index
INFO: [ app_init ] --START--
INFO: Run Behavior\BuildLiteBehavior [ RunTime:0.000000s ]
INFO: [ app_init ] --END-- [ RunTime:0.001000s ]

[2018-08-06 09:25:49] 127.0.0.1 /Home/Te/index
INFO: [ app_init ] --START--
INFO: Run Behavior\BuildLiteBehavior [ RunTime:0.000000s ]
INFO: [ app_init ] --END-- [ RunTime:0.000000s ]

[2018-08-06 09:26:52] 127.0.0.1 /Home/Te/index
INFO: [ app_init ] --START--
INFO: Run Behavior\BuildLiteBehavior [ RunTime:0.000000s ]
INFO: [ app_init ] --END-- [ RunTime:0.000000s ]

[2018-08-06 09:27:10] 127.0.0.1 /Home/Te/index
INFO: [ app_init ] --START--
INFO: Run Behavior\BuildLiteBehavior [ RunTime:0.000000s ]
INFO: [ app_init ] --END-- [ RunTime:0.000000s ]

[2018-08-06 09:28:05] 127.0.0.1 /Home/Te/index
INFO: [ app_init ] --START--
INFO: Run Behavior\BuildLiteBehavior [ RunTime:0.000000s ]
INFO: [ app_init ] --END-- [ RunTime:0.001000s ]

[2018-08-06 09:29:11] 127.0.0.1 /Home/Te/index
INFO: [ app_init ] --START--
INFO: Run Behavior\BuildLiteBehavior [ RunTime:0.000000s ]
INFO: [ app_init ] --END-- [ RunTime:0.001000s ]

[2018-08-06 09:36:48] 127.0.0.1 /Home/Te/index
INFO: [ app_init ] --START--
INFO: Run Behavior\BuildLiteBehavior [ RunTime:0.000000s ]
INFO: [ app_init ] --END-- [ RunTime:0.000000s ]

[2018-08-06 09:37:30] 127.0.0.1 /Home/Te/index
INFO: [ app_init ] --START--
INFO: Run Behavior\BuildLiteBehavior [ RunTime:0.000000s ]
INFO: [ app_init ] --END-- [ RunTime:0.000000s ]

[2018-08-06 09:37:55] 127.0.0.1 /Home/Te/index
INFO: [ app_init ] --START--
INFO: Run Behavior\BuildLiteBehavior [ RunTime:0.000000s ]
INFO: [ app_init ] --END-- [ RunTime:0.001000s ]

[2018-08-06 09:42:13] 127.0.0.1 /Home/Te/index
INFO: [ app_init ] --START--
INFO: Run Behavior\BuildLiteBehavior [ RunTime:0.000000s ]
INFO: [ app_init ] --END-- [ RunTime:0.001000s ]

[2018-08-06 09:43:39] 127.0.0.1 /Home/Te/index
INFO: [ app_init ] --START--
INFO: Run Behavior\BuildLiteBehavior [ RunTime:0.000000s ]
INFO: [ app_init ] --END-- [ RunTime:0.001000s ]

[2018-08-06 09:45:21] 127.0.0.1 /Home/Te/index
INFO: [ app_init ] --START--
INFO: Run Behavior\BuildLiteBehavior [ RunTime:0.000000s ]
INFO: [ app_init ] --END-- [ RunTime:0.001000s ]

[2018-08-06 09:45:56] 127.0.0.1 /Home/Te/index
INFO: [ app_init ] --START--
INFO: Run Behavior\BuildLiteBehavior [ RunTime:0.000000s ]
INFO: [ app_init ] --END-- [ RunTime:0.001000s ]

[2018-08-06 09:46:54] 127.0.0.1 /Home/Te/index
INFO: [ app_init ] --START--
INFO: Run Behavior\BuildLiteBehavior [ RunTime:0.000000s ]
INFO: [ app_init ] --END-- [ RunTime:0.000000s ]

[2018-08-06 09:47:39] 127.0.0.1 /Home/Te/index
INFO: [ app_init ] --START--
INFO: Run Behavior\BuildLiteBehavior [ RunTime:0.000000s ]
INFO: [ app_init ] --END-- [ RunTime:0.001000s ]

[2018-08-06 09:52:14] 127.0.0.1 /Home/Te/index
INFO: [ app_init ] --START--
INFO: Run Behavior\BuildLiteBehavior [ RunTime:0.000000s ]
INFO: [ app_init ] --END-- [ RunTime:0.000000s ]

[2018-08-06 09:56:33] 127.0.0.1 /Home/Te/index
INFO: [ app_init ] --START--
INFO: Run Behavior\BuildLiteBehavior [ RunTime:0.000000s ]
INFO: [ app_init ] --END-- [ RunTime:0.000000s ]

[2018-08-06 09:57:00] 127.0.0.1 /Home/Te/index
INFO: [ app_init ] --START--
INFO: Run Behavior\BuildLiteBehavior [ RunTime:0.000000s ]
INFO: [ app_init ] --END-- [ RunTime:0.001000s ]
NOTIC: [8] Use of undefined constant length - assumed 'length' D:\phpStudy\WWW\fenxiao\Application\Home\Controller\TeController.class.php 第 24 行.
NOTIC: [8] Array to string conversion D:\phpStudy\WWW\fenxiao\Application\Home\Controller\TeController.class.php 第 24 行.
NOTIC: [8] Undefined offset: -1 D:\phpStudy\WWW\fenxiao\Application\Home\Controller\TeController.class.php 第 24 行.

[2018-08-06 09:57:23] 127.0.0.1 /Home/Te/index
INFO: [ app_init ] --START--
INFO: Run Behavior\BuildLiteBehavior [ RunTime:0.000000s ]
INFO: [ app_init ] --END-- [ RunTime:0.000000s ]
NOTIC: [8] Use of undefined constant length - assumed 'length' D:\phpStudy\WWW\fenxiao\Application\Home\Controller\TeController.class.php 第 24 行.
NOTIC: [8] Array to string conversion D:\phpStudy\WWW\fenxiao\Application\Home\Controller\TeController.class.php 第 24 行.
NOTIC: [8] Use of undefined constant length - assumed 'length' D:\phpStudy\WWW\fenxiao\Application\Home\Controller\TeController.class.php 第 25 行.
NOTIC: [8] Array to string conversion D:\phpStudy\WWW\fenxiao\Application\Home\Controller\TeController.class.php 第 25 行.
NOTIC: [8] Undefined offset: -1 D:\phpStudy\WWW\fenxiao\Application\Home\Controller\TeController.class.php 第 25 行.

[2018-08-06 09:58:37] 127.0.0.1 /Home/Te/index
INFO: [ app_init ] --START--
INFO: Run Behavior\BuildLiteBehavior [ RunTime:0.000000s ]
INFO: [ app_init ] --END-- [ RunTime:0.000000s ]

[2018-08-06 10:09:56] 127.0.0.1 /Home/Te/index
INFO: [ app_init ] --START--
INFO: Run Behavior\BuildLiteBehavior [ RunTime:0.000000s ]
INFO: [ app_init ] --END-- [ RunTime:0.000000s ]

[2018-08-06 10:10:57] 127.0.0.1 /Home/Te/index
INFO: [ app_init ] --START--
INFO: Run Behavior\BuildLiteBehavior [ RunTime:0.000000s ]
INFO: [ app_init ] --END-- [ RunTime:0.001000s ]

[2018-08-06 10:37:13] 127.0.0.1 /Home/Te/index
INFO: [ app_init ] --START--
INFO: Run Behavior\BuildLiteBehavior [ RunTime:0.000000s ]
INFO: [ app_init ] --END-- [ RunTime:0.001000s ]

[2018-08-06 14:27:05] 127.0.0.1 /
INFO: [ app_init ] --START--
INFO: Run Behavior\BuildLiteBehavior [ RunTime:0.000000s ]
INFO: [ app_init ] --END-- [ RunTime:0.000000s ]

[2018-08-06 14:27:13] 127.0.0.1 /Home/Login/login
INFO: [ app_init ] --START--
INFO: Run Behavior\BuildLiteBehavior [ RunTime:0.000000s ]
INFO: [ app_init ] --END-- [ RunTime:0.000000s ]
SQL: SHOW COLUMNS FROM `self_cus_detailed` [ RunTime:0.0050s ]
SQL: SHOW COLUMNS FROM `self_cus_base` [ RunTime:0.0050s ]
SQL: SELECT `id`,`pass` FROM `self_cus_base` WHERE `phone` = '12345678912' AND `is_del` = 0 LIMIT 1   [ RunTime:0.0010s ]

[2018-08-06 14:27:17] 127.0.0.1 /
INFO: [ app_init ] --START--
INFO: Run Behavior\BuildLiteBehavior [ RunTime:0.000000s ]
INFO: [ app_init ] --END-- [ RunTime:0.000000s ]

[2018-08-06 14:27:36] 127.0.0.1 /
INFO: [ app_init ] --START--
INFO: Run Behavior\BuildLiteBehavior [ RunTime:0.000000s ]
INFO: [ app_init ] --END-- [ RunTime:0.001000s ]

[2018-08-06 14:27:55] 127.0.0.1 /Home/Login/login
INFO: [ app_init ] --START--
INFO: Run Behavior\BuildLiteBehavior [ RunTime:0.000000s ]
INFO: [ app_init ] --END-- [ RunTime:0.000000s ]
SQL: SHOW COLUMNS FROM `self_cus_detailed` [ RunTime:0.0040s ]
SQL: SHOW COLUMNS FROM `self_cus_base` [ RunTime:0.0040s ]
SQL: SELECT `id`,`pass` FROM `self_cus_base` WHERE `phone` = '12345678913' AND `is_del` = 0 LIMIT 1   [ RunTime:0.0000s ]

[2018-08-06 14:27:55] 127.0.0.1 /Home/Index/index
INFO: [ app_init ] --START--
INFO: Run Behavior\BuildLiteBehavior [ RunTime:0.000000s ]
INFO: [ app_init ] --END-- [ RunTime:0.001000s ]

[2018-08-06 14:27:55] 127.0.0.1 /Home/Login/sign
INFO: [ app_init ] --START--
INFO: Run Behavior\BuildLiteBehavior [ RunTime:0.000000s ]
INFO: [ app_init ] --END-- [ RunTime:0.001000s ]

[2018-08-06 14:28:21] 127.0.0.1 /Home/Line/index
INFO: [ app_init ] --START--
INFO: Run Behavior\BuildLiteBehavior [ RunTime:0.000000s ]
INFO: [ app_init ] --END-- [ RunTime:0.000000s ]

[2018-08-06 14:28:21] 127.0.0.1 /Home/Login/sign
INFO: [ app_init ] --START--
INFO: Run Behavior\BuildLiteBehavior [ RunTime:0.000000s ]
INFO: [ app_init ] --END-- [ RunTime:0.000000s ]

[2018-08-06 14:28:24] 127.0.0.1 /Home/Login/sign
INFO: [ app_init ] --START--
INFO: Run Behavior\BuildLiteBehavior [ RunTime:0.000000s ]
INFO: [ app_init ] --END-- [ RunTime:0.001000s ]

[2018-08-06 14:28:43] 127.0.0.1 /Home/Login/sign
INFO: [ app_init ] --START--
INFO: Run Behavior\BuildLiteBehavior [ RunTime:0.000000s ]
INFO: [ app_init ] --END-- [ RunTime:0.000000s ]

[2018-08-06 14:28:44] 127.0.0.1 /Home/Login/sign
INFO: [ app_init ] --START--
INFO: Run Behavior\BuildLiteBehavior [ RunTime:0.000000s ]
INFO: [ app_init ] --END-- [ RunTime:0.001000s ]

[2018-08-06 14:28:45] 127.0.0.1 /Home/Login/sign
INFO: [ app_init ] --START--
INFO: Run Behavior\BuildLiteBehavior [ RunTime:0.000000s ]
INFO: [ app_init ] --END-- [ RunTime:0.001000s ]

[2018-08-06 14:28:45] 127.0.0.1 /Home/Login/sign
INFO: [ app_init ] --START--
INFO: Run Behavior\BuildLiteBehavior [ RunTime:0.000000s ]
INFO: [ app_init ] --END-- [ RunTime:0.000000s ]

[2018-08-06 14:29:03] 127.0.0.1 /Home/Login/sign
INFO: [ app_init ] --START--
INFO: Run Behavior\BuildLiteBehavior [ RunTime:0.000000s ]
INFO: [ app_init ] --END-- [ RunTime:0.000000s ]

[2018-08-06 14:29:13] 127.0.0.1 /Home/Login/sign
INFO: [ app_init ] --START--
INFO: Run Behavior\BuildLiteBehavior [ RunTime:0.000000s ]
INFO: [ app_init ] --END-- [ RunTime:0.001000s ]

[2018-08-06 14:29:15] 127.0.0.1 /Home/Login/sign
INFO: [ app_init ] --START--
INFO: Run Behavior\BuildLiteBehavior [ RunTime:0.000000s ]
INFO: [ app_init ] --END-- [ RunTime:0.001000s ]

[2018-08-06 14:29:47] 127.0.0.1 /Home/Login/sign
INFO: [ app_init ] --START--
INFO: Run Behavior\BuildLiteBehavior [ RunTime:0.000000s ]
INFO: [ app_init ] --END-- [ RunTime:0.000000s ]

[2018-08-06 14:29:49] 127.0.0.1 /Home/Login/sign
INFO: [ app_init ] --START--
INFO: Run Behavior\BuildLiteBehavior [ RunTime:0.000000s ]
INFO: [ app_init ] --END-- [ RunTime:0.001000s ]

[2018-08-06 14:29:50] 127.0.0.1 /Home/Login/sign
INFO: [ app_init ] --START--
INFO: Run Behavior\BuildLiteBehavior [ RunTime:0.000000s ]
INFO: [ app_init ] --END-- [ RunTime:0.000000s ]

[2018-08-06 14:29:50] 127.0.0.1 /Home/Login/sign
INFO: [ app_init ] --START--
INFO: Run Behavior\BuildLiteBehavior [ RunTime:0.000000s ]
INFO: [ app_init ] --END-- [ RunTime:0.001000s ]

[2018-08-06 14:30:46] 127.0.0.1 /Home/Login/sign
INFO: [ app_init ] --START--
INFO: Run Behavior\BuildLiteBehavior [ RunTime:0.000000s ]
INFO: [ app_init ] --END-- [ RunTime:0.000000s ]

[2018-08-06 14:31:54] 127.0.0.1 /Home/Login/sign
INFO: [ app_init ] --START--
INFO: Run Behavior\BuildLiteBehavior [ RunTime:0.000000s ]
INFO: [ app_init ] --END-- [ RunTime:0.000000s ]

[2018-08-06 14:31:55] 127.0.0.1 /Home/Login/sign
INFO: [ app_init ] --START--
INFO: Run Behavior\BuildLiteBehavior [ RunTime:0.000000s ]
INFO: [ app_init ] --END-- [ RunTime:0.001000s ]

[2018-08-06 14:31:55] 127.0.0.1 /Home/Login/sign
INFO: [ app_init ] --START--
INFO: Run Behavior\BuildLiteBehavior [ RunTime:0.000000s ]
INFO: [ app_init ] --END-- [ RunTime:0.000000s ]

[2018-08-06 14:32:19] 127.0.0.1 /Home/Login/sign
INFO: [ app_init ] --START--
INFO: Run Behavior\BuildLiteBehavior [ RunTime:0.000000s ]
INFO: [ app_init ] --END-- [ RunTime:0.001000s ]

[2018-08-06 14:32:40] 127.0.0.1 /Home/Login/login
INFO: [ app_init ] --START--
INFO: Run Behavior\BuildLiteBehavior [ RunTime:0.000000s ]
INFO: [ app_init ] --END-- [ RunTime:0.000000s ]
SQL: SHOW COLUMNS FROM `self_cus_detailed` [ RunTime:0.0040s ]
SQL: SHOW COLUMNS FROM `self_cus_base` [ RunTime:0.0030s ]
SQL: SELECT `id`,`pass` FROM `self_cus_base` WHERE `phone` = '12345678913' AND `is_del` = 0 LIMIT 1   [ RunTime:0.0010s ]

[2018-08-06 14:34:24] 127.0.0.1 /Home/Login/login
INFO: [ app_init ] --START--
INFO: Run Behavior\BuildLiteBehavior [ RunTime:0.000000s ]
INFO: [ app_init ] --END-- [ RunTime:0.000000s ]
SQL: SHOW COLUMNS FROM `self_cus_detailed` [ RunTime:0.0050s ]
SQL: SHOW COLUMNS FROM `self_cus_base` [ RunTime:0.0030s ]
SQL: SELECT `id`,`pass` FROM `self_cus_base` WHERE `phone` = '12345678913' AND `is_del` = 0 LIMIT 1   [ RunTime:0.0010s ]

[2018-08-06 14:34:24] 127.0.0.1 /Home/Index/index
INFO: [ app_init ] --START--
INFO: Run Behavior\BuildLiteBehavior [ RunTime:0.000000s ]
INFO: [ app_init ] --END-- [ RunTime:0.000000s ]
NOTIC: [8] Undefined index: cus_id D:\phpStudy\WWW\fenxiao\Application\My\WxController.class.php 第 50 行.
NOTIC: [8] Undefined index: cus_id D:\phpStudy\WWW\fenxiao\Application\My\WxController.class.php 第 59 行.
NOTIC: [8] Undefined index: cus_token D:\phpStudy\WWW\fenxiao\Application\My\WxController.class.php 第 59 行.
SQL: SHOW COLUMNS FROM `self_cus_detailed` [ RunTime:0.0040s ]
SQL: SHOW COLUMNS FROM `self_cus_info` [ RunTime:0.0040s ]
SQL: SELECT COUNT(*) AS tp_count FROM `self_cus_info` WHERE `cid` = null AND `is_read` = 1 LIMIT 1   [ RunTime:0.0010s ]
SQL: SELECT `money`,`n`,`headimg` FROM `self_cus_detailed` LIMIT 1   [ RunTime:0.0000s ]

[2018-08-06 14:35:02] 127.0.0.1 /Home/Index/index
INFO: [ app_init ] --START--
INFO: Run Behavior\BuildLiteBehavior [ RunTime:0.000000s ]
INFO: [ app_init ] --END-- [ RunTime:0.001000s ]
NOTIC: [8] Undefined index: cus_id D:\phpStudy\WWW\fenxiao\Application\My\WxController.class.php 第 50 行.
NOTIC: [8] Undefined index: cus_id D:\phpStudy\WWW\fenxiao\Application\My\WxController.class.php 第 59 行.
NOTIC: [8] Undefined index: cus_token D:\phpStudy\WWW\fenxiao\Application\My\WxController.class.php 第 59 行.
SQL: SHOW COLUMNS FROM `self_cus_detailed` [ RunTime:0.0040s ]
SQL: SHOW COLUMNS FROM `self_cus_info` [ RunTime:0.0040s ]
SQL: SELECT COUNT(*) AS tp_count FROM `self_cus_info` WHERE `cid` = null AND `is_read` = 1 LIMIT 1   [ RunTime:0.0010s ]
SQL: SELECT `money`,`n`,`headimg` FROM `self_cus_detailed` LIMIT 1   [ RunTime:0.0000s ]

[2018-08-06 14:35:54] 127.0.0.1 /Home/Index/index
INFO: [ app_init ] --START--
INFO: Run Behavior\BuildLiteBehavior [ RunTime:0.000000s ]
INFO: [ app_init ] --END-- [ RunTime:0.000000s ]
NOTIC: [8] Undefined variable: s_pix D:\phpStudy\WWW\fenxiao\Application\My\WxController.class.php 第 42 行.
NOTIC: [8] Undefined index: id D:\phpStudy\WWW\fenxiao\Application\My\WxController.class.php 第 42 行.
NOTIC: [8] Undefined index: cus_id D:\phpStudy\WWW\fenxiao\Application\My\WxController.class.php 第 51 行.
NOTIC: [8] Undefined index: cus_id D:\phpStudy\WWW\fenxiao\Application\My\WxController.class.php 第 60 行.
NOTIC: [8] Undefined index: cus_token D:\phpStudy\WWW\fenxiao\Application\My\WxController.class.php 第 60 行.
SQL: SHOW COLUMNS FROM `self_cus_detailed` [ RunTime:0.0040s ]
SQL: SHOW COLUMNS FROM `self_cus_info` [ RunTime:0.0040s ]
SQL: SELECT COUNT(*) AS tp_count FROM `self_cus_info` WHERE `cid` = null AND `is_read` = 1 LIMIT 1   [ RunTime:0.0000s ]
SQL: SELECT `money`,`n`,`headimg` FROM `self_cus_detailed` LIMIT 1   [ RunTime:0.0010s ]

[2018-08-06 14:42:01] 127.0.0.1 /Home/Index/index
INFO: [ app_init ] --START--
INFO: Run Behavior\BuildLiteBehavior [ RunTime:0.000000s ]
INFO: [ app_init ] --END-- [ RunTime:0.000000s ]
NOTIC: [8] Undefined index: cus_id D:\phpStudy\WWW\fenxiao\Application\My\WxController.class.php 第 50 行.
NOTIC: [8] Undefined index: cus_id D:\phpStudy\WWW\fenxiao\Application\My\WxController.class.php 第 59 行.
NOTIC: [8] Undefined index: cus_token D:\phpStudy\WWW\fenxiao\Application\My\WxController.class.php 第 59 行.
SQL: SHOW COLUMNS FROM `self_cus_detailed` [ RunTime:0.0040s ]
SQL: SHOW COLUMNS FROM `self_cus_info` [ RunTime:0.0040s ]
SQL: SELECT COUNT(*) AS tp_count FROM `self_cus_info` WHERE `cid` = null AND `is_read` = 1 LIMIT 1   [ RunTime:0.0000s ]
SQL: SELECT `money`,`n`,`headimg` FROM `self_cus_detailed` LIMIT 1   [ RunTime:0.0000s ]

[2018-08-06 14:42:09] 127.0.0.1 /Home/Set/index
INFO: [ app_init ] --START--
INFO: Run Behavior\BuildLiteBehavior [ RunTime:0.000000s ]
INFO: [ app_init ] --END-- [ RunTime:0.001000s ]
NOTIC: [8] Undefined index: cus_id D:\phpStudy\WWW\fenxiao\Application\My\WxController.class.php 第 50 行.
NOTIC: [8] Undefined index: cus_id D:\phpStudy\WWW\fenxiao\Application\My\WxController.class.php 第 59 行.
NOTIC: [8] Undefined index: cus_token D:\phpStudy\WWW\fenxiao\Application\My\WxController.class.php 第 59 行.
SQL: SHOW COLUMNS FROM `self_cus_detailed` [ RunTime:0.0030s ]
SQL: SHOW COLUMNS FROM `self_cus_info` [ RunTime:0.0040s ]
SQL: SELECT COUNT(*) AS tp_count FROM `self_cus_info` WHERE `cid` = null AND `is_read` = 1 LIMIT 1   [ RunTime:0.0010s ]

[2018-08-06 14:42:10] 127.0.0.1 /Home/Login/logout
INFO: [ app_init ] --START--
INFO: Run Behavior\BuildLiteBehavior [ RunTime:0.000000s ]
INFO: [ app_init ] --END-- [ RunTime:0.001000s ]

[2018-08-06 14:42:10] 127.0.0.1 /Home/Login/sign
INFO: [ app_init ] --START--
INFO: Run Behavior\BuildLiteBehavior [ RunTime:0.000000s ]
INFO: [ app_init ] --END-- [ RunTime:0.000000s ]

[2018-08-06 14:42:12] 127.0.0.1 /Home/Login/sign
INFO: [ app_init ] --START--
INFO: Run Behavior\BuildLiteBehavior [ RunTime:0.000000s ]
INFO: [ app_init ] --END-- [ RunTime:0.001000s ]

[2018-08-06 14:42:17] 127.0.0.1 /Home/Login/login
INFO: [ app_init ] --START--
INFO: Run Behavior\BuildLiteBehavior [ RunTime:0.000000s ]
INFO: [ app_init ] --END-- [ RunTime:0.000000s ]
SQL: SHOW COLUMNS FROM `self_cus_detailed` [ RunTime:0.0040s ]
SQL: SHOW COLUMNS FROM `self_cus_base` [ RunTime:0.0030s ]
SQL: SELECT `id`,`pass` FROM `self_cus_base` WHERE `phone` = '12345678913' AND `is_del` = 0 LIMIT 1   [ RunTime:0.0000s ]

[2018-08-06 14:42:17] 127.0.0.1 /Home/Index/index
INFO: [ app_init ] --START--
INFO: Run Behavior\BuildLiteBehavior [ RunTime:0.000000s ]
INFO: [ app_init ] --END-- [ RunTime:0.000000s ]
SQL: SHOW COLUMNS FROM `self_cus_detailed` [ RunTime:0.0040s ]
SQL: SHOW COLUMNS FROM `self_cus_info` [ RunTime:0.0040s ]
SQL: SELECT COUNT(*) AS tp_count FROM `self_cus_info` WHERE `cid` = 2 AND `is_read` = 1 LIMIT 1   [ RunTime:0.0000s ]
SQL: SELECT `money`,`n`,`headimg` FROM `self_cus_detailed` WHERE `id` = 2 LIMIT 1   [ RunTime:0.0010s ]

[2018-08-06 14:42:42] 127.0.0.1 /Home/Index/index
INFO: [ app_init ] --START--
INFO: Run Behavior\BuildLiteBehavior [ RunTime:0.000000s ]
INFO: [ app_init ] --END-- [ RunTime:0.000000s ]
SQL: SHOW COLUMNS FROM `self_cus_detailed` [ RunTime:0.0040s ]
SQL: SHOW COLUMNS FROM `self_cus_info` [ RunTime:0.0040s ]
SQL: SELECT COUNT(*) AS tp_count FROM `self_cus_info` WHERE `cid` = 2 AND `is_read` = 1 LIMIT 1   [ RunTime:0.0010s ]
SQL: SELECT `money`,`n`,`headimg` FROM `self_cus_detailed` WHERE `id` = 2 LIMIT 1   [ RunTime:0.0000s ]

[2018-08-06 14:43:01] 127.0.0.1 /Home/Index/index
INFO: [ app_init ] --START--
INFO: Run Behavior\BuildLiteBehavior [ RunTime:0.000000s ]
INFO: [ app_init ] --END-- [ RunTime:0.000000s ]
SQL: SHOW COLUMNS FROM `self_cus_detailed` [ RunTime:0.0030s ]
SQL: SHOW COLUMNS FROM `self_cus_info` [ RunTime:0.0040s ]
SQL: SELECT COUNT(*) AS tp_count FROM `self_cus_info` WHERE `cid` = 2 AND `is_read` = 1 LIMIT 1   [ RunTime:0.0000s ]
SQL: SELECT `money`,`n`,`headimg` FROM `self_cus_detailed` WHERE `id` = 2 LIMIT 1   [ RunTime:0.0010s ]

[2018-08-06 14:43:46] 127.0.0.1 /Home/Index/index
INFO: [ app_init ] --START--
INFO: Run Behavior\BuildLiteBehavior [ RunTime:0.000000s ]
INFO: [ app_init ] --END-- [ RunTime:0.000000s ]
SQL: SHOW COLUMNS FROM `self_cus_detailed` [ RunTime:0.0040s ]
SQL: SHOW COLUMNS FROM `self_cus_info` [ RunTime:0.0040s ]
SQL: SELECT COUNT(*) AS tp_count FROM `self_cus_info` WHERE `cid` = 2 AND `is_read` = 1 LIMIT 1   [ RunTime:0.0000s ]
SQL: SELECT `money`,`n`,`headimg` FROM `self_cus_detailed` WHERE `id` = 2 LIMIT 1   [ RunTime:0.0000s ]

[2018-08-06 14:43:56] 127.0.0.1 /Home/Index/index
INFO: [ app_init ] --START--
INFO: Run Behavior\BuildLiteBehavior [ RunTime:0.000000s ]
INFO: [ app_init ] --END-- [ RunTime:0.000000s ]
SQL: SHOW COLUMNS FROM `self_cus_detailed` [ RunTime:0.0050s ]
SQL: SHOW COLUMNS FROM `self_cus_info` [ RunTime:0.0040s ]
SQL: SELECT COUNT(*) AS tp_count FROM `self_cus_info` WHERE `cid` = 2 AND `is_read` = 1 LIMIT 1   [ RunTime:0.0000s ]
SQL: SELECT `money`,`n`,`headimg` FROM `self_cus_detailed` WHERE `id` = 2 LIMIT 1   [ RunTime:0.0010s ]

[2018-08-06 14:44:18] 127.0.0.1 /Home/Index/index
INFO: [ app_init ] --START--
INFO: Run Behavior\BuildLiteBehavior [ RunTime:0.000000s ]
INFO: [ app_init ] --END-- [ RunTime:0.000000s ]

[2018-08-06 14:44:42] 127.0.0.1 /Home/Index/index
INFO: [ app_init ] --START--
INFO: Run Behavior\BuildLiteBehavior [ RunTime:0.000000s ]
INFO: [ app_init ] --END-- [ RunTime:0.001000s ]
NOTIC: [8] Undefined index: cus_login_status2 D:\phpStudy\WWW\fenxiao\Application\My\WxController.class.php 第 51 行.
SQL: SHOW COLUMNS FROM `self_cus_detailed` [ RunTime:0.0040s ]
SQL: SHOW COLUMNS FROM `self_cus_info` [ RunTime:0.0040s ]
SQL: SELECT COUNT(*) AS tp_count FROM `self_cus_info` WHERE `cid` = 2 AND `is_read` = 1 LIMIT 1   [ RunTime:0.0000s ]
SQL: SELECT `money`,`n`,`headimg` FROM `self_cus_detailed` WHERE `id` = 2 LIMIT 1   [ RunTime:0.0010s ]

[2018-08-06 14:45:06] 127.0.0.1 /Home/Index/index
INFO: [ app_init ] --START--
INFO: Run Behavior\BuildLiteBehavior [ RunTime:0.000000s ]
INFO: [ app_init ] --END-- [ RunTime:0.000000s ]
SQL: SHOW COLUMNS FROM `self_cus_detailed` [ RunTime:0.0040s ]
SQL: SHOW COLUMNS FROM `self_cus_info` [ RunTime:0.0040s ]
SQL: SELECT COUNT(*) AS tp_count FROM `self_cus_info` WHERE `cid` = 2 AND `is_read` = 1 LIMIT 1   [ RunTime:0.0000s ]
SQL: SELECT `money`,`n`,`headimg` FROM `self_cus_detailed` WHERE `id` = 2 LIMIT 1   [ RunTime:0.0000s ]

[2018-08-06 14:45:29] 127.0.0.1 /Home/Index/index
INFO: [ app_init ] --START--
INFO: Run Behavior\BuildLiteBehavior [ RunTime:0.000000s ]
INFO: [ app_init ] --END-- [ RunTime:0.001000s ]
SQL: SHOW COLUMNS FROM `self_cus_detailed` [ RunTime:0.0040s ]
SQL: SHOW COLUMNS FROM `self_cus_info` [ RunTime:0.0040s ]
SQL: SELECT COUNT(*) AS tp_count FROM `self_cus_info` WHERE `cid` = 2 AND `is_read` = 1 LIMIT 1   [ RunTime:0.0010s ]
SQL: SELECT `money`,`n`,`headimg` FROM `self_cus_detailed` WHERE `id` = 2 LIMIT 1   [ RunTime:0.0000s ]

[2018-08-06 14:46:40] 127.0.0.1 /Home/Index/index
INFO: [ app_init ] --START--
INFO: Run Behavior\BuildLiteBehavior [ RunTime:0.000000s ]
INFO: [ app_init ] --END-- [ RunTime:0.001000s ]
SQL: SHOW COLUMNS FROM `self_cus_detailed` [ RunTime:0.0040s ]
SQL: SHOW COLUMNS FROM `self_cus_info` [ RunTime:0.0040s ]
SQL: SELECT COUNT(*) AS tp_count FROM `self_cus_info` WHERE `cid` = 2 AND `is_read` = 1 LIMIT 1   [ RunTime:0.0000s ]
SQL: SELECT `money`,`n`,`headimg` FROM `self_cus_detailed` WHERE `id` = 2 LIMIT 1   [ RunTime:0.0010s ]

[2018-08-06 14:49:16] 127.0.0.1 /Home/Index/index
INFO: [ app_init ] --START--
INFO: Run Behavior\BuildLiteBehavior [ RunTime:0.000000s ]
INFO: [ app_init ] --END-- [ RunTime:0.001000s ]
SQL: SHOW COLUMNS FROM `self_cus_detailed` [ RunTime:0.0040s ]
SQL: SHOW COLUMNS FROM `self_cus_info` [ RunTime:0.0040s ]
SQL: SELECT COUNT(*) AS tp_count FROM `self_cus_info` WHERE `cid` = 2 AND `is_read` = 1 LIMIT 1   [ RunTime:0.0010s ]
SQL: SELECT `money`,`n`,`headimg` FROM `self_cus_detailed` WHERE `id` = 2 LIMIT 1   [ RunTime:0.0000s ]

[2018-08-06 14:49:18] 127.0.0.1 /Home/Set/index
INFO: [ app_init ] --START--
INFO: Run Behavior\BuildLiteBehavior [ RunTime:0.000000s ]
INFO: [ app_init ] --END-- [ RunTime:0.000000s ]
SQL: SHOW COLUMNS FROM `self_cus_detailed` [ RunTime:0.0050s ]
SQL: SHOW COLUMNS FROM `self_cus_info` [ RunTime:0.0040s ]
SQL: SELECT COUNT(*) AS tp_count FROM `self_cus_info` WHERE `cid` = 2 AND `is_read` = 1 LIMIT 1   [ RunTime:0.0010s ]

[2018-08-06 14:49:54] 127.0.0.1 /Home/Set/cusBase
INFO: [ app_init ] --START--
INFO: Run Behavior\BuildLiteBehavior [ RunTime:0.000000s ]
INFO: [ app_init ] --END-- [ RunTime:0.000000s ]
SQL: SHOW COLUMNS FROM `self_cus_detailed` [ RunTime:0.0040s ]
SQL: SHOW COLUMNS FROM `self_cus_info` [ RunTime:0.0040s ]
SQL: SELECT COUNT(*) AS tp_count FROM `self_cus_info` WHERE `cid` = 2 AND `is_read` = 1 LIMIT 1   [ RunTime:0.0010s ]
SQL: SELECT `age`,`n`,`sex`,`wx`,`id`,`is_wx` FROM `self_cus_detailed` WHERE `id` = 2 LIMIT 1   [ RunTime:0.0000s ]
SQL: SHOW COLUMNS FROM `self_cus_downline` [ RunTime:0.0040s ]
SQL: SELECT COUNT(*) AS tp_count FROM `self_cus_downline` WHERE ( tid=2 ) LIMIT 1   [ RunTime:0.0010s ]

[2018-08-06 14:49:57] 127.0.0.1 /Home/Set/execBase
INFO: [ app_init ] --START--
INFO: Run Behavior\BuildLiteBehavior [ RunTime:0.000000s ]
INFO: [ app_init ] --END-- [ RunTime:0.000000s ]
SQL: SHOW COLUMNS FROM `self_cus_detailed` [ RunTime:0.0040s ]
SQL: SHOW COLUMNS FROM `self_cus_info` [ RunTime:0.0050s ]
SQL: SELECT COUNT(*) AS tp_count FROM `self_cus_info` WHERE `cid` = 2 AND `is_read` = 1 LIMIT 1   [ RunTime:0.0000s ]
NOTIC: [8] Undefined index: validate D:\phpStudy\WWW\fenxiao\ThinkPHP\Library\Think\Model.class.php 第 1192 行.
NOTIC: [8] Undefined index: auto D:\phpStudy\WWW\fenxiao\ThinkPHP\Library\Think\Model.class.php 第 1130 行.
SQL: UPDATE `self_cus_detailed` SET `n`='bb3',`age`='0',`sex`='男',`wx`='1234' WHERE `id` = '2' [ RunTime:0.0040s ]

[2018-08-06 14:49:58] 127.0.0.1 /Home/Set/index
INFO: [ app_init ] --START--
INFO: Run Behavior\BuildLiteBehavior [ RunTime:0.000000s ]
INFO: [ app_init ] --END-- [ RunTime:0.000000s ]
SQL: SHOW COLUMNS FROM `self_cus_detailed` [ RunTime:0.0050s ]
SQL: SHOW COLUMNS FROM `self_cus_info` [ RunTime:0.0040s ]
SQL: SELECT COUNT(*) AS tp_count FROM `self_cus_info` WHERE `cid` = 2 AND `is_read` = 1 LIMIT 1   [ RunTime:0.0000s ]

[2018-08-06 15:02:13] 127.0.0.1 /Home/Set/index
INFO: [ app_init ] --START--
INFO: Run Behavior\BuildLiteBehavior [ RunTime:0.000000s ]
INFO: [ app_init ] --END-- [ RunTime:0.000000s ]

[2018-08-06 15:02:13] 127.0.0.1 /Home/Login/sign
INFO: [ app_init ] --START--
INFO: Run Behavior\BuildLiteBehavior [ RunTime:0.000000s ]
INFO: [ app_init ] --END-- [ RunTime:0.001000s ]

[2018-08-06 15:02:13] 127.0.0.1 /Home/Index/index
INFO: [ app_init ] --START--
INFO: Run Behavior\BuildLiteBehavior [ RunTime:0.000000s ]
INFO: [ app_init ] --END-- [ RunTime:0.000000s ]

[2018-08-06 15:02:13] 127.0.0.1 /Home/Login/sign
INFO: [ app_init ] --START--
INFO: Run Behavior\BuildLiteBehavior [ RunTime:0.000000s ]
INFO: [ app_init ] --END-- [ RunTime:0.000000s ]

[2018-08-06 15:02:13] 127.0.0.1 /Home/Index/index
INFO: [ app_init ] --START--
INFO: Run Behavior\BuildLiteBehavior [ RunTime:0.000000s ]
INFO: [ app_init ] --END-- [ RunTime:0.000000s ]

[2018-08-06 15:02:13] 127.0.0.1 /Home/Login/sign
INFO: [ app_init ] --START--
INFO: Run Behavior\BuildLiteBehavior [ RunTime:0.000000s ]
INFO: [ app_init ] --END-- [ RunTime:0.000000s ]

[2018-08-06 15:02:13] 127.0.0.1 /Home/Index/index
INFO: [ app_init ] --START--
INFO: Run Behavior\BuildLiteBehavior [ RunTime:0.000000s ]
INFO: [ app_init ] --END-- [ RunTime:0.001000s ]

[2018-08-06 15:02:13] 127.0.0.1 /Home/Login/sign
INFO: [ app_init ] --START--
INFO: Run Behavior\BuildLiteBehavior [ RunTime:0.000000s ]
INFO: [ app_init ] --END-- [ RunTime:0.000000s ]

[2018-08-06 15:02:13] 127.0.0.1 /Home/Index/index
INFO: [ app_init ] --START--
INFO: Run Behavior\BuildLiteBehavior [ RunTime:0.000000s ]
INFO: [ app_init ] --END-- [ RunTime:0.001000s ]

[2018-08-06 15:02:14] 127.0.0.1 /Home/Login/sign
INFO: [ app_init ] --START--
INFO: Run Behavior\BuildLiteBehavior [ RunTime:0.000000s ]
INFO: [ app_init ] --END-- [ RunTime:0.000000s ]

[2018-08-06 15:02:14] 127.0.0.1 /Home/Index/index
INFO: [ app_init ] --START--
INFO: Run Behavior\BuildLiteBehavior [ RunTime:0.000000s ]
INFO: [ app_init ] --END-- [ RunTime:0.000000s ]

[2018-08-06 15:02:14] 127.0.0.1 /Home/Login/sign
INFO: [ app_init ] --START--
INFO: Run Behavior\BuildLiteBehavior [ RunTime:0.000000s ]
INFO: [ app_init ] --END-- [ RunTime:0.000000s ]

[2018-08-06 15:02:14] 127.0.0.1 /Home/Index/index
INFO: [ app_init ] --START--
INFO: Run Behavior\BuildLiteBehavior [ RunTime:0.000000s ]
INFO: [ app_init ] --END-- [ RunTime:0.001000s ]

[2018-08-06 15:02:14] 127.0.0.1 /Home/Login/sign
INFO: [ app_init ] --START--
INFO: Run Behavior\BuildLiteBehavior [ RunTime:0.000000s ]
INFO: [ app_init ] --END-- [ RunTime:0.001000s ]

[2018-08-06 15:02:14] 127.0.0.1 /Home/Index/index
INFO: [ app_init ] --START--
INFO: Run Behavior\BuildLiteBehavior [ RunTime:0.000000s ]
INFO: [ app_init ] --END-- [ RunTime:0.001000s ]

[2018-08-06 15:02:14] 127.0.0.1 /Home/Login/sign
INFO: [ app_init ] --START--
INFO: Run Behavior\BuildLiteBehavior [ RunTime:0.000000s ]
INFO: [ app_init ] --END-- [ RunTime:0.001000s ]

[2018-08-06 15:02:14] 127.0.0.1 /Home/Index/index
INFO: [ app_init ] --START--
INFO: Run Behavior\BuildLiteBehavior [ RunTime:0.000000s ]
INFO: [ app_init ] --END-- [ RunTime:0.001000s ]

[2018-08-06 15:02:14] 127.0.0.1 /Home/Login/sign
INFO: [ app_init ] --START--
INFO: Run Behavior\BuildLiteBehavior [ RunTime:0.000000s ]
INFO: [ app_init ] --END-- [ RunTime:0.000000s ]

[2018-08-06 15:02:14] 127.0.0.1 /Home/Index/index
INFO: [ app_init ] --START--
INFO: Run Behavior\BuildLiteBehavior [ RunTime:0.000000s ]
INFO: [ app_init ] --END-- [ RunTime:0.000000s ]

[2018-08-06 15:02:15] 127.0.0.1 /Home/Login/sign
INFO: [ app_init ] --START--
INFO: Run Behavior\BuildLiteBehavior [ RunTime:0.000000s ]
INFO: [ app_init ] --END-- [ RunTime:0.001000s ]

[2018-08-06 15:02:15] 127.0.0.1 /Home/Index/index
INFO: [ app_init ] --START--
INFO: Run Behavior\BuildLiteBehavior [ RunTime:0.000000s ]
INFO: [ app_init ] --END-- [ RunTime:0.000000s ]

[2018-08-06 15:02:15] 127.0.0.1 /Home/Login/sign
INFO: [ app_init ] --START--
INFO: Run Behavior\BuildLiteBehavior [ RunTime:0.000000s ]
INFO: [ app_init ] --END-- [ RunTime:0.001000s ]

[2018-08-06 15:02:15] 127.0.0.1 /Home/Index/index
INFO: [ app_init ] --START--
INFO: Run Behavior\BuildLiteBehavior [ RunTime:0.000000s ]
INFO: [ app_init ] --END-- [ RunTime:0.001000s ]

[2018-08-06 15:02:15] 127.0.0.1 /Home/Login/sign
INFO: [ app_init ] --START--
INFO: Run Behavior\BuildLiteBehavior [ RunTime:0.000000s ]
INFO: [ app_init ] --END-- [ RunTime:0.000000s ]

[2018-08-06 15:02:15] 127.0.0.1 /Home/Index/index
INFO: [ app_init ] --START--
INFO: Run Behavior\BuildLiteBehavior [ RunTime:0.000000s ]
INFO: [ app_init ] --END-- [ RunTime:0.001000s ]

[2018-08-06 15:02:15] 127.0.0.1 /Home/Login/sign
INFO: [ app_init ] --START--
INFO: Run Behavior\BuildLiteBehavior [ RunTime:0.000000s ]
INFO: [ app_init ] --END-- [ RunTime:0.001000s ]

[2018-08-06 15:02:15] 127.0.0.1 /Home/Index/index
INFO: [ app_init ] --START--
INFO: Run Behavior\BuildLiteBehavior [ RunTime:0.000000s ]
INFO: [ app_init ] --END-- [ RunTime:0.000000s ]

[2018-08-06 15:02:15] 127.0.0.1 /Home/Login/sign
INFO: [ app_init ] --START--
INFO: Run Behavior\BuildLiteBehavior [ RunTime:0.000000s ]
INFO: [ app_init ] --END-- [ RunTime:0.001000s ]

[2018-08-06 15:02:15] 127.0.0.1 /Home/Index/index
INFO: [ app_init ] --START--
INFO: Run Behavior\BuildLiteBehavior [ RunTime:0.000000s ]
INFO: [ app_init ] --END-- [ RunTime:0.001000s ]

[2018-08-06 15:02:16] 127.0.0.1 /Home/Login/sign
INFO: [ app_init ] --START--
INFO: Run Behavior\BuildLiteBehavior [ RunTime:0.000000s ]
INFO: [ app_init ] --END-- [ RunTime:0.000000s ]

[2018-08-06 15:02:16] 127.0.0.1 /Home/Index/index
INFO: [ app_init ] --START--
INFO: Run Behavior\BuildLiteBehavior [ RunTime:0.000000s ]
INFO: [ app_init ] --END-- [ RunTime:0.000000s ]

[2018-08-06 15:02:16] 127.0.0.1 /Home/Login/sign
INFO: [ app_init ] --START--
INFO: Run Behavior\BuildLiteBehavior [ RunTime:0.000000s ]
INFO: [ app_init ] --END-- [ RunTime:0.000000s ]

[2018-08-06 15:02:16] 127.0.0.1 /Home/Index/index
INFO: [ app_init ] --START--
INFO: Run Behavior\BuildLiteBehavior [ RunTime:0.000000s ]
INFO: [ app_init ] --END-- [ RunTime:0.000000s ]

[2018-08-06 15:02:16] 127.0.0.1 /Home/Login/sign
INFO: [ app_init ] --START--
INFO: Run Behavior\BuildLiteBehavior [ RunTime:0.000000s ]
INFO: [ app_init ] --END-- [ RunTime:0.001000s ]

[2018-08-06 15:02:16] 127.0.0.1 /Home/Index/index
INFO: [ app_init ] --START--
INFO: Run Behavior\BuildLiteBehavior [ RunTime:0.000000s ]
INFO: [ app_init ] --END-- [ RunTime:0.001000s ]

[2018-08-06 15:02:16] 127.0.0.1 /Home/Login/sign
INFO: [ app_init ] --START--
INFO: Run Behavior\BuildLiteBehavior [ RunTime:0.000000s ]
INFO: [ app_init ] --END-- [ RunTime:0.000000s ]

[2018-08-06 15:02:16] 127.0.0.1 /Home/Index/index
INFO: [ app_init ] --START--
INFO: Run Behavior\BuildLiteBehavior [ RunTime:0.000000s ]
INFO: [ app_init ] --END-- [ RunTime:0.000000s ]

[2018-08-06 15:02:16] 127.0.0.1 /Home/Login/sign
INFO: [ app_init ] --START--
INFO: Run Behavior\BuildLiteBehavior [ RunTime:0.000000s ]
INFO: [ app_init ] --END-- [ RunTime:0.000000s ]

[2018-08-06 15:02:16] 127.0.0.1 /Home/Index/index
INFO: [ app_init ] --START--
INFO: Run Behavior\BuildLiteBehavior [ RunTime:0.000000s ]
INFO: [ app_init ] --END-- [ RunTime:0.000000s ]

[2018-08-06 15:02:17] 127.0.0.1 /Home/Login/sign
INFO: [ app_init ] --START--
INFO: Run Behavior\BuildLiteBehavior [ RunTime:0.000000s ]
INFO: [ app_init ] --END-- [ RunTime:0.001000s ]

[2018-08-06 15:02:17] 127.0.0.1 /Home/Index/index
INFO: [ app_init ] --START--
INFO: Run Behavior\BuildLiteBehavior [ RunTime:0.000000s ]
INFO: [ app_init ] --END-- [ RunTime:0.000000s ]

[2018-08-06 15:02:17] 127.0.0.1 /Home/Login/sign
INFO: [ app_init ] --START--
INFO: Run Behavior\BuildLiteBehavior [ RunTime:0.000000s ]
INFO: [ app_init ] --END-- [ RunTime:0.000000s ]

[2018-08-06 15:02:17] 127.0.0.1 /Home/Index/index
INFO: [ app_init ] --START--
INFO: Run Behavior\BuildLiteBehavior [ RunTime:0.000000s ]
INFO: [ app_init ] --END-- [ RunTime:0.000000s ]

[2018-08-06 15:02:17] 127.0.0.1 /Home/Login/sign
INFO: [ app_init ] --START--
INFO: Run Behavior\BuildLiteBehavior [ RunTime:0.000000s ]
INFO: [ app_init ] --END-- [ RunTime:0.001000s ]

[2018-08-06 15:02:17] 127.0.0.1 /Home/Index/index
INFO: [ app_init ] --START--
INFO: Run Behavior\BuildLiteBehavior [ RunTime:0.000000s ]
INFO: [ app_init ] --END-- [ RunTime:0.000000s ]

[2018-08-06 15:02:17] 127.0.0.1 /Home/Login/sign
INFO: [ app_init ] --START--
INFO: Run Behavior\BuildLiteBehavior [ RunTime:0.000000s ]
INFO: [ app_init ] --END-- [ RunTime:0.000000s ]

[2018-08-06 15:02:17] 127.0.0.1 /Home/Index/index
INFO: [ app_init ] --START--
INFO: Run Behavior\BuildLiteBehavior [ RunTime:0.000000s ]
INFO: [ app_init ] --END-- [ RunTime:0.000000s ]

[2018-08-06 15:02:17] 127.0.0.1 /Home/Login/sign
INFO: [ app_init ] --START--
INFO: Run Behavior\BuildLiteBehavior [ RunTime:0.000000s ]
INFO: [ app_init ] --END-- [ RunTime:0.000000s ]

[2018-08-06 15:02:17] 127.0.0.1 /Home/Index/index
INFO: [ app_init ] --START--
INFO: Run Behavior\BuildLiteBehavior [ RunTime:0.000000s ]
INFO: [ app_init ] --END-- [ RunTime:0.001000s ]

[2018-08-06 15:02:17] 127.0.0.1 /Home/Login/sign
INFO: [ app_init ] --START--
INFO: Run Behavior\BuildLiteBehavior [ RunTime:0.000000s ]
INFO: [ app_init ] --END-- [ RunTime:0.001000s ]

[2018-08-06 15:02:18] 127.0.0.1 /Home/Index/index
INFO: [ app_init ] --START--
INFO: Run Behavior\BuildLiteBehavior [ RunTime:0.000000s ]
INFO: [ app_init ] --END-- [ RunTime:0.000000s ]

[2018-08-06 15:02:18] 127.0.0.1 /Home/Login/sign
INFO: [ app_init ] --START--
INFO: Run Behavior\BuildLiteBehavior [ RunTime:0.000000s ]
INFO: [ app_init ] --END-- [ RunTime:0.001000s ]

[2018-08-06 15:02:18] 127.0.0.1 /Home/Index/index
INFO: [ app_init ] --START--
INFO: Run Behavior\BuildLiteBehavior [ RunTime:0.000000s ]
INFO: [ app_init ] --END-- [ RunTime:0.001000s ]

[2018-08-06 15:02:18] 127.0.0.1 /Home/Login/sign
INFO: [ app_init ] --START--
INFO: Run Behavior\BuildLiteBehavior [ RunTime:0.000000s ]
INFO: [ app_init ] --END-- [ RunTime:0.001000s ]

[2018-08-06 15:02:18] 127.0.0.1 /Home/Index/index
INFO: [ app_init ] --START--
INFO: Run Behavior\BuildLiteBehavior [ RunTime:0.000000s ]
INFO: [ app_init ] --END-- [ RunTime:0.000000s ]

[2018-08-06 15:02:18] 127.0.0.1 /Home/Login/sign
INFO: [ app_init ] --START--
INFO: Run Behavior\BuildLiteBehavior [ RunTime:0.000000s ]
INFO: [ app_init ] --END-- [ RunTime:0.001000s ]

[2018-08-06 15:02:18] 127.0.0.1 /Home/Index/index
INFO: [ app_init ] --START--
INFO: Run Behavior\BuildLiteBehavior [ RunTime:0.000000s ]
INFO: [ app_init ] --END-- [ RunTime:0.000000s ]

[2018-08-06 15:02:18] 127.0.0.1 /Home/Login/sign
INFO: [ app_init ] --START--
INFO: Run Behavior\BuildLiteBehavior [ RunTime:0.000000s ]
INFO: [ app_init ] --END-- [ RunTime:0.000000s ]

[2018-08-06 15:02:18] 127.0.0.1 /Home/Index/index
INFO: [ app_init ] --START--
INFO: Run Behavior\BuildLiteBehavior [ RunTime:0.000000s ]
INFO: [ app_init ] --END-- [ RunTime:0.001000s ]

[2018-08-06 15:02:18] 127.0.0.1 /Home/Login/sign
INFO: [ app_init ] --START--
INFO: Run Behavior\BuildLiteBehavior [ RunTime:0.000000s ]
INFO: [ app_init ] --END-- [ RunTime:0.000000s ]

[2018-08-06 15:02:19] 127.0.0.1 /Home/Index/index
INFO: [ app_init ] --START--
INFO: Run Behavior\BuildLiteBehavior [ RunTime:0.000000s ]
INFO: [ app_init ] --END-- [ RunTime:0.001000s ]

[2018-08-06 15:02:19] 127.0.0.1 /Home/Login/sign
INFO: [ app_init ] --START--
INFO: Run Behavior\BuildLiteBehavior [ RunTime:0.000000s ]
INFO: [ app_init ] --END-- [ RunTime:0.001000s ]

[2018-08-06 15:02:19] 127.0.0.1 /Home/Index/index
INFO: [ app_init ] --START--
INFO: Run Behavior\BuildLiteBehavior [ RunTime:0.000000s ]
INFO: [ app_init ] --END-- [ RunTime:0.000000s ]

[2018-08-06 15:02:19] 127.0.0.1 /Home/Login/sign
INFO: [ app_init ] --START--
INFO: Run Behavior\BuildLiteBehavior [ RunTime:0.000000s ]
INFO: [ app_init ] --END-- [ RunTime:0.000000s ]

[2018-08-06 15:02:19] 127.0.0.1 /Home/Index/index
INFO: [ app_init ] --START--
INFO: Run Behavior\BuildLiteBehavior [ RunTime:0.000000s ]
INFO: [ app_init ] --END-- [ RunTime:0.000000s ]

[2018-08-06 15:02:19] 127.0.0.1 /Home/Login/sign
INFO: [ app_init ] --START--
INFO: Run Behavior\BuildLiteBehavior [ RunTime:0.000000s ]
INFO: [ app_init ] --END-- [ RunTime:0.000000s ]

[2018-08-06 15:02:19] 127.0.0.1 /Home/Index/index
INFO: [ app_init ] --START--
INFO: Run Behavior\BuildLiteBehavior [ RunTime:0.000000s ]
INFO: [ app_init ] --END-- [ RunTime:0.000000s ]

[2018-08-06 15:02:19] 127.0.0.1 /Home/Login/sign
INFO: [ app_init ] --START--
INFO: Run Behavior\BuildLiteBehavior [ RunTime:0.000000s ]
INFO: [ app_init ] --END-- [ RunTime:0.001000s ]

[2018-08-06 15:02:19] 127.0.0.1 /Home/Index/index
INFO: [ app_init ] --START--
INFO: Run Behavior\BuildLiteBehavior [ RunTime:0.000000s ]
INFO: [ app_init ] --END-- [ RunTime:0.000000s ]

[2018-08-06 15:02:20] 127.0.0.1 /Home/Login/sign
INFO: [ app_init ] --START--
INFO: Run Behavior\BuildLiteBehavior [ RunTime:0.000000s ]
INFO: [ app_init ] --END-- [ RunTime:0.001000s ]

[2018-08-06 15:02:20] 127.0.0.1 /Home/Index/index
INFO: [ app_init ] --START--
INFO: Run Behavior\BuildLiteBehavior [ RunTime:0.000000s ]
INFO: [ app_init ] --END-- [ RunTime:0.001000s ]

[2018-08-06 15:02:20] 127.0.0.1 /Home/Login/sign
INFO: [ app_init ] --START--
INFO: Run Behavior\BuildLiteBehavior [ RunTime:0.001000s ]
INFO: [ app_init ] --END-- [ RunTime:0.001000s ]

[2018-08-06 15:02:20] 127.0.0.1 /Home/Index/index
INFO: [ app_init ] --START--
INFO: Run Behavior\BuildLiteBehavior [ RunTime:0.000000s ]
INFO: [ app_init ] --END-- [ RunTime:0.001000s ]

[2018-08-06 15:02:20] 127.0.0.1 /Home/Login/sign
INFO: [ app_init ] --START--
INFO: Run Behavior\BuildLiteBehavior [ RunTime:0.000000s ]
INFO: [ app_init ] --END-- [ RunTime:0.000000s ]

[2018-08-06 15:02:20] 127.0.0.1 /Home/Index/index
INFO: [ app_init ] --START--
INFO: Run Behavior\BuildLiteBehavior [ RunTime:0.000000s ]
INFO: [ app_init ] --END-- [ RunTime:0.001000s ]

[2018-08-06 15:02:20] 127.0.0.1 /Home/Login/sign
INFO: [ app_init ] --START--
INFO: Run Behavior\BuildLiteBehavior [ RunTime:0.000000s ]
INFO: [ app_init ] --END-- [ RunTime:0.001000s ]

[2018-08-06 15:02:20] 127.0.0.1 /Home/Index/index
INFO: [ app_init ] --START--
INFO: Run Behavior\BuildLiteBehavior [ RunTime:0.001000s ]
INFO: [ app_init ] --END-- [ RunTime:0.001000s ]

[2018-08-06 15:02:20] 127.0.0.1 /Home/Login/sign
INFO: [ app_init ] --START--
INFO: Run Behavior\BuildLiteBehavior [ RunTime:0.000000s ]
INFO: [ app_init ] --END-- [ RunTime:0.000000s ]

[2018-08-06 15:02:20] 127.0.0.1 /Home/Index/index
INFO: [ app_init ] --START--
INFO: Run Behavior\BuildLiteBehavior [ RunTime:0.000000s ]
INFO: [ app_init ] --END-- [ RunTime:0.000000s ]

[2018-08-06 15:02:20] 127.0.0.1 /Home/Login/sign
INFO: [ app_init ] --START--
INFO: Run Behavior\BuildLiteBehavior [ RunTime:0.000000s ]
INFO: [ app_init ] --END-- [ RunTime:0.000000s ]

[2018-08-06 15:02:21] 127.0.0.1 /Home/Index/index
INFO: [ app_init ] --START--
INFO: Run Behavior\BuildLiteBehavior [ RunTime:0.000000s ]
INFO: [ app_init ] --END-- [ RunTime:0.000000s ]

[2018-08-06 15:02:21] 127.0.0.1 /Home/Login/sign
INFO: [ app_init ] --START--
INFO: Run Behavior\BuildLiteBehavior [ RunTime:0.000000s ]
INFO: [ app_init ] --END-- [ RunTime:0.001000s ]

[2018-08-06 15:02:21] 127.0.0.1 /Home/Index/index
INFO: [ app_init ] --START--
INFO: Run Behavior\BuildLiteBehavior [ RunTime:0.000000s ]
INFO: [ app_init ] --END-- [ RunTime:0.001000s ]

[2018-08-06 15:02:21] 127.0.0.1 /Home/Login/sign
INFO: [ app_init ] --START--
INFO: Run Behavior\BuildLiteBehavior [ RunTime:0.000000s ]
INFO: [ app_init ] --END-- [ RunTime:0.001000s ]

[2018-08-06 15:02:21] 127.0.0.1 /Home/Index/index
INFO: [ app_init ] --START--
INFO: Run Behavior\BuildLiteBehavior [ RunTime:0.000000s ]
INFO: [ app_init ] --END-- [ RunTime:0.001000s ]

[2018-08-06 15:02:21] 127.0.0.1 /Home/Login/sign
INFO: [ app_init ] --START--
INFO: Run Behavior\BuildLiteBehavior [ RunTime:0.000000s ]
INFO: [ app_init ] --END-- [ RunTime:0.000000s ]

[2018-08-06 15:02:21] 127.0.0.1 /Home/Index/index
INFO: [ app_init ] --START--
INFO: Run Behavior\BuildLiteBehavior [ RunTime:0.000000s ]
INFO: [ app_init ] --END-- [ RunTime:0.000000s ]

[2018-08-06 15:02:21] 127.0.0.1 /Home/Login/sign
INFO: [ app_init ] --START--
INFO: Run Behavior\BuildLiteBehavior [ RunTime:0.000000s ]
INFO: [ app_init ] --END-- [ RunTime:0.000000s ]

[2018-08-06 15:02:21] 127.0.0.1 /Home/Index/index
INFO: [ app_init ] --START--
INFO: Run Behavior\BuildLiteBehavior [ RunTime:0.000000s ]
INFO: [ app_init ] --END-- [ RunTime:0.001000s ]

[2018-08-06 15:02:21] 127.0.0.1 /Home/Login/sign
INFO: [ app_init ] --START--
INFO: Run Behavior\BuildLiteBehavior [ RunTime:0.000000s ]
INFO: [ app_init ] --END-- [ RunTime:0.000000s ]

[2018-08-06 15:02:21] 127.0.0.1 /Home/Index/index
INFO: [ app_init ] --START--
INFO: Run Behavior\BuildLiteBehavior [ RunTime:0.000000s ]
INFO: [ app_init ] --END-- [ RunTime:0.001000s ]

[2018-08-06 15:02:22] 127.0.0.1 /Home/Login/sign
INFO: [ app_init ] --START--
INFO: Run Behavior\BuildLiteBehavior [ RunTime:0.000000s ]
INFO: [ app_init ] --END-- [ RunTime:0.000000s ]

[2018-08-06 15:02:22] 127.0.0.1 /Home/Index/index
INFO: [ app_init ] --START--
INFO: Run Behavior\BuildLiteBehavior [ RunTime:0.000000s ]
INFO: [ app_init ] --END-- [ RunTime:0.000000s ]

[2018-08-06 15:02:22] 127.0.0.1 /Home/Login/sign
INFO: [ app_init ] --START--
INFO: Run Behavior\BuildLiteBehavior [ RunTime:0.000000s ]
INFO: [ app_init ] --END-- [ RunTime:0.000000s ]

[2018-08-06 15:02:22] 127.0.0.1 /Home/Index/index
INFO: [ app_init ] --START--
INFO: Run Behavior\BuildLiteBehavior [ RunTime:0.000000s ]
INFO: [ app_init ] --END-- [ RunTime:0.001000s ]

[2018-08-06 15:02:22] 127.0.0.1 /Home/Login/sign
INFO: [ app_init ] --START--
INFO: Run Behavior\BuildLiteBehavior [ RunTime:0.000000s ]
INFO: [ app_init ] --END-- [ RunTime:0.000000s ]

[2018-08-06 15:02:22] 127.0.0.1 /Home/Index/index
INFO: [ app_init ] --START--
INFO: Run Behavior\BuildLiteBehavior [ RunTime:0.000000s ]
INFO: [ app_init ] --END-- [ RunTime:0.001000s ]

[2018-08-06 15:02:22] 127.0.0.1 /Home/Login/sign
INFO: [ app_init ] --START--
INFO: Run Behavior\BuildLiteBehavior [ RunTime:0.000000s ]
INFO: [ app_init ] --END-- [ RunTime:0.001000s ]

[2018-08-06 15:02:22] 127.0.0.1 /Home/Index/index
INFO: [ app_init ] --START--
INFO: Run Behavior\BuildLiteBehavior [ RunTime:0.000000s ]
INFO: [ app_init ] --END-- [ RunTime:0.000000s ]

[2018-08-06 15:02:22] 127.0.0.1 /Home/Login/sign
INFO: [ app_init ] --START--
INFO: Run Behavior\BuildLiteBehavior [ RunTime:0.000000s ]
INFO: [ app_init ] --END-- [ RunTime:0.000000s ]

[2018-08-06 15:02:22] 127.0.0.1 /Home/Index/index
INFO: [ app_init ] --START--
INFO: Run Behavior\BuildLiteBehavior [ RunTime:0.000000s ]
INFO: [ app_init ] --END-- [ RunTime:0.001000s ]

[2018-08-06 15:02:23] 127.0.0.1 /Home/Login/sign
INFO: [ app_init ] --START--
INFO: Run Behavior\BuildLiteBehavior [ RunTime:0.000000s ]
INFO: [ app_init ] --END-- [ RunTime:0.000000s ]

[2018-08-06 15:02:23] 127.0.0.1 /Home/Index/index
INFO: [ app_init ] --START--
INFO: Run Behavior\BuildLiteBehavior [ RunTime:0.000000s ]
INFO: [ app_init ] --END-- [ RunTime:0.001000s ]

[2018-08-06 15:02:23] 127.0.0.1 /Home/Login/sign
INFO: [ app_init ] --START--
INFO: Run Behavior\BuildLiteBehavior [ RunTime:0.000000s ]
INFO: [ app_init ] --END-- [ RunTime:0.000000s ]

[2018-08-06 15:02:23] 127.0.0.1 /Home/Index/index
INFO: [ app_init ] --START--
INFO: Run Behavior\BuildLiteBehavior [ RunTime:0.000000s ]
INFO: [ app_init ] --END-- [ RunTime:0.000000s ]

[2018-08-06 15:02:23] 127.0.0.1 /Home/Login/sign
INFO: [ app_init ] --START--
INFO: Run Behavior\BuildLiteBehavior [ RunTime:0.000000s ]
INFO: [ app_init ] --END-- [ RunTime:0.000000s ]

[2018-08-06 15:02:23] 127.0.0.1 /Home/Index/index
INFO: [ app_init ] --START--
INFO: Run Behavior\BuildLiteBehavior [ RunTime:0.000000s ]
INFO: [ app_init ] --END-- [ RunTime:0.001000s ]

[2018-08-06 15:02:23] 127.0.0.1 /Home/Login/sign
INFO: [ app_init ] --START--
INFO: Run Behavior\BuildLiteBehavior [ RunTime:0.000000s ]
INFO: [ app_init ] --END-- [ RunTime:0.001000s ]

[2018-08-06 15:02:23] 127.0.0.1 /Home/Index/index
INFO: [ app_init ] --START--
INFO: Run Behavior\BuildLiteBehavior [ RunTime:0.000000s ]
INFO: [ app_init ] --END-- [ RunTime:0.000000s ]

[2018-08-06 15:02:23] 127.0.0.1 /Home/Login/sign
INFO: [ app_init ] --START--
INFO: Run Behavior\BuildLiteBehavior [ RunTime:0.000000s ]
INFO: [ app_init ] --END-- [ RunTime:0.000000s ]

[2018-08-06 15:02:24] 127.0.0.1 /Home/Index/index
INFO: [ app_init ] --START--
INFO: Run Behavior\BuildLiteBehavior [ RunTime:0.000000s ]
INFO: [ app_init ] --END-- [ RunTime:0.001000s ]

[2018-08-06 15:02:24] 127.0.0.1 /Home/Login/sign
INFO: [ app_init ] --START--
INFO: Run Behavior\BuildLiteBehavior [ RunTime:0.000000s ]
INFO: [ app_init ] --END-- [ RunTime:0.001000s ]

[2018-08-06 15:02:24] 127.0.0.1 /Home/Index/index
INFO: [ app_init ] --START--
INFO: Run Behavior\BuildLiteBehavior [ RunTime:0.000000s ]
INFO: [ app_init ] --END-- [ RunTime:0.001000s ]

[2018-08-06 15:02:24] 127.0.0.1 /Home/Login/sign
INFO: [ app_init ] --START--
INFO: Run Behavior\BuildLiteBehavior [ RunTime:0.000000s ]
INFO: [ app_init ] --END-- [ RunTime:0.001000s ]

[2018-08-06 15:02:24] 127.0.0.1 /Home/Index/index
INFO: [ app_init ] --START--
INFO: Run Behavior\BuildLiteBehavior [ RunTime:0.000000s ]
INFO: [ app_init ] --END-- [ RunTime:0.000000s ]

[2018-08-06 15:02:24] 127.0.0.1 /Home/Login/sign
INFO: [ app_init ] --START--
INFO: Run Behavior\BuildLiteBehavior [ RunTime:0.000000s ]
INFO: [ app_init ] --END-- [ RunTime:0.001000s ]

[2018-08-06 15:02:24] 127.0.0.1 /Home/Index/index
INFO: [ app_init ] --START--
INFO: Run Behavior\BuildLiteBehavior [ RunTime:0.000000s ]
INFO: [ app_init ] --END-- [ RunTime:0.000000s ]

[2018-08-06 15:02:24] 127.0.0.1 /Home/Login/sign
INFO: [ app_init ] --START--
INFO: Run Behavior\BuildLiteBehavior [ RunTime:0.000000s ]
INFO: [ app_init ] --END-- [ RunTime:0.000000s ]

[2018-08-06 15:02:24] 127.0.0.1 /Home/Index/index
INFO: [ app_init ] --START--
INFO: Run Behavior\BuildLiteBehavior [ RunTime:0.000000s ]
INFO: [ app_init ] --END-- [ RunTime:0.000000s ]

[2018-08-06 15:02:24] 127.0.0.1 /Home/Login/sign
INFO: [ app_init ] --START--
INFO: Run Behavior\BuildLiteBehavior [ RunTime:0.000000s ]
INFO: [ app_init ] --END-- [ RunTime:0.001000s ]

[2018-08-06 15:02:24] 127.0.0.1 /Home/Index/index
INFO: [ app_init ] --START--
INFO: Run Behavior\BuildLiteBehavior [ RunTime:0.000000s ]
INFO: [ app_init ] --END-- [ RunTime:0.000000s ]

[2018-08-06 15:02:24] 127.0.0.1 /Home/Login/sign
INFO: [ app_init ] --START--
INFO: Run Behavior\BuildLiteBehavior [ RunTime:0.000000s ]
INFO: [ app_init ] --END-- [ RunTime:0.001000s ]

[2018-08-06 15:02:25] 127.0.0.1 /Home/Index/index
INFO: [ app_init ] --START--
INFO: Run Behavior\BuildLiteBehavior [ RunTime:0.000000s ]
INFO: [ app_init ] --END-- [ RunTime:0.000000s ]

[2018-08-06 15:02:25] 127.0.0.1 /Home/Login/sign
INFO: [ app_init ] --START--
INFO: Run Behavior\BuildLiteBehavior [ RunTime:0.000000s ]
INFO: [ app_init ] --END-- [ RunTime:0.001000s ]

[2018-08-06 15:02:25] 127.0.0.1 /Home/Index/index
INFO: [ app_init ] --START--
INFO: Run Behavior\BuildLiteBehavior [ RunTime:0.000000s ]
INFO: [ app_init ] --END-- [ RunTime:0.000000s ]

[2018-08-06 15:02:25] 127.0.0.1 /Home/Login/sign
INFO: [ app_init ] --START--
INFO: Run Behavior\BuildLiteBehavior [ RunTime:0.000000s ]
INFO: [ app_init ] --END-- [ RunTime:0.000000s ]

[2018-08-06 15:02:25] 127.0.0.1 /Home/Index/index
INFO: [ app_init ] --START--
INFO: Run Behavior\BuildLiteBehavior [ RunTime:0.000000s ]
INFO: [ app_init ] --END-- [ RunTime:0.001000s ]

[2018-08-06 15:02:25] 127.0.0.1 /Home/Login/sign
INFO: [ app_init ] --START--
INFO: Run Behavior\BuildLiteBehavior [ RunTime:0.000000s ]
INFO: [ app_init ] --END-- [ RunTime:0.000000s ]

[2018-08-06 15:02:25] 127.0.0.1 /Home/Index/index
INFO: [ app_init ] --START--
INFO: Run Behavior\BuildLiteBehavior [ RunTime:0.000000s ]
INFO: [ app_init ] --END-- [ RunTime:0.001000s ]

[2018-08-06 15:02:25] 127.0.0.1 /Home/Login/sign
INFO: [ app_init ] --START--
INFO: Run Behavior\BuildLiteBehavior [ RunTime:0.000000s ]
INFO: [ app_init ] --END-- [ RunTime:0.001000s ]

[2018-08-06 15:02:25] 127.0.0.1 /Home/Index/index
INFO: [ app_init ] --START--
INFO: Run Behavior\BuildLiteBehavior [ RunTime:0.000000s ]
INFO: [ app_init ] --END-- [ RunTime:0.000000s ]

[2018-08-06 15:02:25] 127.0.0.1 /Home/Login/sign
INFO: [ app_init ] --START--
INFO: Run Behavior\BuildLiteBehavior [ RunTime:0.000000s ]
INFO: [ app_init ] --END-- [ RunTime:0.001000s ]

[2018-08-06 15:02:25] 127.0.0.1 /Home/Index/index
INFO: [ app_init ] --START--
INFO: Run Behavior\BuildLiteBehavior [ RunTime:0.000000s ]
INFO: [ app_init ] --END-- [ RunTime:0.001000s ]

[2018-08-06 15:02:26] 127.0.0.1 /Home/Login/sign
INFO: [ app_init ] --START--
INFO: Run Behavior\BuildLiteBehavior [ RunTime:0.000000s ]
INFO: [ app_init ] --END-- [ RunTime:0.000000s ]

[2018-08-06 15:02:26] 127.0.0.1 /Home/Index/index
INFO: [ app_init ] --START--
INFO: Run Behavior\BuildLiteBehavior [ RunTime:0.000000s ]
INFO: [ app_init ] --END-- [ RunTime:0.001000s ]

[2018-08-06 15:02:26] 127.0.0.1 /Home/Login/sign
INFO: [ app_init ] --START--
INFO: Run Behavior\BuildLiteBehavior [ RunTime:0.000000s ]
INFO: [ app_init ] --END-- [ RunTime:0.000000s ]

[2018-08-06 15:02:26] 127.0.0.1 /Home/Index/index
INFO: [ app_init ] --START--
INFO: Run Behavior\BuildLiteBehavior [ RunTime:0.000000s ]
INFO: [ app_init ] --END-- [ RunTime:0.000000s ]

[2018-08-06 15:02:26] 127.0.0.1 /Home/Login/sign
INFO: [ app_init ] --START--
INFO: Run Behavior\BuildLiteBehavior [ RunTime:0.000000s ]
INFO: [ app_init ] --END-- [ RunTime:0.001000s ]

[2018-08-06 15:02:26] 127.0.0.1 /Home/Index/index
INFO: [ app_init ] --START--
INFO: Run Behavior\BuildLiteBehavior [ RunTime:0.000000s ]
INFO: [ app_init ] --END-- [ RunTime:0.001000s ]

[2018-08-06 15:02:26] 127.0.0.1 /Home/Login/sign
INFO: [ app_init ] --START--
INFO: Run Behavior\BuildLiteBehavior [ RunTime:0.000000s ]
INFO: [ app_init ] --END-- [ RunTime:0.000000s ]

[2018-08-06 15:02:26] 127.0.0.1 /Home/Index/index
INFO: [ app_init ] --START--
INFO: Run Behavior\BuildLiteBehavior [ RunTime:0.000000s ]
INFO: [ app_init ] --END-- [ RunTime:0.001000s ]

[2018-08-06 15:02:26] 127.0.0.1 /Home/Login/sign
INFO: [ app_init ] --START--
INFO: Run Behavior\BuildLiteBehavior [ RunTime:0.000000s ]
INFO: [ app_init ] --END-- [ RunTime:0.000000s ]

[2018-08-06 15:02:26] 127.0.0.1 /Home/Index/index
INFO: [ app_init ] --START--
INFO: Run Behavior\BuildLiteBehavior [ RunTime:0.000000s ]
INFO: [ app_init ] --END-- [ RunTime:0.000000s ]

[2018-08-06 15:02:26] 127.0.0.1 /Home/Login/sign
INFO: [ app_init ] --START--
INFO: Run Behavior\BuildLiteBehavior [ RunTime:0.000000s ]
INFO: [ app_init ] --END-- [ RunTime:0.000000s ]

[2018-08-06 15:02:27] 127.0.0.1 /Home/Index/index
INFO: [ app_init ] --START--
INFO: Run Behavior\BuildLiteBehavior [ RunTime:0.000000s ]
INFO: [ app_init ] --END-- [ RunTime:0.000000s ]

[2018-08-06 15:02:27] 127.0.0.1 /Home/Login/sign
INFO: [ app_init ] --START--
INFO: Run Behavior\BuildLiteBehavior [ RunTime:0.000000s ]
INFO: [ app_init ] --END-- [ RunTime:0.000000s ]

[2018-08-06 15:02:27] 127.0.0.1 /Home/Index/index
INFO: [ app_init ] --START--
INFO: Run Behavior\BuildLiteBehavior [ RunTime:0.000000s ]
INFO: [ app_init ] --END-- [ RunTime:0.001000s ]

[2018-08-06 15:02:27] 127.0.0.1 /Home/Login/sign
INFO: [ app_init ] --START--
INFO: Run Behavior\BuildLiteBehavior [ RunTime:0.000000s ]
INFO: [ app_init ] --END-- [ RunTime:0.000000s ]

[2018-08-06 15:02:27] 127.0.0.1 /Home/Index/index
INFO: [ app_init ] --START--
INFO: Run Behavior\BuildLiteBehavior [ RunTime:0.000000s ]
INFO: [ app_init ] --END-- [ RunTime:0.001000s ]

[2018-08-06 15:02:27] 127.0.0.1 /Home/Login/sign
INFO: [ app_init ] --START--
INFO: Run Behavior\BuildLiteBehavior [ RunTime:0.000000s ]
INFO: [ app_init ] --END-- [ RunTime:0.000000s ]

[2018-08-06 15:02:27] 127.0.0.1 /Home/Index/index
INFO: [ app_init ] --START--
INFO: Run Behavior\BuildLiteBehavior [ RunTime:0.000000s ]
INFO: [ app_init ] --END-- [ RunTime:0.000000s ]

[2018-08-06 15:02:27] 127.0.0.1 /Home/Login/sign
INFO: [ app_init ] --START--
INFO: Run Behavior\BuildLiteBehavior [ RunTime:0.000000s ]
INFO: [ app_init ] --END-- [ RunTime:0.000000s ]

[2018-08-06 15:02:27] 127.0.0.1 /Home/Index/index
INFO: [ app_init ] --START--
INFO: Run Behavior\BuildLiteBehavior [ RunTime:0.000000s ]
INFO: [ app_init ] --END-- [ RunTime:0.001000s ]

[2018-08-06 15:02:28] 127.0.0.1 /Home/Login/sign
INFO: [ app_init ] --START--
INFO: Run Behavior\BuildLiteBehavior [ RunTime:0.000000s ]
INFO: [ app_init ] --END-- [ RunTime:0.000000s ]

[2018-08-06 15:02:28] 127.0.0.1 /Home/Index/index
INFO: [ app_init ] --START--
INFO: Run Behavior\BuildLiteBehavior [ RunTime:0.000000s ]
INFO: [ app_init ] --END-- [ RunTime:0.000000s ]

[2018-08-06 15:02:28] 127.0.0.1 /Home/Login/sign
INFO: [ app_init ] --START--
INFO: Run Behavior\BuildLiteBehavior [ RunTime:0.000000s ]
INFO: [ app_init ] --END-- [ RunTime:0.000000s ]

[2018-08-06 15:02:28] 127.0.0.1 /Home/Index/index
INFO: [ app_init ] --START--
INFO: Run Behavior\BuildLiteBehavior [ RunTime:0.000000s ]
INFO: [ app_init ] --END-- [ RunTime:0.000000s ]

[2018-08-06 15:02:28] 127.0.0.1 /Home/Login/sign
INFO: [ app_init ] --START--
INFO: Run Behavior\BuildLiteBehavior [ RunTime:0.000000s ]
INFO: [ app_init ] --END-- [ RunTime:0.000000s ]

[2018-08-06 15:02:28] 127.0.0.1 /Home/Index/index
INFO: [ app_init ] --START--
INFO: Run Behavior\BuildLiteBehavior [ RunTime:0.000000s ]
INFO: [ app_init ] --END-- [ RunTime:0.001000s ]

[2018-08-06 15:02:28] 127.0.0.1 /Home/Login/sign
INFO: [ app_init ] --START--
INFO: Run Behavior\BuildLiteBehavior [ RunTime:0.000000s ]
INFO: [ app_init ] --END-- [ RunTime:0.000000s ]

[2018-08-06 15:02:28] 127.0.0.1 /Home/Index/index
INFO: [ app_init ] --START--
INFO: Run Behavior\BuildLiteBehavior [ RunTime:0.000000s ]
INFO: [ app_init ] --END-- [ RunTime:0.000000s ]

[2018-08-06 15:02:28] 127.0.0.1 /Home/Login/sign
INFO: [ app_init ] --START--
INFO: Run Behavior\BuildLiteBehavior [ RunTime:0.000000s ]
INFO: [ app_init ] --END-- [ RunTime:0.001000s ]

[2018-08-06 15:02:28] 127.0.0.1 /Home/Index/index
INFO: [ app_init ] --START--
INFO: Run Behavior\BuildLiteBehavior [ RunTime:0.000000s ]
INFO: [ app_init ] --END-- [ RunTime:0.001000s ]

[2018-08-06 15:02:29] 127.0.0.1 /Home/Login/sign
INFO: [ app_init ] --START--
INFO: Run Behavior\BuildLiteBehavior [ RunTime:0.000000s ]
INFO: [ app_init ] --END-- [ RunTime:0.000000s ]

[2018-08-06 15:02:29] 127.0.0.1 /Home/Index/index
INFO: [ app_init ] --START--
INFO: Run Behavior\BuildLiteBehavior [ RunTime:0.000000s ]
INFO: [ app_init ] --END-- [ RunTime:0.000000s ]

[2018-08-06 15:02:29] 127.0.0.1 /Home/Login/sign
INFO: [ app_init ] --START--
INFO: Run Behavior\BuildLiteBehavior [ RunTime:0.000000s ]
INFO: [ app_init ] --END-- [ RunTime:0.000000s ]

[2018-08-06 15:02:29] 127.0.0.1 /Home/Index/index
INFO: [ app_init ] --START--
INFO: Run Behavior\BuildLiteBehavior [ RunTime:0.000000s ]
INFO: [ app_init ] --END-- [ RunTime:0.001000s ]

[2018-08-06 15:02:29] 127.0.0.1 /Home/Login/sign
INFO: [ app_init ] --START--
INFO: Run Behavior\BuildLiteBehavior [ RunTime:0.000000s ]
INFO: [ app_init ] --END-- [ RunTime:0.000000s ]

[2018-08-06 15:02:29] 127.0.0.1 /Home/Index/index
INFO: [ app_init ] --START--
INFO: Run Behavior\BuildLiteBehavior [ RunTime:0.000000s ]
INFO: [ app_init ] --END-- [ RunTime:0.001000s ]
SQL: SHOW COLUMNS FROM `self_cus_detailed` [ RunTime:0.0040s ]
SQL: SHOW COLUMNS FROM `self_cus_info` [ RunTime:0.0050s ]
SQL: SELECT COUNT(*) AS tp_count FROM `self_cus_info` WHERE `cid` = 2 AND `is_read` = 1 LIMIT 1   [ RunTime:0.0000s ]
SQL: SELECT `money`,`n`,`headimg` FROM `self_cus_detailed` WHERE `id` = 2 LIMIT 1   [ RunTime:0.0000s ]

[2018-08-06 15:02:49] 127.0.0.1 /Home/Index/index
INFO: [ app_init ] --START--
INFO: Run Behavior\BuildLiteBehavior [ RunTime:0.000000s ]
INFO: [ app_init ] --END-- [ RunTime:0.000000s ]
SQL: SHOW COLUMNS FROM `self_cus_detailed` [ RunTime:0.0040s ]
SQL: SHOW COLUMNS FROM `self_cus_info` [ RunTime:0.0050s ]
SQL: SELECT COUNT(*) AS tp_count FROM `self_cus_info` WHERE `cid` = 2 AND `is_read` = 1 LIMIT 1   [ RunTime:0.0010s ]
SQL: SELECT `money`,`n`,`headimg` FROM `self_cus_detailed` WHERE `id` = 2 LIMIT 1   [ RunTime:0.0000s ]

[2018-08-06 15:03:17] 127.0.0.1 /Home/Index/index
INFO: [ app_init ] --START--
INFO: Run Behavior\BuildLiteBehavior [ RunTime:0.000000s ]
INFO: [ app_init ] --END-- [ RunTime:0.001000s ]
SQL: SHOW COLUMNS FROM `self_cus_detailed` [ RunTime:0.0040s ]
SQL: SHOW COLUMNS FROM `self_cus_info` [ RunTime:0.0030s ]
SQL: SELECT COUNT(*) AS tp_count FROM `self_cus_info` WHERE `cid` = 2 AND `is_read` = 1 LIMIT 1   [ RunTime:0.0000s ]
SQL: SELECT `money`,`n`,`headimg` FROM `self_cus_detailed` WHERE `id` = 2 LIMIT 1   [ RunTime:0.0000s ]

[2018-08-06 15:03:18] 127.0.0.1 /Home/Index/index
INFO: [ app_init ] --START--
INFO: Run Behavior\BuildLiteBehavior [ RunTime:0.000000s ]
INFO: [ app_init ] --END-- [ RunTime:0.000000s ]
SQL: SHOW COLUMNS FROM `self_cus_detailed` [ RunTime:0.0030s ]
SQL: SHOW COLUMNS FROM `self_cus_info` [ RunTime:0.0040s ]
SQL: SELECT COUNT(*) AS tp_count FROM `self_cus_info` WHERE `cid` = 2 AND `is_read` = 1 LIMIT 1   [ RunTime:0.0010s ]
SQL: SELECT `money`,`n`,`headimg` FROM `self_cus_detailed` WHERE `id` = 2 LIMIT 1   [ RunTime:0.0000s ]

[2018-08-06 15:03:19] 127.0.0.1 /Home/Index/index
INFO: [ app_init ] --START--
INFO: Run Behavior\BuildLiteBehavior [ RunTime:0.000000s ]
INFO: [ app_init ] --END-- [ RunTime:0.000000s ]
SQL: SHOW COLUMNS FROM `self_cus_detailed` [ RunTime:0.0040s ]
SQL: SHOW COLUMNS FROM `self_cus_info` [ RunTime:0.0040s ]
SQL: SELECT COUNT(*) AS tp_count FROM `self_cus_info` WHERE `cid` = 2 AND `is_read` = 1 LIMIT 1   [ RunTime:0.0010s ]
SQL: SELECT `money`,`n`,`headimg` FROM `self_cus_detailed` WHERE `id` = 2 LIMIT 1   [ RunTime:0.0000s ]

[2018-08-06 15:03:53] 127.0.0.1 /Home/Index/index
INFO: [ app_init ] --START--
INFO: Run Behavior\BuildLiteBehavior [ RunTime:0.000000s ]
INFO: [ app_init ] --END-- [ RunTime:0.001000s ]
SQL: SHOW COLUMNS FROM `self_cus_detailed` [ RunTime:0.0040s ]
SQL: SHOW COLUMNS FROM `self_cus_info` [ RunTime:0.0040s ]
SQL: SELECT COUNT(*) AS tp_count FROM `self_cus_info` WHERE `cid` = 2 AND `is_read` = 1 LIMIT 1   [ RunTime:0.0000s ]
SQL: SELECT `money`,`n`,`headimg` FROM `self_cus_detailed` WHERE `id` = 2 LIMIT 1   [ RunTime:0.0000s ]

[2018-08-06 15:04:23] 127.0.0.1 /Home/Index/index
INFO: [ app_init ] --START--
INFO: Run Behavior\BuildLiteBehavior [ RunTime:0.000000s ]
INFO: [ app_init ] --END-- [ RunTime:0.000000s ]
SQL: SHOW COLUMNS FROM `self_cus_detailed` [ RunTime:0.0040s ]
SQL: SHOW COLUMNS FROM `self_cus_info` [ RunTime:0.0040s ]
SQL: SELECT COUNT(*) AS tp_count FROM `self_cus_info` WHERE `cid` = 2 AND `is_read` = 1 LIMIT 1   [ RunTime:0.0010s ]
SQL: SELECT `money`,`n`,`headimg` FROM `self_cus_detailed` WHERE `id` = 2 LIMIT 1   [ RunTime:0.0000s ]

[2018-08-06 15:04:25] 127.0.0.1 /Home/Index/index
INFO: [ app_init ] --START--
INFO: Run Behavior\BuildLiteBehavior [ RunTime:0.000000s ]
INFO: [ app_init ] --END-- [ RunTime:0.001000s ]
SQL: SHOW COLUMNS FROM `self_cus_detailed` [ RunTime:0.0050s ]
SQL: SHOW COLUMNS FROM `self_cus_info` [ RunTime:0.0040s ]
SQL: SELECT COUNT(*) AS tp_count FROM `self_cus_info` WHERE `cid` = 2 AND `is_read` = 1 LIMIT 1   [ RunTime:0.0000s ]
SQL: SELECT `money`,`n`,`headimg` FROM `self_cus_detailed` WHERE `id` = 2 LIMIT 1   [ RunTime:0.0010s ]

[2018-08-06 15:04:26] 127.0.0.1 /Home/Index/index
INFO: [ app_init ] --START--
INFO: Run Behavior\BuildLiteBehavior [ RunTime:0.000000s ]
INFO: [ app_init ] --END-- [ RunTime:0.001000s ]
SQL: SHOW COLUMNS FROM `self_cus_detailed` [ RunTime:0.0040s ]
SQL: SHOW COLUMNS FROM `self_cus_info` [ RunTime:0.0040s ]
SQL: SELECT COUNT(*) AS tp_count FROM `self_cus_info` WHERE `cid` = 2 AND `is_read` = 1 LIMIT 1   [ RunTime:0.0000s ]
SQL: SELECT `money`,`n`,`headimg` FROM `self_cus_detailed` WHERE `id` = 2 LIMIT 1   [ RunTime:0.0000s ]

[2018-08-06 15:04:26] 127.0.0.1 /Home/Index/index
INFO: [ app_init ] --START--
INFO: Run Behavior\BuildLiteBehavior [ RunTime:0.000000s ]
INFO: [ app_init ] --END-- [ RunTime:0.000000s ]
SQL: SHOW COLUMNS FROM `self_cus_detailed` [ RunTime:0.0040s ]
SQL: SHOW COLUMNS FROM `self_cus_info` [ RunTime:0.0040s ]
SQL: SELECT COUNT(*) AS tp_count FROM `self_cus_info` WHERE `cid` = 2 AND `is_read` = 1 LIMIT 1   [ RunTime:0.0000s ]
SQL: SELECT `money`,`n`,`headimg` FROM `self_cus_detailed` WHERE `id` = 2 LIMIT 1   [ RunTime:0.0010s ]

[2018-08-06 15:04:27] 127.0.0.1 /Home/Index/index
INFO: [ app_init ] --START--
INFO: Run Behavior\BuildLiteBehavior [ RunTime:0.000000s ]
INFO: [ app_init ] --END-- [ RunTime:0.000000s ]
SQL: SHOW COLUMNS FROM `self_cus_detailed` [ RunTime:0.0040s ]
SQL: SHOW COLUMNS FROM `self_cus_info` [ RunTime:0.0040s ]
SQL: SELECT COUNT(*) AS tp_count FROM `self_cus_info` WHERE `cid` = 2 AND `is_read` = 1 LIMIT 1   [ RunTime:0.0010s ]
SQL: SELECT `money`,`n`,`headimg` FROM `self_cus_detailed` WHERE `id` = 2 LIMIT 1   [ RunTime:0.0000s ]

[2018-08-06 15:04:28] 127.0.0.1 /Home/Index/index
INFO: [ app_init ] --START--
INFO: Run Behavior\BuildLiteBehavior [ RunTime:0.000000s ]
INFO: [ app_init ] --END-- [ RunTime:0.000000s ]
SQL: SHOW COLUMNS FROM `self_cus_detailed` [ RunTime:0.0040s ]
SQL: SHOW COLUMNS FROM `self_cus_info` [ RunTime:0.0040s ]
SQL: SELECT COUNT(*) AS tp_count FROM `self_cus_info` WHERE `cid` = 2 AND `is_read` = 1 LIMIT 1   [ RunTime:0.0000s ]
SQL: SELECT `money`,`n`,`headimg` FROM `self_cus_detailed` WHERE `id` = 2 LIMIT 1   [ RunTime:0.0000s ]

[2018-08-06 15:04:50] 127.0.0.1 /Home/Index/index
INFO: [ app_init ] --START--
INFO: Run Behavior\BuildLiteBehavior [ RunTime:0.000000s ]
INFO: [ app_init ] --END-- [ RunTime:0.000000s ]
SQL: SHOW COLUMNS FROM `self_cus_detailed` [ RunTime:0.0040s ]
SQL: SHOW COLUMNS FROM `self_cus_info` [ RunTime:0.0040s ]
SQL: SELECT COUNT(*) AS tp_count FROM `self_cus_info` WHERE `cid` = 2 AND `is_read` = 1 LIMIT 1   [ RunTime:0.0000s ]
SQL: SELECT `money`,`n`,`headimg` FROM `self_cus_detailed` WHERE `id` = 2 LIMIT 1   [ RunTime:0.0000s ]

[2018-08-06 15:04:52] 127.0.0.1 /Home/Index/index
INFO: [ app_init ] --START--
INFO: Run Behavior\BuildLiteBehavior [ RunTime:0.000000s ]
INFO: [ app_init ] --END-- [ RunTime:0.000000s ]
SQL: SHOW COLUMNS FROM `self_cus_detailed` [ RunTime:0.0040s ]
SQL: SHOW COLUMNS FROM `self_cus_info` [ RunTime:0.0040s ]
SQL: SELECT COUNT(*) AS tp_count FROM `self_cus_info` WHERE `cid` = 2 AND `is_read` = 1 LIMIT 1   [ RunTime:0.0010s ]
SQL: SELECT `money`,`n`,`headimg` FROM `self_cus_detailed` WHERE `id` = 2 LIMIT 1   [ RunTime:0.0000s ]

[2018-08-06 15:04:52] 127.0.0.1 /Home/Index/index
INFO: [ app_init ] --START--
INFO: Run Behavior\BuildLiteBehavior [ RunTime:0.000000s ]
INFO: [ app_init ] --END-- [ RunTime:0.001000s ]
SQL: SHOW COLUMNS FROM `self_cus_detailed` [ RunTime:0.0040s ]
SQL: SHOW COLUMNS FROM `self_cus_info` [ RunTime:0.0040s ]
SQL: SELECT COUNT(*) AS tp_count FROM `self_cus_info` WHERE `cid` = 2 AND `is_read` = 1 LIMIT 1   [ RunTime:0.0010s ]
SQL: SELECT `money`,`n`,`headimg` FROM `self_cus_detailed` WHERE `id` = 2 LIMIT 1   [ RunTime:0.0000s ]

[2018-08-06 15:05:02] 127.0.0.1 /Home/Index/index
INFO: [ app_init ] --START--
INFO: Run Behavior\BuildLiteBehavior [ RunTime:0.000000s ]
INFO: [ app_init ] --END-- [ RunTime:0.000000s ]
SQL: SHOW COLUMNS FROM `self_cus_detailed` [ RunTime:0.0040s ]
SQL: SHOW COLUMNS FROM `self_cus_info` [ RunTime:0.0030s ]
SQL: SELECT COUNT(*) AS tp_count FROM `self_cus_info` WHERE `cid` = 2 AND `is_read` = 1 LIMIT 1   [ RunTime:0.0000s ]
SQL: SELECT `money`,`n`,`headimg` FROM `self_cus_detailed` WHERE `id` = 2 LIMIT 1   [ RunTime:0.0000s ]

[2018-08-06 15:05:37] 127.0.0.1 /Home/Index/index
INFO: [ app_init ] --START--
INFO: Run Behavior\BuildLiteBehavior [ RunTime:0.000000s ]
INFO: [ app_init ] --END-- [ RunTime:0.000000s ]
SQL: SHOW COLUMNS FROM `self_cus_detailed` [ RunTime:0.0040s ]
SQL: SHOW COLUMNS FROM `self_cus_info` [ RunTime:0.0030s ]
SQL: SELECT COUNT(*) AS tp_count FROM `self_cus_info` WHERE `cid` = 2 AND `is_read` = 1 LIMIT 1   [ RunTime:0.0010s ]
SQL: SELECT `money`,`n`,`headimg` FROM `self_cus_detailed` WHERE `id` = 2 LIMIT 1   [ RunTime:0.0000s ]

[2018-08-06 15:06:07] 127.0.0.1 /Home/Index/index
INFO: [ app_init ] --START--
INFO: Run Behavior\BuildLiteBehavior [ RunTime:0.000000s ]
INFO: [ app_init ] --END-- [ RunTime:0.001000s ]
SQL: SHOW COLUMNS FROM `self_cus_detailed` [ RunTime:0.0050s ]
SQL: SHOW COLUMNS FROM `self_cus_info` [ RunTime:0.0040s ]
SQL: SELECT COUNT(*) AS tp_count FROM `self_cus_info` WHERE `cid` = 2 AND `is_read` = 1 LIMIT 1   [ RunTime:0.0000s ]
SQL: SELECT `money`,`n`,`headimg` FROM `self_cus_detailed` WHERE `id` = 2 LIMIT 1   [ RunTime:0.0000s ]

[2018-08-06 15:06:08] 127.0.0.1 /Home/Line/index
INFO: [ app_init ] --START--
INFO: Run Behavior\BuildLiteBehavior [ RunTime:0.000000s ]
INFO: [ app_init ] --END-- [ RunTime:0.001000s ]
SQL: SHOW COLUMNS FROM `self_cus_detailed` [ RunTime:0.0040s ]
SQL: SHOW COLUMNS FROM `self_cus_info` [ RunTime:0.0040s ]
SQL: SELECT COUNT(*) AS tp_count FROM `self_cus_info` WHERE `cid` = 2 AND `is_read` = 1 LIMIT 1   [ RunTime:0.0010s ]
SQL: SHOW COLUMNS FROM `self_cus_downline` [ RunTime:0.0040s ]
SQL: SELECT COUNT(*) AS tp_count FROM `self_cus_downline` WHERE `tid` = '2' LIMIT 1   [ RunTime:0.0010s ]
SQL: SELECT `n`,`state`,`id` FROM `self_cus_downline` WHERE `tid` = '2' ORDER BY t desc LIMIT 0,10   [ RunTime:0.0000s ]

[2018-08-06 15:06:12] 127.0.0.1 /Home/Line/del?id=2
INFO: [ app_init ] --START--
INFO: Run Behavior\BuildLiteBehavior [ RunTime:0.000000s ]
INFO: [ app_init ] --END-- [ RunTime:0.001000s ]
SQL: SHOW COLUMNS FROM `self_cus_detailed` [ RunTime:0.0040s ]
SQL: SHOW COLUMNS FROM `self_cus_info` [ RunTime:0.0050s ]
SQL: SELECT COUNT(*) AS tp_count FROM `self_cus_info` WHERE `cid` = 2 AND `is_read` = 1 LIMIT 1   [ RunTime:0.0000s ]
SQL: SHOW COLUMNS FROM `self_cus_downline` [ RunTime:0.0040s ]
SQL: SELECT COUNT(*) AS tp_count FROM `self_cus_downline` WHERE `tid` = 2 AND `id` = 2 AND `state` <> 2 LIMIT 1   [ RunTime:0.0000s ]
SQL: DELETE FROM `self_cus_downline` WHERE `id` = 2 [ RunTime:0.0270s ]
SQL: SELECT `cid` FROM `self_cus_detailed` WHERE `id` = 2 LIMIT 1   [ RunTime:0.0000s ]
SQL: SHOW COLUMNS FROM `self_user_fj` [ RunTime:0.0040s ]
SQL: UPDATE `self_user_fj` SET `meg`=meg-1 WHERE ( id=00001 ) [ RunTime:0.0030s ]

[2018-08-06 15:06:13] 127.0.0.1 /Home/Line/index
INFO: [ app_init ] --START--
INFO: Run Behavior\BuildLiteBehavior [ RunTime:0.000000s ]
INFO: [ app_init ] --END-- [ RunTime:0.001000s ]
SQL: SHOW COLUMNS FROM `self_cus_detailed` [ RunTime:0.0050s ]
SQL: SHOW COLUMNS FROM `self_cus_info` [ RunTime:0.0030s ]
SQL: SELECT COUNT(*) AS tp_count FROM `self_cus_info` WHERE `cid` = 2 AND `is_read` = 1 LIMIT 1   [ RunTime:0.0000s ]
SQL: SHOW COLUMNS FROM `self_cus_downline` [ RunTime:0.0040s ]
SQL: SELECT COUNT(*) AS tp_count FROM `self_cus_downline` WHERE `tid` = '2' LIMIT 1   [ RunTime:0.0000s ]
SQL: SELECT `n`,`state`,`id` FROM `self_cus_downline` WHERE `tid` = '2' ORDER BY t desc LIMIT 0,10   [ RunTime:0.0000s ]

[2018-08-06 15:06:16] 127.0.0.1 /Home/Index/index
INFO: [ app_init ] --START--
INFO: Run Behavior\BuildLiteBehavior [ RunTime:0.000000s ]
INFO: [ app_init ] --END-- [ RunTime:0.000000s ]
SQL: SHOW COLUMNS FROM `self_cus_detailed` [ RunTime:0.0040s ]
SQL: SHOW COLUMNS FROM `self_cus_info` [ RunTime:0.0040s ]
SQL: SELECT COUNT(*) AS tp_count FROM `self_cus_info` WHERE `cid` = 2 AND `is_read` = 1 LIMIT 1   [ RunTime:0.0010s ]
SQL: SELECT `money`,`n`,`headimg` FROM `self_cus_detailed` WHERE `id` = 2 LIMIT 1   [ RunTime:0.0000s ]

[2018-08-06 15:06:33] 127.0.0.1 /Home/Wx/index
INFO: [ app_init ] --START--
INFO: Run Behavior\BuildLiteBehavior [ RunTime:0.000000s ]
INFO: [ app_init ] --END-- [ RunTime:0.000000s ]

[2018-08-06 15:08:50] 127.0.0.1 /Home/Wx/index
INFO: [ app_init ] --START--
INFO: Run Behavior\BuildLiteBehavior [ RunTime:0.000000s ]
INFO: [ app_init ] --END-- [ RunTime:0.001000s ]

[2018-08-06 15:09:50] 127.0.0.1 /Home/Wx/index
INFO: [ app_init ] --START--
INFO: Run Behavior\BuildLiteBehavior [ RunTime:0.000000s ]
INFO: [ app_init ] --END-- [ RunTime:0.000000s ]

[2018-08-06 15:10:09] 127.0.0.1 /Home/Wx/index
INFO: [ app_init ] --START--
INFO: Run Behavior\BuildLiteBehavior [ RunTime:0.000000s ]
INFO: [ app_init ] --END-- [ RunTime:0.000000s ]

[2018-08-06 15:10:09] 127.0.0.1 /Home/Wx/index
INFO: [ app_init ] --START--
INFO: Run Behavior\BuildLiteBehavior [ RunTime:0.001000s ]
INFO: [ app_init ] --END-- [ RunTime:0.001000s ]

[2018-08-06 15:10:10] 127.0.0.1 /Home/Wx/index
INFO: [ app_init ] --START--
INFO: Run Behavior\BuildLiteBehavior [ RunTime:0.000000s ]
INFO: [ app_init ] --END-- [ RunTime:0.001000s ]

[2018-08-06 15:13:56] 127.0.0.1 /Home/Wx/index
INFO: [ app_init ] --START--
INFO: Run Behavior\BuildLiteBehavior [ RunTime:0.000000s ]
INFO: [ app_init ] --END-- [ RunTime:0.000000s ]
SQL: SHOW COLUMNS FROM `self_cus_detailed` [ RunTime:0.0040s ]
SQL: SHOW COLUMNS FROM `self_cus_info` [ RunTime:0.0040s ]
SQL: SELECT COUNT(*) AS tp_count FROM `self_cus_info` WHERE `cid` = 2 AND `is_read` = 1 LIMIT 1   [ RunTime:0.0010s ]

[2018-08-06 15:14:47] 127.0.0.1 /Home/Wx/index
INFO: [ app_init ] --START--
INFO: Run Behavior\BuildLiteBehavior [ RunTime:0.000000s ]
INFO: [ app_init ] --END-- [ RunTime:0.001000s ]
SQL: SHOW COLUMNS FROM `self_cus_detailed` [ RunTime:0.0040s ]
SQL: SHOW COLUMNS FROM `self_cus_info` [ RunTime:0.0040s ]
SQL: SELECT COUNT(*) AS tp_count FROM `self_cus_info` WHERE `cid` = 2 AND `is_read` = 1 LIMIT 1   [ RunTime:0.0000s ]

[2018-08-06 15:14:56] 127.0.0.1 /Home/Wx/index
INFO: [ app_init ] --START--
INFO: Run Behavior\BuildLiteBehavior [ RunTime:0.000000s ]
INFO: [ app_init ] --END-- [ RunTime:0.000000s ]
SQL: SHOW COLUMNS FROM `self_cus_detailed` [ RunTime:0.0040s ]
SQL: SHOW COLUMNS FROM `self_cus_info` [ RunTime:0.0030s ]
SQL: SELECT COUNT(*) AS tp_count FROM `self_cus_info` WHERE `cid` = 2 AND `is_read` = 1 LIMIT 1   [ RunTime:0.0000s ]

[2018-08-06 15:14:59] 127.0.0.1 /Home/Index/index
INFO: [ app_init ] --START--
INFO: Run Behavior\BuildLiteBehavior [ RunTime:0.000000s ]
INFO: [ app_init ] --END-- [ RunTime:0.001000s ]
SQL: SHOW COLUMNS FROM `self_cus_detailed` [ RunTime:0.0040s ]
SQL: SHOW COLUMNS FROM `self_cus_info` [ RunTime:0.0040s ]
SQL: SELECT COUNT(*) AS tp_count FROM `self_cus_info` WHERE `cid` = 2 AND `is_read` = 1 LIMIT 1   [ RunTime:0.0000s ]
SQL: SELECT `money`,`n`,`headimg` FROM `self_cus_detailed` WHERE `id` = 2 LIMIT 1   [ RunTime:0.0010s ]

[2018-08-06 15:15:00] 127.0.0.1 /Home/Info/index?status=1
INFO: [ app_init ] --START--
INFO: Run Behavior\BuildLiteBehavior [ RunTime:0.000000s ]
INFO: [ app_init ] --END-- [ RunTime:0.001000s ]
SQL: SHOW COLUMNS FROM `self_cus_detailed` [ RunTime:0.0040s ]
SQL: SHOW COLUMNS FROM `self_cus_info` [ RunTime:0.0040s ]
SQL: SELECT COUNT(*) AS tp_count FROM `self_cus_info` WHERE `cid` = 2 AND `is_read` = 1 LIMIT 1   [ RunTime:0.0010s ]
SQL: SHOW COLUMNS FROM `self_cus_info` [ RunTime:0.0040s ]
SQL: SELECT COUNT(*) AS tp_count FROM `self_cus_info` WHERE `is_read` = '1' AND `cid` = '2' LIMIT 1   [ RunTime:0.0000s ]
SQL: SELECT `easy`,`is_read`,`id` FROM `self_cus_info` WHERE `is_read` = '1' AND `cid` = '2' ORDER BY id desc LIMIT 0,25   [ RunTime:0.0010s ]

[2018-08-06 15:15:01] 127.0.0.1 /Home/Info/infoRead?id=5
INFO: [ app_init ] --START--
INFO: Run Behavior\BuildLiteBehavior [ RunTime:0.000000s ]
INFO: [ app_init ] --END-- [ RunTime:0.000000s ]
SQL: SHOW COLUMNS FROM `self_cus_detailed` [ RunTime:0.0050s ]
SQL: SHOW COLUMNS FROM `self_cus_info` [ RunTime:0.0040s ]
SQL: SELECT COUNT(*) AS tp_count FROM `self_cus_info` WHERE `cid` = 2 AND `is_read` = 1 LIMIT 1   [ RunTime:0.0000s ]
SQL: SHOW COLUMNS FROM `self_cus_info` [ RunTime:0.0040s ]
SQL: SELECT `con`,`is_read` FROM `self_cus_info` WHERE `cid` = 2 AND `id` = 5 LIMIT 1   [ RunTime:0.0000s ]
SQL: UPDATE `self_cus_info` SET `is_read`='2' WHERE `cid` = 2 AND `id` = 5 [ RunTime:0.0050s ]

[2018-08-06 15:15:05] 127.0.0.1 /Home/Index/index
INFO: [ app_init ] --START--
INFO: Run Behavior\BuildLiteBehavior [ RunTime:0.000000s ]
INFO: [ app_init ] --END-- [ RunTime:0.001000s ]
SQL: SHOW COLUMNS FROM `self_cus_detailed` [ RunTime:0.0040s ]
SQL: SHOW COLUMNS FROM `self_cus_info` [ RunTime:0.0040s ]
SQL: SELECT COUNT(*) AS tp_count FROM `self_cus_info` WHERE `cid` = 2 AND `is_read` = 1 LIMIT 1   [ RunTime:0.0000s ]
SQL: SELECT `money`,`n`,`headimg` FROM `self_cus_detailed` WHERE `id` = 2 LIMIT 1   [ RunTime:0.0000s ]

[2018-08-06 15:17:07] 127.0.0.1 /Home/Index/index
INFO: [ app_init ] --START--
INFO: Run Behavior\BuildLiteBehavior [ RunTime:0.001000s ]
INFO: [ app_init ] --END-- [ RunTime:0.001000s ]
SQL: SHOW COLUMNS FROM `self_cus_detailed` [ RunTime:0.0040s ]
SQL: SHOW COLUMNS FROM `self_cus_info` [ RunTime:0.0040s ]
SQL: SELECT COUNT(*) AS tp_count FROM `self_cus_info` WHERE `cid` = 2 AND `is_read` = 1 LIMIT 1   [ RunTime:0.0000s ]
SQL: SELECT `money`,`n`,`headimg` FROM `self_cus_detailed` WHERE `id` = 2 LIMIT 1   [ RunTime:0.0000s ]

[2018-08-06 15:17:10] 127.0.0.1 /Home/Zx/index
INFO: [ app_init ] --START--
INFO: Run Behavior\BuildLiteBehavior [ RunTime:0.000000s ]
INFO: [ app_init ] --END-- [ RunTime:0.001000s ]
SQL: SHOW COLUMNS FROM `self_cus_detailed` [ RunTime:0.0040s ]
SQL: SHOW COLUMNS FROM `self_cus_info` [ RunTime:0.0030s ]
SQL: SELECT COUNT(*) AS tp_count FROM `self_cus_info` WHERE `cid` = 2 AND `is_read` = 1 LIMIT 1   [ RunTime:0.0000s ]
SQL: SELECT b.phone,b.wx,b.info,c.u_name FROM self_cus_detailed a INNER JOIN self_user as c ON c.id=a.cid INNER JOIN self_user_fj as b ON b.id=a.cid  WHERE a.id = '2' LIMIT 1   [ RunTime:0.0010s ]

[2018-08-06 15:17:13] 127.0.0.1 /Home/Set/cusBase
INFO: [ app_init ] --START--
INFO: Run Behavior\BuildLiteBehavior [ RunTime:0.001000s ]
INFO: [ app_init ] --END-- [ RunTime:0.001000s ]
SQL: SHOW COLUMNS FROM `self_cus_detailed` [ RunTime:0.0040s ]
SQL: SHOW COLUMNS FROM `self_cus_info` [ RunTime:0.0040s ]
SQL: SELECT COUNT(*) AS tp_count FROM `self_cus_info` WHERE `cid` = 2 AND `is_read` = 1 LIMIT 1   [ RunTime:0.0000s ]
SQL: SELECT `age`,`n`,`sex`,`wx`,`id`,`is_wx` FROM `self_cus_detailed` WHERE `id` = 2 LIMIT 1   [ RunTime:0.0000s ]
SQL: SHOW COLUMNS FROM `self_cus_downline` [ RunTime:0.0050s ]
SQL: SELECT COUNT(*) AS tp_count FROM `self_cus_downline` WHERE ( tid=2 ) LIMIT 1   [ RunTime:0.0000s ]

[2018-08-06 15:17:16] 127.0.0.1 /Home/Set/index
INFO: [ app_init ] --START--
INFO: Run Behavior\BuildLiteBehavior [ RunTime:0.000000s ]
INFO: [ app_init ] --END-- [ RunTime:0.001000s ]
SQL: SHOW COLUMNS FROM `self_cus_detailed` [ RunTime:0.0050s ]
SQL: SHOW COLUMNS FROM `self_cus_info` [ RunTime:0.0040s ]
SQL: SELECT COUNT(*) AS tp_count FROM `self_cus_info` WHERE `cid` = 2 AND `is_read` = 1 LIMIT 1   [ RunTime:0.0000s ]

[2018-08-06 15:17:17] 127.0.0.1 /Home/Set/pass
INFO: [ app_init ] --START--
INFO: Run Behavior\BuildLiteBehavior [ RunTime:0.000000s ]
INFO: [ app_init ] --END-- [ RunTime:0.001000s ]
SQL: SHOW COLUMNS FROM `self_cus_detailed` [ RunTime:0.0040s ]
SQL: SHOW COLUMNS FROM `self_cus_info` [ RunTime:0.0040s ]
SQL: SELECT COUNT(*) AS tp_count FROM `self_cus_info` WHERE `cid` = 2 AND `is_read` = 1 LIMIT 1   [ RunTime:0.0010s ]

[2018-08-06 15:17:19] 127.0.0.1 /Home/Wx/index?state=pass&history=Set_pass
INFO: [ app_init ] --START--
INFO: Run Behavior\BuildLiteBehavior [ RunTime:0.000000s ]
INFO: [ app_init ] --END-- [ RunTime:0.001000s ]
SQL: SHOW COLUMNS FROM `self_cus_detailed` [ RunTime:0.0050s ]
SQL: SHOW COLUMNS FROM `self_cus_info` [ RunTime:0.0040s ]
SQL: SELECT COUNT(*) AS tp_count FROM `self_cus_info` WHERE `cid` = 2 AND `is_read` = 1 LIMIT 1   [ RunTime:0.0000s ]

[2018-08-06 15:21:07] 127.0.0.1 /Home/Wx/index?state=pass&history=Set_pass
INFO: [ app_init ] --START--
INFO: Run Behavior\BuildLiteBehavior [ RunTime:0.000000s ]
INFO: [ app_init ] --END-- [ RunTime:0.000000s ]
SQL: SHOW COLUMNS FROM `self_cus_detailed` [ RunTime:0.0040s ]
SQL: SHOW COLUMNS FROM `self_cus_info` [ RunTime:0.0040s ]
SQL: SELECT COUNT(*) AS tp_count FROM `self_cus_info` WHERE `cid` = 2 AND `is_read` = 1 LIMIT 1   [ RunTime:0.0000s ]

[2018-08-06 15:21:10] 127.0.0.1 /Home/
INFO: [ app_init ] --START--
INFO: Run Behavior\BuildLiteBehavior [ RunTime:0.000000s ]
INFO: [ app_init ] --END-- [ RunTime:0.000000s ]

[2018-08-06 15:21:10] 127.0.0.1 /Home/Index/index
INFO: [ app_init ] --START--
INFO: Run Behavior\BuildLiteBehavior [ RunTime:0.000000s ]
INFO: [ app_init ] --END-- [ RunTime:0.001000s ]
SQL: SHOW COLUMNS FROM `self_cus_detailed` [ RunTime:0.0040s ]
SQL: SHOW COLUMNS FROM `self_cus_info` [ RunTime:0.0060s ]
SQL: SELECT COUNT(*) AS tp_count FROM `self_cus_info` WHERE `cid` = 2 AND `is_read` = 1 LIMIT 1   [ RunTime:0.0000s ]
SQL: SELECT `money`,`n`,`headimg` FROM `self_cus_detailed` WHERE `id` = 2 LIMIT 1   [ RunTime:0.0010s ]

[2018-08-06 15:21:17] 127.0.0.1 /Home/Login/sign
INFO: [ app_init ] --START--
INFO: Run Behavior\BuildLiteBehavior [ RunTime:0.000000s ]
INFO: [ app_init ] --END-- [ RunTime:0.000000s ]

[2018-08-06 15:21:17] 127.0.0.1 /Home/Index/index
INFO: [ app_init ] --START--
INFO: Run Behavior\BuildLiteBehavior [ RunTime:0.000000s ]
INFO: [ app_init ] --END-- [ RunTime:0.000000s ]
SQL: SHOW COLUMNS FROM `self_cus_detailed` [ RunTime:0.0040s ]
SQL: SHOW COLUMNS FROM `self_cus_info` [ RunTime:0.0040s ]
SQL: SELECT COUNT(*) AS tp_count FROM `self_cus_info` WHERE `cid` = 2 AND `is_read` = 1 LIMIT 1   [ RunTime:0.0000s ]
SQL: SELECT `money`,`n`,`headimg` FROM `self_cus_detailed` WHERE `id` = 2 LIMIT 1   [ RunTime:0.0010s ]

[2018-08-06 15:22:52] 127.0.0.1 /Home/Index/index
INFO: [ app_init ] --START--
INFO: Run Behavior\BuildLiteBehavior [ RunTime:0.000000s ]
INFO: [ app_init ] --END-- [ RunTime:0.001000s ]
SQL: SHOW COLUMNS FROM `self_cus_detailed` [ RunTime:0.0040s ]
SQL: SHOW COLUMNS FROM `self_cus_info` [ RunTime:0.0050s ]
SQL: SELECT COUNT(*) AS tp_count FROM `self_cus_info` WHERE `cid` = 2 AND `is_read` = 1 LIMIT 1   [ RunTime:0.0000s ]
SQL: SELECT `money`,`n`,`headimg` FROM `self_cus_detailed` WHERE `id` = 2 LIMIT 1   [ RunTime:0.0010s ]

[2018-08-06 15:23:33] 127.0.0.1 /Home/Index/index
INFO: [ app_init ] --START--
INFO: Run Behavior\BuildLiteBehavior [ RunTime:0.000000s ]
INFO: [ app_init ] --END-- [ RunTime:0.001000s ]
SQL: SHOW COLUMNS FROM `self_cus_detailed` [ RunTime:0.0040s ]
SQL: SHOW COLUMNS FROM `self_cus_info` [ RunTime:0.0040s ]
SQL: SELECT COUNT(*) AS tp_count FROM `self_cus_info` WHERE `cid` = 2 AND `is_read` = 1 LIMIT 1   [ RunTime:0.0000s ]
SQL: SELECT `money`,`n`,`headimg` FROM `self_cus_detailed` WHERE `id` = 2 LIMIT 1   [ RunTime:0.0000s ]

[2018-08-06 15:23:56] 127.0.0.1 /Home/Login/sign
INFO: [ app_init ] --START--
INFO: Run Behavior\BuildLiteBehavior [ RunTime:0.000000s ]
INFO: [ app_init ] --END-- [ RunTime:0.001000s ]

[2018-08-06 15:23:57] 127.0.0.1 /Home/Index/index
INFO: [ app_init ] --START--
INFO: Run Behavior\BuildLiteBehavior [ RunTime:0.000000s ]
INFO: [ app_init ] --END-- [ RunTime:0.001000s ]
SQL: SHOW COLUMNS FROM `self_cus_detailed` [ RunTime:0.0030s ]
SQL: SHOW COLUMNS FROM `self_cus_info` [ RunTime:0.0040s ]
SQL: SELECT COUNT(*) AS tp_count FROM `self_cus_info` WHERE `cid` = 2 AND `is_read` = 1 LIMIT 1   [ RunTime:0.0000s ]
SQL: SELECT `money`,`n`,`headimg` FROM `self_cus_detailed` WHERE `id` = 2 LIMIT 1   [ RunTime:0.0010s ]

[2018-08-06 15:23:59] 127.0.0.1 /Home/Set/index
INFO: [ app_init ] --START--
INFO: Run Behavior\BuildLiteBehavior [ RunTime:0.000000s ]
INFO: [ app_init ] --END-- [ RunTime:0.001000s ]
SQL: SHOW COLUMNS FROM `self_cus_detailed` [ RunTime:0.0040s ]
SQL: SHOW COLUMNS FROM `self_cus_info` [ RunTime:0.0040s ]
SQL: SELECT COUNT(*) AS tp_count FROM `self_cus_info` WHERE `cid` = 2 AND `is_read` = 1 LIMIT 1   [ RunTime:0.0000s ]

[2018-08-06 15:24:01] 127.0.0.1 /Home/Login/logout
INFO: [ app_init ] --START--
INFO: Run Behavior\BuildLiteBehavior [ RunTime:0.000000s ]
INFO: [ app_init ] --END-- [ RunTime:0.000000s ]

[2018-08-06 15:24:01] 127.0.0.1 /Home/Login/sign
INFO: [ app_init ] --START--
INFO: Run Behavior\BuildLiteBehavior [ RunTime:0.000000s ]
INFO: [ app_init ] --END-- [ RunTime:0.000000s ]

[2018-08-06 15:24:07] 127.0.0.1 /Home/Wx/index?state=login&history=
INFO: [ app_init ] --START--
INFO: Run Behavior\BuildLiteBehavior [ RunTime:0.000000s ]
INFO: [ app_init ] --END-- [ RunTime:0.000000s ]

