[2018-08-03 14:55:27] 127.0.0.1 /
INFO: [ app_init ] --START--
INFO: Run Behavior\BuildLiteBehavior [ RunTime:0.000000s ]
INFO: [ app_init ] --END-- [ RunTime:0.001000s ]

[2018-08-03 14:56:05] 127.0.0.1 /Home/Login/sign
INFO: [ app_init ] --START--
INFO: Run Behavior\BuildLiteBehavior [ RunTime:0.000000s ]
INFO: [ app_init ] --END-- [ RunTime:0.001000s ]

[2018-08-03 14:56:11] 127.0.0.1 /Home/Login/login
INFO: [ app_init ] --START--
INFO: Run Behavior\BuildLiteBehavior [ RunTime:0.000000s ]
INFO: [ app_init ] --END-- [ RunTime:0.000000s ]
SQL: SHOW COLUMNS FROM `self_cus_detailed` [ RunTime:0.0050s ]
SQL: SHOW COLUMNS FROM `self_cus_base` [ RunTime:0.0070s ]
SQL: SELECT `id`,`pass` FROM `self_cus_base` WHERE `phone` = '12345678912' AND `is_del` = 0 LIMIT 1   [ RunTime:0.0000s ]

[2018-08-03 14:56:19] 127.0.0.1 /Home/Login/login
INFO: [ app_init ] --START--
INFO: Run Behavior\BuildLiteBehavior [ RunTime:0.000000s ]
INFO: [ app_init ] --END-- [ RunTime:0.000000s ]
SQL: SHOW COLUMNS FROM `self_cus_detailed` [ RunTime:0.0050s ]
SQL: SHOW COLUMNS FROM `self_cus_base` [ RunTime:0.0040s ]
SQL: SELECT `id`,`pass` FROM `self_cus_base` WHERE `phone` = '12345678913' AND `is_del` = 0 LIMIT 1   [ RunTime:0.0010s ]

[2018-08-03 14:56:19] 127.0.0.1 /Home/Index/index
INFO: [ app_init ] --START--
INFO: Run Behavior\BuildLiteBehavior [ RunTime:0.000000s ]
INFO: [ app_init ] --END-- [ RunTime:0.000000s ]
SQL: SHOW COLUMNS FROM `self_cus_detailed` [ RunTime:0.0040s ]
SQL: SHOW COLUMNS FROM `self_cus_info` [ RunTime:0.0060s ]
SQL: SELECT COUNT(*) AS tp_count FROM `self_cus_info` WHERE `cid` = 2 AND `is_read` = 1 LIMIT 1   [ RunTime:0.0000s ]
SQL: SELECT `money`,`n`,`headimg` FROM `self_cus_detailed` WHERE `id` = 2 LIMIT 1   [ RunTime:0.0000s ]

[2018-08-03 14:56:21] 127.0.0.1 /Home/Info/index?status=1
INFO: [ app_init ] --START--
INFO: Run Behavior\BuildLiteBehavior [ RunTime:0.000000s ]
INFO: [ app_init ] --END-- [ RunTime:0.001000s ]
SQL: SHOW COLUMNS FROM `self_cus_detailed` [ RunTime:0.0040s ]
SQL: SHOW COLUMNS FROM `self_cus_info` [ RunTime:0.0030s ]
SQL: SELECT COUNT(*) AS tp_count FROM `self_cus_info` WHERE `cid` = 2 AND `is_read` = 1 LIMIT 1   [ RunTime:0.0000s ]
SQL: SHOW COLUMNS FROM `self_cus_info` [ RunTime:0.0050s ]
SQL: SELECT COUNT(*) AS tp_count FROM `self_cus_info` WHERE `is_read` = '1' AND `cid` = '2' LIMIT 1   [ RunTime:0.0010s ]
SQL: SELECT `easy`,`is_read`,`id` FROM `self_cus_info` WHERE `is_read` = '1' AND `cid` = '2' ORDER BY id desc LIMIT 0,25   [ RunTime:0.0010s ]

[2018-08-03 14:56:22] 127.0.0.1 /Home/Info/infoRead?id=3
INFO: [ app_init ] --START--
INFO: Run Behavior\BuildLiteBehavior [ RunTime:0.000000s ]
INFO: [ app_init ] --END-- [ RunTime:0.000000s ]
SQL: SHOW COLUMNS FROM `self_cus_detailed` [ RunTime:0.0040s ]
SQL: SHOW COLUMNS FROM `self_cus_info` [ RunTime:0.0040s ]
SQL: SELECT COUNT(*) AS tp_count FROM `self_cus_info` WHERE `cid` = 2 AND `is_read` = 1 LIMIT 1   [ RunTime:0.0010s ]
SQL: SHOW COLUMNS FROM `self_cus_info` [ RunTime:0.0040s ]
SQL: SELECT `con`,`is_read` FROM `self_cus_info` WHERE `cid` = 2 AND `id` = 3 LIMIT 1   [ RunTime:0.0010s ]
SQL: UPDATE `self_cus_info` SET `is_read`='2' WHERE `cid` = 2 AND `id` = 3 [ RunTime:0.0210s ]

[2018-08-03 14:56:25] 127.0.0.1 /Home/Line/index
INFO: [ app_init ] --START--
INFO: Run Behavior\BuildLiteBehavior [ RunTime:0.000000s ]
INFO: [ app_init ] --END-- [ RunTime:0.001000s ]
SQL: SHOW COLUMNS FROM `self_cus_detailed` [ RunTime:0.0040s ]
SQL: SHOW COLUMNS FROM `self_cus_info` [ RunTime:0.0040s ]
SQL: SELECT COUNT(*) AS tp_count FROM `self_cus_info` WHERE `cid` = 2 AND `is_read` = 1 LIMIT 1   [ RunTime:0.0010s ]
SQL: SHOW COLUMNS FROM `self_cus_downline` [ RunTime:0.0050s ]
SQL: SELECT COUNT(*) AS tp_count FROM `self_cus_downline` WHERE `tid` = '2' LIMIT 1   [ RunTime:0.0000s ]
SQL: SELECT `n`,`state`,`id` FROM `self_cus_downline` WHERE `tid` = '2' ORDER BY t desc LIMIT 0,10   [ RunTime:0.0000s ]

[2018-08-03 14:56:27] 127.0.0.1 /Home/Line/add
INFO: [ app_init ] --START--
INFO: Run Behavior\BuildLiteBehavior [ RunTime:0.000000s ]
INFO: [ app_init ] --END-- [ RunTime:0.000000s ]
SQL: SHOW COLUMNS FROM `self_cus_detailed` [ RunTime:0.0040s ]
SQL: SHOW COLUMNS FROM `self_cus_info` [ RunTime:0.0040s ]
SQL: SELECT COUNT(*) AS tp_count FROM `self_cus_info` WHERE `cid` = 2 AND `is_read` = 1 LIMIT 1   [ RunTime:0.0000s ]

[2018-08-03 14:56:33] 127.0.0.1 /Home/Line/execAdd
INFO: [ app_init ] --START--
INFO: Run Behavior\BuildLiteBehavior [ RunTime:0.000000s ]
INFO: [ app_init ] --END-- [ RunTime:0.000000s ]
SQL: SHOW COLUMNS FROM `self_cus_detailed` [ RunTime:0.0050s ]
SQL: SHOW COLUMNS FROM `self_cus_info` [ RunTime:0.0040s ]
SQL: SELECT COUNT(*) AS tp_count FROM `self_cus_info` WHERE `cid` = 2 AND `is_read` = 1 LIMIT 1   [ RunTime:0.0000s ]
NOTIC: [2] unlink(./Application/Runtime/Temp/d095f2c5f6d81e5d4827df69e53c7c7c.php): No such file or directory D:\phpStudy\WWW\fenxiao\ThinkPHP\Library\Think\Cache\Driver\File.class.php 第 157 行.
SQL: SHOW COLUMNS FROM `self_cus_downline` [ RunTime:0.0050s ]
NOTIC: [8] Undefined index: validate D:\phpStudy\WWW\fenxiao\ThinkPHP\Library\Think\Model.class.php 第 1192 行.

[2018-08-03 14:56:37] 127.0.0.1 /Home/Line/execAdd
INFO: [ app_init ] --START--
INFO: Run Behavior\BuildLiteBehavior [ RunTime:0.000000s ]
INFO: [ app_init ] --END-- [ RunTime:0.000000s ]
SQL: SHOW COLUMNS FROM `self_cus_detailed` [ RunTime:0.0040s ]
SQL: SHOW COLUMNS FROM `self_cus_info` [ RunTime:0.0050s ]
SQL: SELECT COUNT(*) AS tp_count FROM `self_cus_info` WHERE `cid` = 2 AND `is_read` = 1 LIMIT 1   [ RunTime:0.0010s ]
NOTIC: [2] unlink(./Application/Runtime/Temp/d095f2c5f6d81e5d4827df69e53c7c7c.php): No such file or directory D:\phpStudy\WWW\fenxiao\ThinkPHP\Library\Think\Cache\Driver\File.class.php 第 157 行.
SQL: SHOW COLUMNS FROM `self_cus_downline` [ RunTime:0.0040s ]
NOTIC: [8] Undefined index: validate D:\phpStudy\WWW\fenxiao\ThinkPHP\Library\Think\Model.class.php 第 1192 行.
NOTIC: [8] Undefined index: auto D:\phpStudy\WWW\fenxiao\ThinkPHP\Library\Think\Model.class.php 第 1130 行.
NOTIC: [8] Undefined index: validate D:\phpStudy\WWW\fenxiao\ThinkPHP\Library\Think\Model.class.php 第 1192 行.
NOTIC: [8] Undefined index: auto D:\phpStudy\WWW\fenxiao\ThinkPHP\Library\Think\Model.class.php 第 1130 行.
SQL: SELECT `cid` FROM `self_cus_detailed` WHERE `id` = 2 LIMIT 1   [ RunTime:0.0010s ]
SQL: INSERT INTO `self_cus_downline` (`phone`,`wx`,`n`,`age`,`sex`,`remarks`,`t`,`tid`,`cid`) VALUES ('','sdf','dsfdsf','0','女','    ','2018-08-03 14:56:37','2','1') [ RunTime:0.0040s ]
SQL: SHOW COLUMNS FROM `self_user_fj` [ RunTime:0.0040s ]
SQL: UPDATE `self_user_fj` SET `meg`=meg+1 WHERE ( id=00001 ) [ RunTime:0.0040s ]

[2018-08-03 14:56:38] 127.0.0.1 /Home/Line/index
INFO: [ app_init ] --START--
INFO: Run Behavior\BuildLiteBehavior [ RunTime:0.000000s ]
INFO: [ app_init ] --END-- [ RunTime:0.001000s ]
SQL: SHOW COLUMNS FROM `self_cus_detailed` [ RunTime:0.0040s ]
SQL: SHOW COLUMNS FROM `self_cus_info` [ RunTime:0.0040s ]
SQL: SELECT COUNT(*) AS tp_count FROM `self_cus_info` WHERE `cid` = 2 AND `is_read` = 1 LIMIT 1   [ RunTime:0.0000s ]
SQL: SHOW COLUMNS FROM `self_cus_downline` [ RunTime:0.0060s ]
SQL: SELECT COUNT(*) AS tp_count FROM `self_cus_downline` WHERE `tid` = '2' LIMIT 1   [ RunTime:0.0000s ]
SQL: SELECT `n`,`state`,`id` FROM `self_cus_downline` WHERE `tid` = '2' ORDER BY t desc LIMIT 0,10   [ RunTime:0.0010s ]

[2018-08-03 15:11:38] 127.0.0.1 /Home/Index/index
INFO: [ app_init ] --START--
INFO: Run Behavior\BuildLiteBehavior [ RunTime:0.000000s ]
INFO: [ app_init ] --END-- [ RunTime:0.001000s ]
SQL: SHOW COLUMNS FROM `self_cus_detailed` [ RunTime:0.0040s ]
SQL: SHOW COLUMNS FROM `self_cus_info` [ RunTime:0.0040s ]
SQL: SELECT COUNT(*) AS tp_count FROM `self_cus_info` WHERE `cid` = 2 AND `is_read` = 1 LIMIT 1   [ RunTime:0.0000s ]
SQL: SELECT `money`,`n`,`headimg` FROM `self_cus_detailed` WHERE `id` = 2 LIMIT 1   [ RunTime:0.0010s ]

[2018-08-03 15:11:41] 127.0.0.1 /Home/Set/index
INFO: [ app_init ] --START--
INFO: Run Behavior\BuildLiteBehavior [ RunTime:0.000000s ]
INFO: [ app_init ] --END-- [ RunTime:0.001000s ]
SQL: SHOW COLUMNS FROM `self_cus_detailed` [ RunTime:0.0040s ]
SQL: SHOW COLUMNS FROM `self_cus_info` [ RunTime:0.0050s ]
SQL: SELECT COUNT(*) AS tp_count FROM `self_cus_info` WHERE `cid` = 2 AND `is_read` = 1 LIMIT 1   [ RunTime:0.0010s ]

[2018-08-03 15:11:42] 127.0.0.1 /Home/Login/logout
INFO: [ app_init ] --START--
INFO: Run Behavior\BuildLiteBehavior [ RunTime:0.001000s ]
INFO: [ app_init ] --END-- [ RunTime:0.001000s ]

[2018-08-03 15:11:42] 127.0.0.1 /Home/Login/sign
INFO: [ app_init ] --START--
INFO: Run Behavior\BuildLiteBehavior [ RunTime:0.000000s ]
INFO: [ app_init ] --END-- [ RunTime:0.000000s ]

