[2018-09-12 10:59:01] 127.0.0.1 /
INFO: [ app_init ] --START--
INFO: Run Behavior\BuildLiteBehavior [ RunTime:0.000000s ]
INFO: [ app_init ] --END-- [ RunTime:0.000000s ]

[2018-09-12 14:22:39] 127.0.0.1 /Home/Login/sign
INFO: [ app_init ] --START--
INFO: Run Behavior\BuildLiteBehavior [ RunTime:0.000000s ]
INFO: [ app_init ] --END-- [ RunTime:0.001000s ]

[2018-09-12 14:22:55] 127.0.0.1 /Home/Login/login
INFO: [ app_init ] --START--
INFO: Run Behavior\BuildLiteBehavior [ RunTime:0.000000s ]
INFO: [ app_init ] --END-- [ RunTime:0.000000s ]
SQL: SHOW COLUMNS FROM `self_cus_detailed` [ RunTime:0.0040s ]
SQL: SHOW COLUMNS FROM `self_cus_base` [ RunTime:0.0040s ]
SQL: SELECT `id`,`pass` FROM `self_cus_base` WHERE `phone` = '12345612345' AND `is_del` = 0 LIMIT 1   [ RunTime:0.0000s ]

[2018-09-12 14:22:55] 127.0.0.1 /Home/Index/index
INFO: [ app_init ] --START--
INFO: Run Behavior\BuildLiteBehavior [ RunTime:0.000000s ]
INFO: [ app_init ] --END-- [ RunTime:0.000000s ]

[2018-09-12 14:22:55] 127.0.0.1 /Home/Login/sign
INFO: [ app_init ] --START--
INFO: Run Behavior\BuildLiteBehavior [ RunTime:0.000000s ]
INFO: [ app_init ] --END-- [ RunTime:0.000000s ]

[2018-09-12 14:23:01] 127.0.0.1 /Home/Login/login
INFO: [ app_init ] --START--
INFO: Run Behavior\BuildLiteBehavior [ RunTime:0.000000s ]
INFO: [ app_init ] --END-- [ RunTime:0.000000s ]
SQL: SHOW COLUMNS FROM `self_cus_detailed` [ RunTime:0.0030s ]
SQL: SHOW COLUMNS FROM `self_cus_base` [ RunTime:0.0040s ]
SQL: SELECT `id`,`pass` FROM `self_cus_base` WHERE `phone` = '12345612345' AND `is_del` = 0 LIMIT 1   [ RunTime:0.0010s ]

[2018-09-12 14:23:01] 127.0.0.1 /Home/Index/index
INFO: [ app_init ] --START--
INFO: Run Behavior\BuildLiteBehavior [ RunTime:0.000000s ]
INFO: [ app_init ] --END-- [ RunTime:0.001000s ]

[2018-09-12 14:23:01] 127.0.0.1 /Home/Login/sign
INFO: [ app_init ] --START--
INFO: Run Behavior\BuildLiteBehavior [ RunTime:0.000000s ]
INFO: [ app_init ] --END-- [ RunTime:0.001000s ]

[2018-09-12 14:23:47] 127.0.0.1 /Home/Login/sign
INFO: [ app_init ] --START--
INFO: Run Behavior\BuildLiteBehavior [ RunTime:0.000000s ]
INFO: [ app_init ] --END-- [ RunTime:0.001000s ]

[2018-09-12 14:23:50] 127.0.0.1 /Home/Login/login
INFO: [ app_init ] --START--
INFO: Run Behavior\BuildLiteBehavior [ RunTime:0.000000s ]
INFO: [ app_init ] --END-- [ RunTime:0.001000s ]
SQL: SHOW COLUMNS FROM `self_cus_detailed` [ RunTime:0.0040s ]
SQL: SHOW COLUMNS FROM `self_cus_base` [ RunTime:0.0030s ]
SQL: SELECT `id`,`pass` FROM `self_cus_base` WHERE `phone` = '12345612345' AND `is_del` = 0 LIMIT 1   [ RunTime:0.0010s ]
NOTIC: [8] Undefined index: id D:\phpStudy\WWW\fenxiao\Application\Home\Controller\LoginController.class.php 第 74 行.
NOTIC: [8] Undefined index: id D:\phpStudy\WWW\fenxiao\Application\Home\Controller\LoginController.class.php 第 75 行.

[2018-09-12 14:23:50] 127.0.0.1 /Home/Index/index
INFO: [ app_init ] --START--
INFO: Run Behavior\BuildLiteBehavior [ RunTime:0.000000s ]
INFO: [ app_init ] --END-- [ RunTime:0.001000s ]

[2018-09-12 14:23:50] 127.0.0.1 /Home/Login/sign
INFO: [ app_init ] --START--
INFO: Run Behavior\BuildLiteBehavior [ RunTime:0.000000s ]
INFO: [ app_init ] --END-- [ RunTime:0.000000s ]

[2018-09-12 14:25:24] 127.0.0.1 /Home/Login/sign
INFO: [ app_init ] --START--
INFO: Run Behavior\BuildLiteBehavior [ RunTime:0.000000s ]
INFO: [ app_init ] --END-- [ RunTime:0.000000s ]

[2018-09-12 14:25:28] 127.0.0.1 /Home/Login/login
INFO: [ app_init ] --START--
INFO: Run Behavior\BuildLiteBehavior [ RunTime:0.000000s ]
INFO: [ app_init ] --END-- [ RunTime:0.001000s ]
SQL: SHOW COLUMNS FROM `self_cus_detailed` [ RunTime:0.0050s ]
SQL: SHOW COLUMNS FROM `self_cus_base` [ RunTime:0.0040s ]
SQL: SELECT `id`,`pass` FROM `self_cus_base` WHERE `phone` = '12345612345' AND `is_del` = 0 LIMIT 1   [ RunTime:0.0000s ]
NOTIC: [8] Undefined index: id D:\phpStudy\WWW\fenxiao\Application\Home\Controller\LoginController.class.php 第 74 行.
NOTIC: [8] Undefined index: id D:\phpStudy\WWW\fenxiao\Application\Home\Controller\LoginController.class.php 第 75 行.

[2018-09-12 14:25:28] 127.0.0.1 /Home/Index/index
INFO: [ app_init ] --START--
INFO: Run Behavior\BuildLiteBehavior [ RunTime:0.000000s ]
INFO: [ app_init ] --END-- [ RunTime:0.001000s ]

[2018-09-12 14:26:15] 127.0.0.1 /Home/Index/index
INFO: [ app_init ] --START--
INFO: Run Behavior\BuildLiteBehavior [ RunTime:0.000000s ]
INFO: [ app_init ] --END-- [ RunTime:0.000000s ]

[2018-09-12 14:28:18] 127.0.0.1 /Home/Index/index
INFO: [ app_init ] --START--
INFO: Run Behavior\BuildLiteBehavior [ RunTime:0.000000s ]
INFO: [ app_init ] --END-- [ RunTime:0.000000s ]

[2018-09-12 14:28:58] 127.0.0.1 /Home/Index/index
INFO: [ app_init ] --START--
INFO: Run Behavior\BuildLiteBehavior [ RunTime:0.000000s ]
INFO: [ app_init ] --END-- [ RunTime:0.001000s ]

[2018-09-12 14:29:12] 127.0.0.1 /Home/Index/index
INFO: [ app_init ] --START--
INFO: Run Behavior\BuildLiteBehavior [ RunTime:0.000000s ]
INFO: [ app_init ] --END-- [ RunTime:0.000000s ]

[2018-09-12 14:30:00] 127.0.0.1 /Home/Index/index
INFO: [ app_init ] --START--
INFO: Run Behavior\BuildLiteBehavior [ RunTime:0.000000s ]
INFO: [ app_init ] --END-- [ RunTime:0.000000s ]
NOTIC: [8] Undefined index: cus_id D:\phpStudy\WWW\fenxiao\Application\My\HwxController.class.php 第 28 行.

[2018-09-12 14:33:39] 127.0.0.1 /Home/Login/login
INFO: [ app_init ] --START--
INFO: Run Behavior\BuildLiteBehavior [ RunTime:0.000000s ]
INFO: [ app_init ] --END-- [ RunTime:0.001000s ]
SQL: SHOW COLUMNS FROM `self_cus_detailed` [ RunTime:0.0040s ]
SQL: SHOW COLUMNS FROM `self_cus_base` [ RunTime:0.0030s ]
SQL: SELECT `id`,`pass` FROM `self_cus_base` WHERE `phone` = '12345612345' AND `is_del` = 0 LIMIT 1   [ RunTime:0.0010s ]
NOTIC: [8] Undefined index: id D:\phpStudy\WWW\fenxiao\Application\Home\Controller\LoginController.class.php 第 74 行.
NOTIC: [8] Undefined index: id D:\phpStudy\WWW\fenxiao\Application\Home\Controller\LoginController.class.php 第 75 行.

[2018-09-12 14:33:39] 127.0.0.1 /Home/Index/index
INFO: [ app_init ] --START--
INFO: Run Behavior\BuildLiteBehavior [ RunTime:0.000000s ]
INFO: [ app_init ] --END-- [ RunTime:0.000000s ]

[2018-09-12 14:35:09] 127.0.0.1 /Home/Index/index
INFO: [ app_init ] --START--
INFO: Run Behavior\BuildLiteBehavior [ RunTime:0.000000s ]
INFO: [ app_init ] --END-- [ RunTime:0.000000s ]
SQL: SHOW COLUMNS FROM `self_cus_detailed` [ RunTime:0.0040s ]
SQL: SHOW COLUMNS FROM `self_cus_info` [ RunTime:0.0040s ]
SQL: SELECT COUNT(*) AS tp_count FROM `self_cus_info` WHERE `cid` = null AND `is_read` = 1 LIMIT 1   [ RunTime:0.0010s ]

[2018-09-12 14:35:15] 127.0.0.1 /Home/Login/login
INFO: [ app_init ] --START--
INFO: Run Behavior\BuildLiteBehavior [ RunTime:0.000000s ]
INFO: [ app_init ] --END-- [ RunTime:0.001000s ]
SQL: SHOW COLUMNS FROM `self_cus_detailed` [ RunTime:0.0040s ]
SQL: SHOW COLUMNS FROM `self_cus_base` [ RunTime:0.0040s ]
SQL: SELECT `id`,`pass` FROM `self_cus_base` WHERE `phone` = '12345612345' AND `is_del` = 0 LIMIT 1   [ RunTime:0.0010s ]
NOTIC: [8] Undefined index: id D:\phpStudy\WWW\fenxiao\Application\Home\Controller\LoginController.class.php 第 74 行.
NOTIC: [8] Undefined index: id D:\phpStudy\WWW\fenxiao\Application\Home\Controller\LoginController.class.php 第 75 行.

[2018-09-12 14:35:15] 127.0.0.1 /Home/Index/index
INFO: [ app_init ] --START--
INFO: Run Behavior\BuildLiteBehavior [ RunTime:0.000000s ]
INFO: [ app_init ] --END-- [ RunTime:0.000000s ]
SQL: SHOW COLUMNS FROM `self_cus_detailed` [ RunTime:0.0030s ]
SQL: SHOW COLUMNS FROM `self_cus_info` [ RunTime:0.0030s ]
SQL: SELECT COUNT(*) AS tp_count FROM `self_cus_info` WHERE `cid` = null AND `is_read` = 1 LIMIT 1   [ RunTime:0.0000s ]

[2018-09-12 14:35:37] 127.0.0.1 /Home/Index/index
INFO: [ app_init ] --START--
INFO: Run Behavior\BuildLiteBehavior [ RunTime:0.000000s ]
INFO: [ app_init ] --END-- [ RunTime:0.001000s ]
SQL: SHOW COLUMNS FROM `self_cus_detailed` [ RunTime:0.0030s ]
SQL: SHOW COLUMNS FROM `self_cus_info` [ RunTime:0.0040s ]
SQL: SELECT COUNT(*) AS tp_count FROM `self_cus_info` WHERE `cid` = null AND `is_read` = 1 LIMIT 1   [ RunTime:0.0000s ]

[2018-09-12 14:35:37] 127.0.0.1 /Home/Index/index
INFO: [ app_init ] --START--
INFO: Run Behavior\BuildLiteBehavior [ RunTime:0.000000s ]
INFO: [ app_init ] --END-- [ RunTime:0.001000s ]
SQL: SHOW COLUMNS FROM `self_cus_detailed` [ RunTime:0.0040s ]
SQL: SHOW COLUMNS FROM `self_cus_info` [ RunTime:0.0030s ]
SQL: SELECT COUNT(*) AS tp_count FROM `self_cus_info` WHERE `cid` = null AND `is_read` = 1 LIMIT 1   [ RunTime:0.0010s ]

[2018-09-12 14:35:38] 127.0.0.1 /Home/Index/index
INFO: [ app_init ] --START--
INFO: Run Behavior\BuildLiteBehavior [ RunTime:0.000000s ]
INFO: [ app_init ] --END-- [ RunTime:0.001000s ]
SQL: SHOW COLUMNS FROM `self_cus_detailed` [ RunTime:0.0050s ]
SQL: SHOW COLUMNS FROM `self_cus_info` [ RunTime:0.0050s ]
SQL: SELECT COUNT(*) AS tp_count FROM `self_cus_info` WHERE `cid` = null AND `is_read` = 1 LIMIT 1   [ RunTime:0.0000s ]

[2018-09-12 14:38:46] 127.0.0.1 /Home/Login/sign
INFO: [ app_init ] --START--
INFO: Run Behavior\BuildLiteBehavior [ RunTime:0.000000s ]
INFO: [ app_init ] --END-- [ RunTime:0.000000s ]

[2018-09-12 14:38:50] 127.0.0.1 /Home/Login/login
INFO: [ app_init ] --START--
INFO: Run Behavior\BuildLiteBehavior [ RunTime:0.000000s ]
INFO: [ app_init ] --END-- [ RunTime:0.000000s ]
SQL: SHOW COLUMNS FROM `self_cus_detailed` [ RunTime:0.0040s ]
SQL: SHOW COLUMNS FROM `self_cus_base` [ RunTime:0.0030s ]
SQL: SELECT `id`,`pass` FROM `self_cus_base` WHERE `phone` = '12345612345' AND `is_del` = 0 LIMIT 1   [ RunTime:0.0000s ]
NOTIC: [8] Undefined index: id D:\phpStudy\WWW\fenxiao\Application\Home\Controller\LoginController.class.php 第 76 行.
NOTIC: [8] Undefined index: id D:\phpStudy\WWW\fenxiao\Application\Home\Controller\LoginController.class.php 第 77 行.
NOTIC: [8] Undefined index: id D:\phpStudy\WWW\fenxiao\Application\Home\Controller\LoginController.class.php 第 78 行.

[2018-09-12 14:38:50] 127.0.0.1 /Home/Index/index
INFO: [ app_init ] --START--
INFO: Run Behavior\BuildLiteBehavior [ RunTime:0.001000s ]
INFO: [ app_init ] --END-- [ RunTime:0.001000s ]
SQL: SHOW COLUMNS FROM `self_cus_detailed` [ RunTime:0.0030s ]
SQL: SHOW COLUMNS FROM `self_cus_info` [ RunTime:0.0030s ]
SQL: SELECT COUNT(*) AS tp_count FROM `self_cus_info` WHERE `cid` = null AND `is_read` = 1 LIMIT 1   [ RunTime:0.0000s ]

[2018-09-12 14:39:04] 127.0.0.1 /Home/Login/sign
INFO: [ app_init ] --START--
INFO: Run Behavior\BuildLiteBehavior [ RunTime:0.000000s ]
INFO: [ app_init ] --END-- [ RunTime:0.000000s ]

[2018-09-12 14:39:07] 127.0.0.1 /Home/Login/login
INFO: [ app_init ] --START--
INFO: Run Behavior\BuildLiteBehavior [ RunTime:0.000000s ]
INFO: [ app_init ] --END-- [ RunTime:0.001000s ]
SQL: SHOW COLUMNS FROM `self_cus_detailed` [ RunTime:0.0040s ]
SQL: SHOW COLUMNS FROM `self_cus_base` [ RunTime:0.0040s ]
SQL: SELECT `id`,`pass` FROM `self_cus_base` WHERE `phone` = '12345612345' AND `is_del` = 0 LIMIT 1   [ RunTime:0.0000s ]
NOTIC: [8] Undefined index: id D:\phpStudy\WWW\fenxiao\Application\Home\Controller\LoginController.class.php 第 76 行.

[2018-09-12 14:40:14] 127.0.0.1 /Home/Login/sign
INFO: [ app_init ] --START--
INFO: Run Behavior\BuildLiteBehavior [ RunTime:0.000000s ]
INFO: [ app_init ] --END-- [ RunTime:0.001000s ]

[2018-09-12 14:40:18] 127.0.0.1 /Home/Login/login
INFO: [ app_init ] --START--
INFO: Run Behavior\BuildLiteBehavior [ RunTime:0.000000s ]
INFO: [ app_init ] --END-- [ RunTime:0.001000s ]
SQL: SHOW COLUMNS FROM `self_cus_detailed` [ RunTime:0.0040s ]
SQL: SHOW COLUMNS FROM `self_cus_base` [ RunTime:0.0030s ]
SQL: SELECT `id`,`pass` FROM `self_cus_base` WHERE `phone` = '12345612345' AND `is_del` = 0 LIMIT 1   [ RunTime:0.0010s ]
NOTIC: [8] Undefined index: id D:\phpStudy\WWW\fenxiao\Application\Home\Controller\LoginController.class.php 第 76 行.

[2018-09-12 14:40:18] 127.0.0.1 /Home/Index/index
INFO: [ app_init ] --START--
INFO: Run Behavior\BuildLiteBehavior [ RunTime:0.000000s ]
INFO: [ app_init ] --END-- [ RunTime:0.000000s ]

[2018-09-12 14:40:18] 127.0.0.1 /Home/Login/sign
INFO: [ app_init ] --START--
INFO: Run Behavior\BuildLiteBehavior [ RunTime:0.000000s ]
INFO: [ app_init ] --END-- [ RunTime:0.000000s ]

[2018-09-12 14:41:03] 127.0.0.1 /Home/Login/sign
INFO: [ app_init ] --START--
INFO: Run Behavior\BuildLiteBehavior [ RunTime:0.000000s ]
INFO: [ app_init ] --END-- [ RunTime:0.001000s ]

[2018-09-12 14:41:07] 127.0.0.1 /Home/Login/login
INFO: [ app_init ] --START--
INFO: Run Behavior\BuildLiteBehavior [ RunTime:0.000000s ]
INFO: [ app_init ] --END-- [ RunTime:0.001000s ]
SQL: SHOW COLUMNS FROM `self_cus_detailed` [ RunTime:0.0040s ]
SQL: SHOW COLUMNS FROM `self_cus_base` [ RunTime:0.0040s ]
SQL: SELECT `id`,`pass` FROM `self_cus_base` WHERE `phone` = '12345612345' AND `is_del` = 0 LIMIT 1   [ RunTime:0.0000s ]

[2018-09-12 14:41:07] 127.0.0.1 /Home/Index/index
INFO: [ app_init ] --START--
INFO: Run Behavior\BuildLiteBehavior [ RunTime:0.000000s ]
INFO: [ app_init ] --END-- [ RunTime:0.000000s ]

[2018-09-12 14:41:22] 127.0.0.1 /Home/Index/index
INFO: [ app_init ] --START--
INFO: Run Behavior\BuildLiteBehavior [ RunTime:0.000000s ]
INFO: [ app_init ] --END-- [ RunTime:0.000000s ]

[2018-09-12 14:41:48] 127.0.0.1 /Home/Index/index
INFO: [ app_init ] --START--
INFO: Run Behavior\BuildLiteBehavior [ RunTime:0.000000s ]
INFO: [ app_init ] --END-- [ RunTime:0.000000s ]

[2018-09-12 14:41:52] 127.0.0.1 /Home/Login/login
INFO: [ app_init ] --START--
INFO: Run Behavior\BuildLiteBehavior [ RunTime:0.000000s ]
INFO: [ app_init ] --END-- [ RunTime:0.000000s ]
SQL: SHOW COLUMNS FROM `self_cus_detailed` [ RunTime:0.0030s ]
SQL: SHOW COLUMNS FROM `self_cus_base` [ RunTime:0.0040s ]
SQL: SELECT `id`,`pass` FROM `self_cus_base` WHERE `phone` = '12345612345' AND `is_del` = 0 LIMIT 1   [ RunTime:0.0000s ]

[2018-09-12 14:42:21] 127.0.0.1 /Home/Login/sign
INFO: [ app_init ] --START--
INFO: Run Behavior\BuildLiteBehavior [ RunTime:0.000000s ]
INFO: [ app_init ] --END-- [ RunTime:0.000000s ]

[2018-09-12 14:42:25] 127.0.0.1 /Home/Login/login
INFO: [ app_init ] --START--
INFO: Run Behavior\BuildLiteBehavior [ RunTime:0.000000s ]
INFO: [ app_init ] --END-- [ RunTime:0.001000s ]
SQL: SHOW COLUMNS FROM `self_cus_detailed` [ RunTime:0.0040s ]
SQL: SHOW COLUMNS FROM `self_cus_base` [ RunTime:0.0030s ]
SQL: SELECT `id`,`pass` FROM `self_cus_base` WHERE `phone` = '12345612345' AND `is_del` = 0 LIMIT 1   [ RunTime:0.0010s ]

[2018-09-12 14:42:25] 127.0.0.1 /Home/Index/index
INFO: [ app_init ] --START--
INFO: Run Behavior\BuildLiteBehavior [ RunTime:0.000000s ]
INFO: [ app_init ] --END-- [ RunTime:0.000000s ]

[2018-09-12 14:43:10] 127.0.0.1 /Home/Index/index
INFO: [ app_init ] --START--
INFO: Run Behavior\BuildLiteBehavior [ RunTime:0.000000s ]
INFO: [ app_init ] --END-- [ RunTime:0.001000s ]

[2018-09-12 14:44:06] 127.0.0.1 /Home/Index/index
INFO: [ app_init ] --START--
INFO: Run Behavior\BuildLiteBehavior [ RunTime:0.000000s ]
INFO: [ app_init ] --END-- [ RunTime:0.000000s ]
NOTIC: [8] Undefined index: cus_id D:\phpStudy\WWW\fenxiao\Application\My\HwxController.class.php 第 33 行.

[2018-09-12 14:44:09] 127.0.0.1 /Home/Index/index
INFO: [ app_init ] --START--
INFO: Run Behavior\BuildLiteBehavior [ RunTime:0.000000s ]
INFO: [ app_init ] --END-- [ RunTime:0.000000s ]
NOTIC: [8] Undefined index: cus_id D:\phpStudy\WWW\fenxiao\Application\My\HwxController.class.php 第 33 行.

[2018-09-12 14:44:21] 127.0.0.1 /Home/Index/index
INFO: [ app_init ] --START--
INFO: Run Behavior\BuildLiteBehavior [ RunTime:0.000000s ]
INFO: [ app_init ] --END-- [ RunTime:0.001000s ]
NOTIC: [8] Undefined index: cus_id D:\phpStudy\WWW\fenxiao\Application\My\HwxController.class.php 第 33 行.

[2018-09-12 14:44:37] 127.0.0.1 /Home/Index/index
INFO: [ app_init ] --START--
INFO: Run Behavior\BuildLiteBehavior [ RunTime:0.000000s ]
INFO: [ app_init ] --END-- [ RunTime:0.000000s ]
NOTIC: [8] Undefined index: id D:\phpStudy\WWW\fenxiao\Application\My\HwxController.class.php 第 33 行.

[2018-09-12 14:44:39] 127.0.0.1 /Home/Login/sign
INFO: [ app_init ] --START--
INFO: Run Behavior\BuildLiteBehavior [ RunTime:0.000000s ]
INFO: [ app_init ] --END-- [ RunTime:0.000000s ]

[2018-09-12 14:44:42] 127.0.0.1 /Home/Login/login
INFO: [ app_init ] --START--
INFO: Run Behavior\BuildLiteBehavior [ RunTime:0.000000s ]
INFO: [ app_init ] --END-- [ RunTime:0.000000s ]
SQL: SHOW COLUMNS FROM `self_cus_detailed` [ RunTime:0.0040s ]
SQL: SHOW COLUMNS FROM `self_cus_base` [ RunTime:0.0030s ]
SQL: SELECT `id`,`pass` FROM `self_cus_base` WHERE `phone` = '12345612345' AND `is_del` = 0 LIMIT 1   [ RunTime:0.0000s ]

[2018-09-12 14:44:42] 127.0.0.1 /Home/Index/index
INFO: [ app_init ] --START--
INFO: Run Behavior\BuildLiteBehavior [ RunTime:0.000000s ]
INFO: [ app_init ] --END-- [ RunTime:0.000000s ]
NOTIC: [8] Undefined index: id D:\phpStudy\WWW\fenxiao\Application\My\HwxController.class.php 第 33 行.

[2018-09-12 14:45:10] 127.0.0.1 /Home/Index/index
INFO: [ app_init ] --START--
INFO: Run Behavior\BuildLiteBehavior [ RunTime:0.000000s ]
INFO: [ app_init ] --END-- [ RunTime:0.000000s ]

[2018-09-12 14:45:50] 127.0.0.1 /Home/Index/index
INFO: [ app_init ] --START--
INFO: Run Behavior\BuildLiteBehavior [ RunTime:0.000000s ]
INFO: [ app_init ] --END-- [ RunTime:0.001000s ]

[2018-09-12 14:45:53] 127.0.0.1 /Home/Index/index
INFO: [ app_init ] --START--
INFO: Run Behavior\BuildLiteBehavior [ RunTime:0.000000s ]
INFO: [ app_init ] --END-- [ RunTime:0.001000s ]

[2018-09-12 14:46:07] 127.0.0.1 /Home/Index/index
INFO: [ app_init ] --START--
INFO: Run Behavior\BuildLiteBehavior [ RunTime:0.000000s ]
INFO: [ app_init ] --END-- [ RunTime:0.001000s ]
NOTIC: [8] Undefined index: cus_id D:\phpStudy\WWW\fenxiao\Application\My\HwxController.class.php 第 33 行.

[2018-09-12 14:46:51] 127.0.0.1 /Home/Index/index
INFO: [ app_init ] --START--
INFO: Run Behavior\BuildLiteBehavior [ RunTime:0.000000s ]
INFO: [ app_init ] --END-- [ RunTime:0.001000s ]

[2018-09-12 14:47:47] 127.0.0.1 /Home/Index/index
INFO: [ app_init ] --START--
INFO: Run Behavior\BuildLiteBehavior [ RunTime:0.000000s ]
INFO: [ app_init ] --END-- [ RunTime:0.000000s ]
NOTIC: [8] Undefined index: cus_id D:\phpStudy\WWW\fenxiao\Application\My\HwxController.class.php 第 34 行.
SQL: SHOW COLUMNS FROM `self_cus_detailed` [ RunTime:0.0040s ]
SQL: SHOW COLUMNS FROM `self_cus_info` [ RunTime:0.0030s ]
SQL: SELECT COUNT(*) AS tp_count FROM `self_cus_info` WHERE `cid` = 5 AND `is_read` = 1 LIMIT 1   [ RunTime:0.0010s ]
SQL: SELECT `money`,`n`,`headimg` FROM `self_cus_detailed` WHERE `id` = 5 LIMIT 1   [ RunTime:0.0000s ]

[2018-09-12 14:48:05] 127.0.0.1 /Home/Index/index
INFO: [ app_init ] --START--
INFO: Run Behavior\BuildLiteBehavior [ RunTime:0.000000s ]
INFO: [ app_init ] --END-- [ RunTime:0.000000s ]
SQL: SHOW COLUMNS FROM `self_cus_detailed` [ RunTime:0.0040s ]
SQL: SHOW COLUMNS FROM `self_cus_info` [ RunTime:0.0030s ]
SQL: SELECT COUNT(*) AS tp_count FROM `self_cus_info` WHERE `cid` = 5 AND `is_read` = 1 LIMIT 1   [ RunTime:0.0010s ]
SQL: SELECT `money`,`n`,`headimg` FROM `self_cus_detailed` WHERE `id` = 5 LIMIT 1   [ RunTime:0.0000s ]

[2018-09-12 14:49:49] 127.0.0.1 /Home/Index/index
INFO: [ app_init ] --START--
INFO: Run Behavior\BuildLiteBehavior [ RunTime:0.000000s ]
INFO: [ app_init ] --END-- [ RunTime:0.001000s ]
SQL: SHOW COLUMNS FROM `self_cus_detailed` [ RunTime:0.0040s ]
SQL: SHOW COLUMNS FROM `self_cus_info` [ RunTime:0.0040s ]
SQL: SELECT COUNT(*) AS tp_count FROM `self_cus_info` WHERE `cid` = 5 AND `is_read` = 1 LIMIT 1   [ RunTime:0.0000s ]
SQL: SELECT `money`,`n`,`headimg` FROM `self_cus_detailed` WHERE `id` = 5 LIMIT 1   [ RunTime:0.0010s ]

[2018-09-12 14:49:59] 127.0.0.1 /Home/Index/index
INFO: [ app_init ] --START--
INFO: Run Behavior\BuildLiteBehavior [ RunTime:0.000000s ]
INFO: [ app_init ] --END-- [ RunTime:0.000000s ]
SQL: SHOW COLUMNS FROM `self_cus_detailed` [ RunTime:0.0040s ]
SQL: SHOW COLUMNS FROM `self_cus_info` [ RunTime:0.0030s ]
SQL: SELECT COUNT(*) AS tp_count FROM `self_cus_info` WHERE `cid` = 5 AND `is_read` = 1 LIMIT 1   [ RunTime:0.0010s ]
SQL: SELECT `money`,`n`,`headimg` FROM `self_cus_detailed` WHERE `id` = 5 LIMIT 1   [ RunTime:0.0000s ]

[2018-09-12 14:51:05] 127.0.0.1 /Home/Index/index
INFO: [ app_init ] --START--
INFO: Run Behavior\BuildLiteBehavior [ RunTime:0.000000s ]
INFO: [ app_init ] --END-- [ RunTime:0.000000s ]
SQL: SHOW COLUMNS FROM `self_cus_detailed` [ RunTime:0.0040s ]
SQL: SHOW COLUMNS FROM `self_cus_info` [ RunTime:0.0030s ]
SQL: SELECT COUNT(*) AS tp_count FROM `self_cus_info` WHERE `cid` = 5 AND `is_read` = 1 LIMIT 1   [ RunTime:0.0000s ]
SQL: SELECT `money`,`n`,`headimg` FROM `self_cus_detailed` WHERE `id` = 5 LIMIT 1   [ RunTime:0.0000s ]

[2018-09-12 14:51:07] 127.0.0.1 /Home/Line/index
INFO: [ app_init ] --START--
INFO: Run Behavior\BuildLiteBehavior [ RunTime:0.000000s ]
INFO: [ app_init ] --END-- [ RunTime:0.000000s ]
SQL: SHOW COLUMNS FROM `self_cus_detailed` [ RunTime:0.0040s ]
SQL: SHOW COLUMNS FROM `self_cus_info` [ RunTime:0.0030s ]
SQL: SELECT COUNT(*) AS tp_count FROM `self_cus_info` WHERE `cid` = 5 AND `is_read` = 1 LIMIT 1   [ RunTime:0.0010s ]
SQL: SHOW COLUMNS FROM `self_cus_downline` [ RunTime:0.0030s ]
SQL: SELECT COUNT(*) AS tp_count FROM `self_cus_downline` WHERE `tid` = '5' LIMIT 1   [ RunTime:0.0000s ]
SQL: SELECT `n`,`state`,`id` FROM `self_cus_downline` WHERE `tid` = '5' ORDER BY t desc LIMIT 0,10   [ RunTime:0.0000s ]

[2018-09-12 14:51:09] 127.0.0.1 /Home/Index/index
INFO: [ app_init ] --START--
INFO: Run Behavior\BuildLiteBehavior [ RunTime:0.000000s ]
INFO: [ app_init ] --END-- [ RunTime:0.000000s ]
SQL: SHOW COLUMNS FROM `self_cus_detailed` [ RunTime:0.0040s ]
SQL: SHOW COLUMNS FROM `self_cus_info` [ RunTime:0.0030s ]
SQL: SELECT COUNT(*) AS tp_count FROM `self_cus_info` WHERE `cid` = 5 AND `is_read` = 1 LIMIT 1   [ RunTime:0.0000s ]
SQL: SELECT `money`,`n`,`headimg` FROM `self_cus_detailed` WHERE `id` = 5 LIMIT 1   [ RunTime:0.0000s ]

[2018-09-12 14:53:12] 127.0.0.1 /Home/Index/index
INFO: [ app_init ] --START--
INFO: Run Behavior\BuildLiteBehavior [ RunTime:0.000000s ]
INFO: [ app_init ] --END-- [ RunTime:0.001000s ]
SQL: SHOW COLUMNS FROM `self_cus_detailed` [ RunTime:0.0040s ]
SQL: SHOW COLUMNS FROM `self_cus_info` [ RunTime:0.0040s ]
SQL: SELECT COUNT(*) AS tp_count FROM `self_cus_info` WHERE `cid` = 5 AND `is_read` = 1 LIMIT 1   [ RunTime:0.0000s ]
SQL: SELECT `money`,`n`,`headimg` FROM `self_cus_detailed` WHERE `id` = 5 LIMIT 1   [ RunTime:0.0010s ]

[2018-09-12 14:53:31] 127.0.0.1 /Home/Index/index
INFO: [ app_init ] --START--
INFO: Run Behavior\BuildLiteBehavior [ RunTime:0.000000s ]
INFO: [ app_init ] --END-- [ RunTime:0.000000s ]
SQL: SHOW COLUMNS FROM `self_cus_detailed` [ RunTime:0.0040s ]
SQL: SHOW COLUMNS FROM `self_cus_info` [ RunTime:0.0040s ]
SQL: SELECT COUNT(*) AS tp_count FROM `self_cus_info` WHERE `cid` = 5 AND `is_read` = 1 LIMIT 1   [ RunTime:0.0000s ]
SQL: SELECT `money`,`n`,`headimg` FROM `self_cus_detailed` WHERE `id` = 5 LIMIT 1   [ RunTime:0.0000s ]

[2018-09-12 15:08:14] 127.0.0.1 /Home/Line/add
INFO: [ app_init ] --START--
INFO: Run Behavior\BuildLiteBehavior [ RunTime:0.000000s ]
INFO: [ app_init ] --END-- [ RunTime:0.000000s ]
NOTIC: [8] Undefined variable: user_info2 D:\phpStudy\WWW\fenxiao\Application\My\HwxController.class.php 第 46 行.

[2018-09-12 15:08:14] 127.0.0.1 /Home/Login/sign
INFO: [ app_init ] --START--
INFO: Run Behavior\BuildLiteBehavior [ RunTime:0.000000s ]
INFO: [ app_init ] --END-- [ RunTime:0.000000s ]

[2018-09-12 15:08:16] 127.0.0.1 /Home/Login/sign
INFO: [ app_init ] --START--
INFO: Run Behavior\BuildLiteBehavior [ RunTime:0.000000s ]
INFO: [ app_init ] --END-- [ RunTime:0.001000s ]

[2018-09-12 15:08:21] 127.0.0.1 /Home/Login/login
INFO: [ app_init ] --START--
INFO: Run Behavior\BuildLiteBehavior [ RunTime:0.000000s ]
INFO: [ app_init ] --END-- [ RunTime:0.000000s ]
SQL: SHOW COLUMNS FROM `self_cus_detailed` [ RunTime:0.0040s ]
SQL: SHOW COLUMNS FROM `self_cus_base` [ RunTime:0.0030s ]
SQL: SELECT `id`,`pass` FROM `self_cus_base` WHERE `phone` = '12345612345' AND `is_del` = 0 LIMIT 1   [ RunTime:0.0000s ]
NOTIC: [8] Undefined variable: user_info2 D:\phpStudy\WWW\fenxiao\Application\Home\Controller\LoginController.class.php 第 63 行.

[2018-09-12 15:08:21] 127.0.0.1 /Home/Index/index
INFO: [ app_init ] --START--
INFO: Run Behavior\BuildLiteBehavior [ RunTime:0.000000s ]
INFO: [ app_init ] --END-- [ RunTime:0.001000s ]
NOTIC: [8] Undefined variable: user_info2 D:\phpStudy\WWW\fenxiao\Application\My\HwxController.class.php 第 46 行.
SQL: SHOW COLUMNS FROM `self_cus_detailed` [ RunTime:0.0030s ]
SQL: SHOW COLUMNS FROM `self_cus_info` [ RunTime:0.0030s ]
SQL: SELECT COUNT(*) AS tp_count FROM `self_cus_info` WHERE `cid` = 5 AND `is_read` = 1 LIMIT 1   [ RunTime:0.0010s ]
SQL: SELECT `money`,`n`,`headimg` FROM `self_cus_detailed` WHERE `id` = 5 LIMIT 1   [ RunTime:0.0000s ]

[2018-09-12 15:08:23] 127.0.0.1 /Home/Line/index
INFO: [ app_init ] --START--
INFO: Run Behavior\BuildLiteBehavior [ RunTime:0.000000s ]
INFO: [ app_init ] --END-- [ RunTime:0.001000s ]
NOTIC: [8] Undefined variable: user_info2 D:\phpStudy\WWW\fenxiao\Application\My\HwxController.class.php 第 46 行.
SQL: SHOW COLUMNS FROM `self_cus_detailed` [ RunTime:0.0040s ]
SQL: SHOW COLUMNS FROM `self_cus_info` [ RunTime:0.0040s ]
SQL: SELECT COUNT(*) AS tp_count FROM `self_cus_info` WHERE `cid` = 5 AND `is_read` = 1 LIMIT 1   [ RunTime:0.0010s ]
SQL: SHOW COLUMNS FROM `self_cus_downline` [ RunTime:0.0040s ]
SQL: SELECT COUNT(*) AS tp_count FROM `self_cus_downline` WHERE `tid` = '5' LIMIT 1   [ RunTime:0.0000s ]
SQL: SELECT `n`,`state`,`id` FROM `self_cus_downline` WHERE `tid` = '5' ORDER BY t desc LIMIT 0,10   [ RunTime:0.0000s ]

[2018-09-12 15:08:25] 127.0.0.1 /Home/Line/add
INFO: [ app_init ] --START--
INFO: Run Behavior\BuildLiteBehavior [ RunTime:0.000000s ]
INFO: [ app_init ] --END-- [ RunTime:0.001000s ]
NOTIC: [8] Undefined variable: user_info2 D:\phpStudy\WWW\fenxiao\Application\My\HwxController.class.php 第 46 行.
SQL: SHOW COLUMNS FROM `self_cus_detailed` [ RunTime:0.0040s ]
SQL: SHOW COLUMNS FROM `self_cus_info` [ RunTime:0.0040s ]
SQL: SELECT COUNT(*) AS tp_count FROM `self_cus_info` WHERE `cid` = 5 AND `is_read` = 1 LIMIT 1   [ RunTime:0.0000s ]

[2018-09-12 15:08:48] 127.0.0.1 /Home/Line/execAdd
INFO: [ app_init ] --START--
INFO: Run Behavior\BuildLiteBehavior [ RunTime:0.000000s ]
INFO: [ app_init ] --END-- [ RunTime:0.001000s ]
NOTIC: [8] Undefined variable: user_info2 D:\phpStudy\WWW\fenxiao\Application\My\HwxController.class.php 第 46 行.
SQL: SHOW COLUMNS FROM `self_cus_detailed` [ RunTime:0.0040s ]
SQL: SHOW COLUMNS FROM `self_cus_info` [ RunTime:0.0030s ]
SQL: SELECT COUNT(*) AS tp_count FROM `self_cus_info` WHERE `cid` = 5 AND `is_read` = 1 LIMIT 1   [ RunTime:0.0000s ]
SQL: SHOW COLUMNS FROM `self_cus_downline` [ RunTime:0.0030s ]
NOTIC: [8] Undefined index: validate D:\phpStudy\WWW\fenxiao\ThinkPHP\Library\Think\Model.class.php 第 1192 行.
SQL: SELECT * FROM `self_cus_downline` WHERE `phone` = '12345612121' LIMIT 1   [ RunTime:0.0000s ]
NOTIC: [8] Undefined index: auto D:\phpStudy\WWW\fenxiao\ThinkPHP\Library\Think\Model.class.php 第 1130 行.
NOTIC: [8] Undefined index: validate D:\phpStudy\WWW\fenxiao\ThinkPHP\Library\Think\Model.class.php 第 1192 行.
SQL: SELECT * FROM `self_cus_downline` WHERE `phone` = '12345612121' LIMIT 1   [ RunTime:0.0000s ]
NOTIC: [8] Undefined index: auto D:\phpStudy\WWW\fenxiao\ThinkPHP\Library\Think\Model.class.php 第 1130 行.
SQL: SELECT `cid` FROM `self_cus_detailed` WHERE `id` = 5 LIMIT 1   [ RunTime:0.0000s ]
SQL: INSERT INTO `self_cus_downline` (`phone`,`wx`,`n`,`age`,`sex`,`remarks`,`t`,`tid`,`cid`) VALUES ('12345612121','xcvfd','dfsd','0','女','    ','2018-09-12 15:08:48','5','2') [ RunTime:0.0180s ]
SQL: SHOW COLUMNS FROM `self_user_fj` [ RunTime:0.0050s ]
SQL: UPDATE `self_user_fj` SET `meg`=meg+1 WHERE ( id=00002 ) [ RunTime:0.0030s ]

[2018-09-12 15:08:49] 127.0.0.1 /Home/Line/index
INFO: [ app_init ] --START--
INFO: Run Behavior\BuildLiteBehavior [ RunTime:0.000000s ]
INFO: [ app_init ] --END-- [ RunTime:0.001000s ]
NOTIC: [8] Undefined variable: user_info2 D:\phpStudy\WWW\fenxiao\Application\My\HwxController.class.php 第 46 行.
SQL: SHOW COLUMNS FROM `self_cus_detailed` [ RunTime:0.0040s ]
SQL: SHOW COLUMNS FROM `self_cus_info` [ RunTime:0.0040s ]
SQL: SELECT COUNT(*) AS tp_count FROM `self_cus_info` WHERE `cid` = 5 AND `is_read` = 1 LIMIT 1   [ RunTime:0.0010s ]
SQL: SHOW COLUMNS FROM `self_cus_downline` [ RunTime:0.0030s ]
SQL: SELECT COUNT(*) AS tp_count FROM `self_cus_downline` WHERE `tid` = '5' LIMIT 1   [ RunTime:0.0010s ]
SQL: SELECT `n`,`state`,`id` FROM `self_cus_downline` WHERE `tid` = '5' ORDER BY t desc LIMIT 0,10   [ RunTime:0.0000s ]

[2018-09-12 15:08:55] 127.0.0.1 /Home/Line/update?id=4
INFO: [ app_init ] --START--
INFO: Run Behavior\BuildLiteBehavior [ RunTime:0.000000s ]
INFO: [ app_init ] --END-- [ RunTime:0.000000s ]
NOTIC: [8] Undefined variable: user_info2 D:\phpStudy\WWW\fenxiao\Application\My\HwxController.class.php 第 46 行.
SQL: SHOW COLUMNS FROM `self_cus_detailed` [ RunTime:0.0050s ]
SQL: SHOW COLUMNS FROM `self_cus_info` [ RunTime:0.0050s ]
SQL: SELECT COUNT(*) AS tp_count FROM `self_cus_info` WHERE `cid` = 5 AND `is_read` = 1 LIMIT 1   [ RunTime:0.0000s ]
SQL: SHOW COLUMNS FROM `self_cus_downline` [ RunTime:0.0050s ]
SQL: SELECT `phone`,`wx`,`n`,`age`,`sex`,`remarks`,`state` FROM `self_cus_downline` WHERE `tid` = 5 AND `id` = 4 LIMIT 1   [ RunTime:0.0000s ]

[2018-09-12 15:08:59] 127.0.0.1 /Home/Line/update?id=5
INFO: [ app_init ] --START--
INFO: Run Behavior\BuildLiteBehavior [ RunTime:0.000000s ]
INFO: [ app_init ] --END-- [ RunTime:0.000000s ]
NOTIC: [8] Undefined variable: user_info2 D:\phpStudy\WWW\fenxiao\Application\My\HwxController.class.php 第 46 行.
SQL: SHOW COLUMNS FROM `self_cus_detailed` [ RunTime:0.0050s ]
SQL: SHOW COLUMNS FROM `self_cus_info` [ RunTime:0.0040s ]
SQL: SELECT COUNT(*) AS tp_count FROM `self_cus_info` WHERE `cid` = 5 AND `is_read` = 1 LIMIT 1   [ RunTime:0.0010s ]
SQL: SHOW COLUMNS FROM `self_cus_downline` [ RunTime:0.0040s ]
SQL: SELECT `phone`,`wx`,`n`,`age`,`sex`,`remarks`,`state` FROM `self_cus_downline` WHERE `tid` = 5 AND `id` = 5 LIMIT 1   [ RunTime:0.0010s ]

[2018-09-12 15:09:03] 127.0.0.1 /Home/Line/execUate
INFO: [ app_init ] --START--
INFO: Run Behavior\BuildLiteBehavior [ RunTime:0.000000s ]
INFO: [ app_init ] --END-- [ RunTime:0.000000s ]
NOTIC: [8] Undefined variable: user_info2 D:\phpStudy\WWW\fenxiao\Application\My\HwxController.class.php 第 46 行.
SQL: SHOW COLUMNS FROM `self_cus_detailed` [ RunTime:0.0040s ]
SQL: SHOW COLUMNS FROM `self_cus_info` [ RunTime:0.0030s ]
SQL: SELECT COUNT(*) AS tp_count FROM `self_cus_info` WHERE `cid` = 5 AND `is_read` = 1 LIMIT 1   [ RunTime:0.0010s ]
SQL: SHOW COLUMNS FROM `self_cus_downline` [ RunTime:0.0050s ]
SQL: SELECT COUNT(*) AS tp_count FROM `self_cus_downline` WHERE `tid` = 5 AND `id` = 5 AND `state` = 1 LIMIT 1   [ RunTime:0.0010s ]
NOTIC: [8] Undefined index: validate D:\phpStudy\WWW\fenxiao\ThinkPHP\Library\Think\Model.class.php 第 1192 行.
NOTIC: [8] Undefined index: auto D:\phpStudy\WWW\fenxiao\ThinkPHP\Library\Think\Model.class.php 第 1130 行.
NOTIC: [8] Undefined index: validate D:\phpStudy\WWW\fenxiao\ThinkPHP\Library\Think\Model.class.php 第 1192 行.
NOTIC: [8] Undefined index: auto D:\phpStudy\WWW\fenxiao\ThinkPHP\Library\Think\Model.class.php 第 1130 行.
SQL: SELECT COUNT(*) AS tp_count FROM `self_cus_downline` WHERE `id` <> 5 AND `phone` = '12345612127' LIMIT 1   [ RunTime:0.0000s ]
SQL: UPDATE `self_cus_downline` SET `phone`='12345612127',`wx`='xcvfd',`n`='dfsd',`age`='0',`sex`='女',`remarks`='        ' WHERE ( id=5 ) [ RunTime:0.0180s ]

[2018-09-12 15:09:04] 127.0.0.1 /Home/Line/index
INFO: [ app_init ] --START--
INFO: Run Behavior\BuildLiteBehavior [ RunTime:0.000000s ]
INFO: [ app_init ] --END-- [ RunTime:0.000000s ]
NOTIC: [8] Undefined variable: user_info2 D:\phpStudy\WWW\fenxiao\Application\My\HwxController.class.php 第 46 行.
SQL: SHOW COLUMNS FROM `self_cus_detailed` [ RunTime:0.0040s ]
SQL: SHOW COLUMNS FROM `self_cus_info` [ RunTime:0.0030s ]
SQL: SELECT COUNT(*) AS tp_count FROM `self_cus_info` WHERE `cid` = 5 AND `is_read` = 1 LIMIT 1   [ RunTime:0.0010s ]
SQL: SHOW COLUMNS FROM `self_cus_downline` [ RunTime:0.0040s ]
SQL: SELECT COUNT(*) AS tp_count FROM `self_cus_downline` WHERE `tid` = '5' LIMIT 1   [ RunTime:0.0000s ]
SQL: SELECT `n`,`state`,`id` FROM `self_cus_downline` WHERE `tid` = '5' ORDER BY t desc LIMIT 0,10   [ RunTime:0.0010s ]

[2018-09-12 15:09:06] 127.0.0.1 /Home/Index/index
INFO: [ app_init ] --START--
INFO: Run Behavior\BuildLiteBehavior [ RunTime:0.000000s ]
INFO: [ app_init ] --END-- [ RunTime:0.001000s ]
NOTIC: [8] Undefined variable: user_info2 D:\phpStudy\WWW\fenxiao\Application\My\HwxController.class.php 第 46 行.
SQL: SHOW COLUMNS FROM `self_cus_detailed` [ RunTime:0.0040s ]
SQL: SHOW COLUMNS FROM `self_cus_info` [ RunTime:0.0030s ]
SQL: SELECT COUNT(*) AS tp_count FROM `self_cus_info` WHERE `cid` = 5 AND `is_read` = 1 LIMIT 1   [ RunTime:0.0000s ]
SQL: SELECT `money`,`n`,`headimg` FROM `self_cus_detailed` WHERE `id` = 5 LIMIT 1   [ RunTime:0.0010s ]

[2018-09-12 15:09:09] 127.0.0.1 /Home/Line/index
INFO: [ app_init ] --START--
INFO: Run Behavior\BuildLiteBehavior [ RunTime:0.000000s ]
INFO: [ app_init ] --END-- [ RunTime:0.000000s ]
NOTIC: [8] Undefined variable: user_info2 D:\phpStudy\WWW\fenxiao\Application\My\HwxController.class.php 第 46 行.
SQL: SHOW COLUMNS FROM `self_cus_detailed` [ RunTime:0.0050s ]
SQL: SHOW COLUMNS FROM `self_cus_info` [ RunTime:0.0050s ]
SQL: SELECT COUNT(*) AS tp_count FROM `self_cus_info` WHERE `cid` = 5 AND `is_read` = 1 LIMIT 1   [ RunTime:0.0010s ]
SQL: SHOW COLUMNS FROM `self_cus_downline` [ RunTime:0.0040s ]
SQL: SELECT COUNT(*) AS tp_count FROM `self_cus_downline` WHERE `tid` = '5' LIMIT 1   [ RunTime:0.0000s ]
SQL: SELECT `n`,`state`,`id` FROM `self_cus_downline` WHERE `tid` = '5' ORDER BY t desc LIMIT 0,10   [ RunTime:0.0000s ]

[2018-09-12 15:10:00] 127.0.0.1 /Home/Index/index
INFO: [ app_init ] --START--
INFO: Run Behavior\BuildLiteBehavior [ RunTime:0.000000s ]
INFO: [ app_init ] --END-- [ RunTime:0.000000s ]
NOTIC: [8] Undefined variable: user_info2 D:\phpStudy\WWW\fenxiao\Application\My\HwxController.class.php 第 46 行.
SQL: SHOW COLUMNS FROM `self_cus_detailed` [ RunTime:0.0040s ]
SQL: SHOW COLUMNS FROM `self_cus_info` [ RunTime:0.0030s ]
SQL: SELECT COUNT(*) AS tp_count FROM `self_cus_info` WHERE `cid` = 5 AND `is_read` = 1 LIMIT 1   [ RunTime:0.0010s ]
SQL: SELECT `money`,`n`,`headimg` FROM `self_cus_detailed` WHERE `id` = 5 LIMIT 1   [ RunTime:0.0000s ]

[2018-09-12 15:10:01] 127.0.0.1 /Home/Set/index
INFO: [ app_init ] --START--
INFO: Run Behavior\BuildLiteBehavior [ RunTime:0.000000s ]
INFO: [ app_init ] --END-- [ RunTime:0.000000s ]
NOTIC: [8] Undefined variable: user_info2 D:\phpStudy\WWW\fenxiao\Application\My\HwxController.class.php 第 46 行.
SQL: SHOW COLUMNS FROM `self_cus_detailed` [ RunTime:0.0040s ]
SQL: SHOW COLUMNS FROM `self_cus_info` [ RunTime:0.0040s ]
SQL: SELECT COUNT(*) AS tp_count FROM `self_cus_info` WHERE `cid` = 5 AND `is_read` = 1 LIMIT 1   [ RunTime:0.0000s ]

[2018-09-12 15:10:03] 127.0.0.1 /Home/Login/logout
INFO: [ app_init ] --START--
INFO: Run Behavior\BuildLiteBehavior [ RunTime:0.000000s ]
INFO: [ app_init ] --END-- [ RunTime:0.001000s ]

[2018-09-12 15:10:03] 127.0.0.1 /Home/Login/sign
INFO: [ app_init ] --START--
INFO: Run Behavior\BuildLiteBehavior [ RunTime:0.000000s ]
INFO: [ app_init ] --END-- [ RunTime:0.000000s ]

